#
# A fatal error has been detected by the Java Runtime Environment:
#
#  SIGSEGV (0xb) at pc=0x00007fff6496e34c, pid=5772, tid=0x0000000000005c03
#
# JRE version: Java(TM) SE Runtime Environment (8.0_181-b13) (build 1.8.0_181-b13)
# Java VM: Java HotSpot(TM) 64-Bit Server VM (25.181-b13 mixed mode bsd-amd64 compressed oops)
# Problematic frame:
# C  [libsystem_pthread.dylib+0x134c]  pthread_mutex_lock+0x0
#
# Failed to write core dump. Core dumps have been disabled. To enable core dumping, try "ulimit -c unlimited" before starting Java again
#
# If you would like to submit a bug report, please visit:
#   http://bugreport.java.com/bugreport/crash.jsp
# The crash happened outside the Java Virtual Machine in native code.
# See problematic frame for where to report the bug.
#

---------------  T H R E A D  ---------------

Current thread (0x00007ff2b863c800):  JavaThread "http-bio-8080-exec-9" daemon [_thread_in_native, id=23555, stack(0x00007000020c3000,0x00007000021c3000)]

siginfo: si_signo: 11 (SIGSEGV), si_code: 0 (unknown), si_addr: 0x0000000000000000

Registers:
RAX=0x00007ff2bac76070, RBX=0x00007ff2bac73af0, RCX=0x0000000000000000, RDX=0x00007ff2bac73af0
RSP=0x00007000021c1a68, RBP=0x00007000021c1a90, RSI=0x0000000000000000, RDI=0x6c69662059422052
R8 =0x00007ff2ba223f48, R9 =0xffffffff00000000, R10=0x000000010fd4e147, R11=0x000000010b6e8867
R12=0x0000000000000000, R13=0x0000000126139dc8, R14=0x00000001258a1290, R15=0x0000000000000000
RIP=0x00007fff6496e34c, EFLAGS=0x0000000000010202, ERR=0x0000000000000000
  TRAPNO=0x000000000000000d

Top of Stack: (sp=0x00007000021c1a68)
0x00007000021c1a68:   00000001257d78aa 00000001257cd98a
0x00007000021c1a78:   00007ff2bac73af0 00007000021c1b70
0x00007000021c1a88:   00007ff2b863c800 00007000021c1ab0
0x00007000021c1a98:   00000001257d79e6 0000000126139dc8
0x00007000021c1aa8:   00007000021c1b70 00007000021c1b38
0x00007000021c1ab8:   000000010fd4e173 00007000021c1b70
0x00007000021c1ac8:   00007ff2b863c800 00007000021c1b38
0x00007000021c1ad8:   000000010fd4df04 000000010fd4dec2
0x00007000021c1ae8:   0000000000000003 00000007a2171c38
0x00007000021c1af8:   00007000021c1ae8 0000000126139dc8
0x00007000021c1b08:   00007000021c1b70 000000012618b278
0x00007000021c1b18:   0000000000000000 0000000126139dc8
0x00007000021c1b28:   0000000000000000 00007000021c1b58
0x00007000021c1b38:   00007000021c1bb8 000000010fd3cd00
0x00007000021c1b48:   0000000000000000 000000010fd46d16
0x00007000021c1b58:   0000000000000000 00007ff2bac73af0
0x00007000021c1b68:   000000010fd3d040 00000007a2171c38
0x00007000021c1b78:   00007000021c1b78 00000001261b4b42
0x00007000021c1b88:   00007000021c1bd8 00000001261b8d78
0x00007000021c1b98:   0000000000000000 00000001261b4b78
0x00007000021c1ba8:   00007000021c1b58 00007000021c1bd0
0x00007000021c1bb8:   00007000021c1c20 000000010fd3cd00
0x00007000021c1bc8:   00000007a2171c38 0000000000000001
0x00007000021c1bd8:   00000007a21729c8 00007000021c1be0
0x00007000021c1be8:   00000001261b4c06 00007000021c1c38
0x00007000021c1bf8:   00000001261b8d78 0000000000000000
0x00007000021c1c08:   00000001261b4c30 00007000021c1bd0
0x00007000021c1c18:   00007000021c1c30 00007000021c1c80
0x00007000021c1c28:   000000010fd3cd45 00000007a333ff98
0x00007000021c1c38:   00000007a21729c8 00007000021c1c40
0x00007000021c1c48:   00000001253d03f1 00007000021c1cd0
0x00007000021c1c58:   00000001253d3ba8 0000000000000000 

Instructions: (pc=0x00007fff6496e34c)
0x00007fff6496e32c:   00 00 48 89 df e8 bc 7e 00 00 31 c9 48 85 c0 0f
0x00007fff6496e33c:   95 c1 89 0d c0 69 73 38 48 83 c4 08 5b 5d c3 90
0x00007fff6496e34c:   48 81 3f 5a 54 55 4d 75 6e 4c 8d 5f 27 49 83 e3
0x00007fff6496e35c:   f8 49 8b 0b f6 c1 02 75 5e 4c 8d 57 1f 49 83 e2 

Register to memory mapping:

RAX=0x00007ff2bac76070 is an unknown value
RBX=0x00007ff2bac73af0 is an unknown value
RCX=0x0000000000000000 is an unknown value
RDX=0x00007ff2bac73af0 is an unknown value
RSP=0x00007000021c1a68 is pointing into the stack for thread: 0x00007ff2b863c800
RBP=0x00007000021c1a90 is pointing into the stack for thread: 0x00007ff2b863c800
RSI=0x0000000000000000 is an unknown value
RDI=0x6c69662059422052 is an unknown value
R8 =0x00007ff2ba223f48 is an unknown value
R9 =0xffffffff00000000 is an unknown value
R10=0x000000010fd4e147 is at code_begin+1255 in an Interpreter codelet
method entry point (kind = native_synchronized)  [0x000000010fd4dc60, 0x000000010fd4e760]  2816 bytes
R11=0x000000010b6e8867: throw_unsatisfied_link_error+0 in /Library/Java/JavaVirtualMachines/jdk1.8.0_181.jdk/Contents/Home/jre/lib/server/libjvm.dylib at 0x000000010b200000
R12=0x0000000000000000 is an unknown value
R13={method} {0x0000000126139dc8} 'column_int' '(JI)I' in 'org/sqlite/core/NativeDB'
R14=0x00000001258a1290: Java_org_sqlite_core_NativeDB_clear_1progress_1handler+0xd2a76 in /private/var/folders/6s/t_70j0c900v0zmz1plggxxkr0000gn/T/sqlite-3.27.2.1-0f05a62e-2f6f-43e7-9360-547300931e30-libsqlitejdbc.jnilib at 0x00000001257cb000
R15=0x0000000000000000 is an unknown value


Stack: [0x00007000020c3000,0x00007000021c3000],  sp=0x00007000021c1a68,  free space=1018k
Native frames: (J=compiled Java code, j=interpreted, Vv=VM code, C=native code)
C  [libsystem_pthread.dylib+0x134c]  pthread_mutex_lock+0x0
C  [sqlite-3.27.2.1-0f05a62e-2f6f-43e7-9360-547300931e30-libsqlitejdbc.jnilib+0xc9e6]  Java_org_sqlite_core_NativeDB_clear_1progress_1handler+0x91cc
j  org.sqlite.core.NativeDB.column_int(JI)I+0
j  org.sqlite.jdbc3.JDBC3ResultSet.getInt(I)I+18
j  org.sqlite.jdbc3.JDBC3ResultSet.getInt(Ljava/lang/String;)I+6
j  utoronto.utsc.cs.cscc01.chatbot.FilesDatabaseAdmin.list()Ljava/util/List;+49
j  utoronto.utsc.cs.cscc01.chatbot.HandleFilesServlet.listUploadedFile(Ljavax/servlet/http/HttpServletRequest;Ljavax/servlet/http/HttpServletResponse;)V+4
j  utoronto.utsc.cs.cscc01.chatbot.HandleFilesServlet.doGet(Ljavax/servlet/http/HttpServletRequest;Ljavax/servlet/http/HttpServletResponse;)V+3
j  javax.servlet.http.HttpServlet.service(Ljavax/servlet/http/HttpServletRequest;Ljavax/servlet/http/HttpServletResponse;)V+35
j  javax.servlet.http.HttpServlet.service(Ljavax/servlet/ServletRequest;Ljavax/servlet/ServletResponse;)V+30
j  org.apache.catalina.core.ApplicationFilterChain.internalDoFilter(Ljavax/servlet/ServletRequest;Ljavax/servlet/ServletResponse;)V+446
j  org.apache.catalina.core.ApplicationFilterChain.doFilter(Ljavax/servlet/ServletRequest;Ljavax/servlet/ServletResponse;)V+101
j  org.apache.tomcat.websocket.server.WsFilter.doFilter(Ljavax/servlet/ServletRequest;Ljavax/servlet/ServletResponse;Ljavax/servlet/FilterChain;)V+11
j  org.apache.catalina.core.ApplicationFilterChain.internalDoFilter(Ljavax/servlet/ServletRequest;Ljavax/servlet/ServletResponse;)V+151
j  org.apache.catalina.core.ApplicationFilterChain.doFilter(Ljavax/servlet/ServletRequest;Ljavax/servlet/ServletResponse;)V+101
j  org.apache.catalina.core.StandardWrapperValve.invoke(Lorg/apache/catalina/connector/Request;Lorg/apache/catalina/connector/Response;)V+783
j  org.apache.catalina.core.StandardContextValve.invoke(Lorg/apache/catalina/connector/Request;Lorg/apache/catalina/connector/Response;)V+166
j  org.apache.catalina.authenticator.AuthenticatorBase.invoke(Lorg/apache/catalina/connector/Request;Lorg/apache/catalina/connector/Response;)V+449
j  org.apache.catalina.core.StandardHostValve.invoke(Lorg/apache/catalina/connector/Request;Lorg/apache/catalina/connector/Response;)V+148
j  org.apache.catalina.valves.ErrorReportValve.invoke(Lorg/apache/catalina/connector/Request;Lorg/apache/catalina/connector/Response;)V+6
j  org.apache.catalina.valves.AccessLogValve.invoke(Lorg/apache/catalina/connector/Request;Lorg/apache/catalina/connector/Response;)V+6
j  org.apache.catalina.core.StandardEngineValve.invoke(Lorg/apache/catalina/connector/Request;Lorg/apache/catalina/connector/Response;)V+71
j  org.apache.catalina.connector.CoyoteAdapter.service(Lorg/apache/coyote/Request;Lorg/apache/coyote/Response;)V+196
j  org.apache.coyote.http11.AbstractHttp11Processor.process(Lorg/apache/tomcat/util/net/SocketWrapper;)Lorg/apache/tomcat/util/net/AbstractEndpoint$Handler$SocketState;+640
j  org.apache.coyote.AbstractProtocol$AbstractConnectionHandler.process(Lorg/apache/tomcat/util/net/SocketWrapper;Lorg/apache/tomcat/util/net/SocketStatus;)Lorg/apache/tomcat/util/net/AbstractEndpoint$Handler$SocketState;+206
j  org.apache.tomcat.util.net.JIoEndpoint$SocketProcessor.run()V+130
j  java.util.concurrent.ThreadPoolExecutor.runWorker(Ljava/util/concurrent/ThreadPoolExecutor$Worker;)V+95
j  java.util.concurrent.ThreadPoolExecutor$Worker.run()V+5
j  java.lang.Thread.run()V+11
v  ~StubRoutines::call_stub
V  [libjvm.dylib+0x2efcba]  JavaCalls::call_helper(JavaValue*, methodHandle*, JavaCallArguments*, Thread*)+0x6ae
V  [libjvm.dylib+0x2f045e]  JavaCalls::call_virtual(JavaValue*, KlassHandle, Symbol*, Symbol*, JavaCallArguments*, Thread*)+0x164
V  [libjvm.dylib+0x2f060a]  JavaCalls::call_virtual(JavaValue*, Handle, KlassHandle, Symbol*, Symbol*, Thread*)+0x4a
V  [libjvm.dylib+0x34aef9]  thread_entry(JavaThread*, Thread*)+0x7c
V  [libjvm.dylib+0x56fa7f]  JavaThread::thread_main_inner()+0x9b
V  [libjvm.dylib+0x57117a]  JavaThread::run()+0x1c2
V  [libjvm.dylib+0x48e342]  java_start(Thread*)+0xf6
C  [libsystem_pthread.dylib+0x3661]  _pthread_body+0x154
C  [libsystem_pthread.dylib+0x350d]  _pthread_body+0x0
C  [libsystem_pthread.dylib+0x2bf9]  thread_start+0xd
C  0x0000000000000000

Java frames: (J=compiled Java code, j=interpreted, Vv=VM code)
j  org.sqlite.core.NativeDB.column_int(JI)I+0
j  org.sqlite.jdbc3.JDBC3ResultSet.getInt(I)I+18
j  org.sqlite.jdbc3.JDBC3ResultSet.getInt(Ljava/lang/String;)I+6
j  utoronto.utsc.cs.cscc01.chatbot.FilesDatabaseAdmin.list()Ljava/util/List;+49
j  utoronto.utsc.cs.cscc01.chatbot.HandleFilesServlet.listUploadedFile(Ljavax/servlet/http/HttpServletRequest;Ljavax/servlet/http/HttpServletResponse;)V+4
j  utoronto.utsc.cs.cscc01.chatbot.HandleFilesServlet.doGet(Ljavax/servlet/http/HttpServletRequest;Ljavax/servlet/http/HttpServletResponse;)V+3
j  javax.servlet.http.HttpServlet.service(Ljavax/servlet/http/HttpServletRequest;Ljavax/servlet/http/HttpServletResponse;)V+35
j  javax.servlet.http.HttpServlet.service(Ljavax/servlet/ServletRequest;Ljavax/servlet/ServletResponse;)V+30
j  org.apache.catalina.core.ApplicationFilterChain.internalDoFilter(Ljavax/servlet/ServletRequest;Ljavax/servlet/ServletResponse;)V+446
j  org.apache.catalina.core.ApplicationFilterChain.doFilter(Ljavax/servlet/ServletRequest;Ljavax/servlet/ServletResponse;)V+101
j  org.apache.tomcat.websocket.server.WsFilter.doFilter(Ljavax/servlet/ServletRequest;Ljavax/servlet/ServletResponse;Ljavax/servlet/FilterChain;)V+11
j  org.apache.catalina.core.ApplicationFilterChain.internalDoFilter(Ljavax/servlet/ServletRequest;Ljavax/servlet/ServletResponse;)V+151
j  org.apache.catalina.core.ApplicationFilterChain.doFilter(Ljavax/servlet/ServletRequest;Ljavax/servlet/ServletResponse;)V+101
j  org.apache.catalina.core.StandardWrapperValve.invoke(Lorg/apache/catalina/connector/Request;Lorg/apache/catalina/connector/Response;)V+783
j  org.apache.catalina.core.StandardContextValve.invoke(Lorg/apache/catalina/connector/Request;Lorg/apache/catalina/connector/Response;)V+166
j  org.apache.catalina.authenticator.AuthenticatorBase.invoke(Lorg/apache/catalina/connector/Request;Lorg/apache/catalina/connector/Response;)V+449
j  org.apache.catalina.core.StandardHostValve.invoke(Lorg/apache/catalina/connector/Request;Lorg/apache/catalina/connector/Response;)V+148
j  org.apache.catalina.valves.ErrorReportValve.invoke(Lorg/apache/catalina/connector/Request;Lorg/apache/catalina/connector/Response;)V+6
j  org.apache.catalina.valves.AccessLogValve.invoke(Lorg/apache/catalina/connector/Request;Lorg/apache/catalina/connector/Response;)V+6
j  org.apache.catalina.core.StandardEngineValve.invoke(Lorg/apache/catalina/connector/Request;Lorg/apache/catalina/connector/Response;)V+71
j  org.apache.catalina.connector.CoyoteAdapter.service(Lorg/apache/coyote/Request;Lorg/apache/coyote/Response;)V+196
j  org.apache.coyote.http11.AbstractHttp11Processor.process(Lorg/apache/tomcat/util/net/SocketWrapper;)Lorg/apache/tomcat/util/net/AbstractEndpoint$Handler$SocketState;+640
j  org.apache.coyote.AbstractProtocol$AbstractConnectionHandler.process(Lorg/apache/tomcat/util/net/SocketWrapper;Lorg/apache/tomcat/util/net/SocketStatus;)Lorg/apache/tomcat/util/net/AbstractEndpoint$Handler$SocketState;+206
j  org.apache.tomcat.util.net.JIoEndpoint$SocketProcessor.run()V+130
j  java.util.concurrent.ThreadPoolExecutor.runWorker(Ljava/util/concurrent/ThreadPoolExecutor$Worker;)V+95
j  java.util.concurrent.ThreadPoolExecutor$Worker.run()V+5
j  java.lang.Thread.run()V+11
v  ~StubRoutines::call_stub

---------------  P R O C E S S  ---------------

Java Threads: ( => current thread )
  0x00007ff2bcae6000 JavaThread "http-bio-8080-exec-10" daemon [_thread_blocked, id=41475, stack(0x00007000021c6000,0x00007000022c6000)]
=>0x00007ff2b863c800 JavaThread "http-bio-8080-exec-9" daemon [_thread_in_native, id=23555, stack(0x00007000020c3000,0x00007000021c3000)]
  0x00007ff2bd3bd800 JavaThread "http-bio-8080-exec-8" daemon [_thread_blocked, id=23299, stack(0x0000700001fc0000,0x00007000020c0000)]
  0x00007ff2bc96d000 JavaThread "http-bio-8080-exec-7" daemon [_thread_blocked, id=22787, stack(0x0000700001ebd000,0x0000700001fbd000)]
  0x00007ff2b9a30000 JavaThread "http-bio-8080-exec-6" daemon [_thread_blocked, id=42243, stack(0x0000700001dba000,0x0000700001eba000)]
  0x00007ff2bd037000 JavaThread "http-bio-8080-exec-5" daemon [_thread_in_native, id=22275, stack(0x0000700001cb7000,0x0000700001db7000)]
  0x00007ff2be56c000 JavaThread "http-bio-8080-exec-4" daemon [_thread_in_native, id=42755, stack(0x0000700001bb4000,0x0000700001cb4000)]
  0x00007ff2bd0ba000 JavaThread "http-bio-8080-exec-3" daemon [_thread_blocked, id=22019, stack(0x0000700001ab1000,0x0000700001bb1000)]
  0x00007ff2bd11a000 JavaThread "http-bio-8080-exec-2" daemon [_thread_in_native, id=19743, stack(0x00007000015a2000,0x00007000016a2000)]
  0x00007ff2be3c6800 JavaThread "http-bio-8080-exec-1" daemon [_thread_blocked, id=3355, stack(0x000070000149f000,0x000070000159f000)]
  0x00007ff2bb4f0800 JavaThread "http-bio-8080-AsyncTimeout" daemon [_thread_blocked, id=21763, stack(0x00007000019ae000,0x0000700001aae000)]
  0x00007ff2bb66b000 JavaThread "http-bio-8080-Acceptor-0" daemon [_thread_in_native, id=16131, stack(0x00007000018ab000,0x00007000019ab000)]
  0x00007ff2b8fcd000 JavaThread "ContainerBackgroundProcessor[StandardEngine[Tomcat]]" daemon [_thread_blocked, id=15619, stack(0x00007000017a8000,0x00007000018a8000)]
  0x00007ff2bc4a2800 JavaThread "Thread-3" daemon [_thread_in_native, id=15107, stack(0x00007000016a5000,0x00007000017a5000)]
  0x00007ff2bb8ef000 JavaThread "process reaper" daemon [_thread_blocked, id=3079, stack(0x00007000004ec000,0x0000700000514000)]
  0x00007ff2b8831000 JavaThread "Service Thread" daemon [_thread_blocked, id=16899, stack(0x0000700001299000,0x0000700001399000)]
  0x00007ff2b882e800 JavaThread "C1 CompilerThread2" daemon [_thread_blocked, id=13827, stack(0x0000700001196000,0x0000700001296000)]
  0x00007ff2b882d800 JavaThread "C2 CompilerThread1" daemon [_thread_in_native, id=17411, stack(0x0000700001093000,0x0000700001193000)]
  0x00007ff2b902b000 JavaThread "C2 CompilerThread0" daemon [_thread_in_native, id=13315, stack(0x0000700000f90000,0x0000700001090000)]
  0x00007ff2b801e000 JavaThread "Signal Dispatcher" daemon [_thread_blocked, id=18179, stack(0x0000700000e8d000,0x0000700000f8d000)]
  0x00007ff2b8002800 JavaThread "Finalizer" daemon [_thread_blocked, id=11523, stack(0x0000700000d8a000,0x0000700000e8a000)]
  0x00007ff2b885d000 JavaThread "Reference Handler" daemon [_thread_blocked, id=20483, stack(0x0000700000c87000,0x0000700000d87000)]
  0x00007ff2b9008000 JavaThread "main" [_thread_blocked, id=6659, stack(0x0000700000675000,0x0000700000775000)]

Other Threads:
  0x00007ff2b8856000 VMThread [stack: 0x0000700000b84000,0x0000700000c84000] [id=11267]
  0x00007ff2b8864800 WatcherThread [stack: 0x000070000139c000,0x000070000149c000] [id=14339]

VM state:not at safepoint (normal execution)

VM Mutex/Monitor currently owned by a thread: None

Heap:
 PSYoungGen      total 243712K, used 231329K [0x0000000795580000, 0x00000007b4c80000, 0x00000007c0000000)
  eden space 241664K, 95% used [0x0000000795580000,0x00000007a37687b8,0x00000007a4180000)
  from space 2048K, 0% used [0x00000007a6200000,0x00000007a6200000,0x00000007a6400000)
  to   space 33280K, 0% used [0x00000007a4180000,0x00000007a4180000,0x00000007a6200000)
 ParOldGen       total 142848K, used 57366K [0x0000000740000000, 0x0000000748b80000, 0x0000000795580000)
  object space 142848K, 40% used [0x0000000740000000,0x0000000743805918,0x0000000748b80000)
 Metaspace       used 38868K, capacity 39630K, committed 39936K, reserved 1085440K
  class space    used 4535K, capacity 4823K, committed 4864K, reserved 1048576K

Card table byte_map: [0x000000010c5b4000,0x000000010c9b5000] byte_map_base: 0x0000000108bb4000

Marking Bits: (ParMarkBitMap*) 0x000000010baf9cd0
 Begin Bits: [0x000000011ed35000, 0x0000000120d35000)
 End Bits:   [0x0000000120d35000, 0x0000000122d35000)

Polling page: 0x000000010a9cb000

CodeCache: size=245760Kb used=16523Kb max_used=17360Kb free=229237Kb
 bounds [0x000000010fd35000, 0x0000000110e95000, 0x000000011ed35000]
 total_blobs=5569 nmethods=5106 adapters=376
 compilation: enabled

Compilation events (10 events):
Event: 75.564 Thread 0x00007ff2b882e800 6345       3       org.apache.catalina.valves.AccessLogValve$StringElement::addElement (10 bytes)
Event: 75.564 Thread 0x00007ff2b882e800 nmethod 6345 0x000000011068f310 code [0x000000011068f480, 0x000000011068f708]
Event: 75.572 Thread 0x00007ff2b882e800 6346       3       org.apache.catalina.connector.Request::getAttribute (229 bytes)
Event: 75.574 Thread 0x00007ff2b882e800 nmethod 6346 0x000000010fea1890 code [0x000000010fea1be0, 0x000000010fea3688]
Event: 75.574 Thread 0x00007ff2b882e800 6347       3       java.util.concurrent.locks.ReentrantReadWriteLock$NonfairSync::readerShouldBlock (5 bytes)
Event: 75.574 Thread 0x00007ff2b882e800 nmethod 6347 0x000000010ff5ac90 code [0x000000010ff5ae00, 0x000000010ff5b008]
Event: 75.575 Thread 0x00007ff2b882e800 6348       3       java.util.concurrent.locks.AbstractQueuedSynchronizer::apparentlyFirstQueuedIsExclusive (38 bytes)
Event: 75.575 Thread 0x00007ff2b882e800 nmethod 6348 0x000000011068ecd0 code [0x000000011068ee40, 0x000000011068f210]
Event: 75.590 Thread 0x00007ff2b882e800 6349       3       java.lang.StringBuilder::append (6 bytes)
Event: 75.590 Thread 0x00007ff2b882e800 nmethod 6349 0x000000011058a510 code [0x000000011058a680, 0x000000011058a8e8]

GC Heap History (10 events):
Event: 36.679 GC heap before
{Heap before GC invocations=6 (full 0):
 PSYoungGen      total 138240K, used 104405K [0x0000000795580000, 0x00000007a6d80000, 0x00000007c0000000)
  eden space 133120K, 74% used [0x0000000795580000,0x000000079b6795e8,0x000000079d780000)
  from space 5120K, 99% used [0x000000079d780000,0x000000079dc7c010,0x000000079dc80000)
  to   space 10240K, 0% used [0x00000007a6380000,0x00000007a6380000,0x00000007a6d80000)
 ParOldGen       total 87552K, used 11293K [0x0000000740000000, 0x0000000745580000, 0x0000000795580000)
  object space 87552K, 12% used [0x0000000740000000,0x0000000740b077a8,0x0000000745580000)
 Metaspace       used 20621K, capacity 21186K, committed 21296K, reserved 1069056K
  class space    used 2443K, capacity 2647K, committed 2688K, reserved 1048576K
Event: 36.695 GC heap after
Heap after GC invocations=6 (full 0):
 PSYoungGen      total 138240K, used 10215K [0x0000000795580000, 0x00000007a6d80000, 0x00000007c0000000)
  eden space 128000K, 0% used [0x0000000795580000,0x0000000795580000,0x000000079d280000)
  from space 10240K, 99% used [0x00000007a6380000,0x00000007a6d79f80,0x00000007a6d80000)
  to   space 11776K, 0% used [0x00000007a5680000,0x00000007a5680000,0x00000007a6200000)
 ParOldGen       total 87552K, used 11665K [0x0000000740000000, 0x0000000745580000, 0x0000000795580000)
  object space 87552K, 13% used [0x0000000740000000,0x0000000740b645c0,0x0000000745580000)
 Metaspace       used 20621K, capacity 21186K, committed 21296K, reserved 1069056K
  class space    used 2443K, capacity 2647K, committed 2688K, reserved 1048576K
}
Event: 36.695 GC heap before
{Heap before GC invocations=7 (full 1):
 PSYoungGen      total 138240K, used 10215K [0x0000000795580000, 0x00000007a6d80000, 0x00000007c0000000)
  eden space 128000K, 0% used [0x0000000795580000,0x0000000795580000,0x000000079d280000)
  from space 10240K, 99% used [0x00000007a6380000,0x00000007a6d79f80,0x00000007a6d80000)
  to   space 11776K, 0% used [0x00000007a5680000,0x00000007a5680000,0x00000007a6200000)
 ParOldGen       total 87552K, used 11665K [0x0000000740000000, 0x0000000745580000, 0x0000000795580000)
  object space 87552K, 13% used [0x0000000740000000,0x0000000740b645c0,0x0000000745580000)
 Metaspace       used 20621K, capacity 21186K, committed 21296K, reserved 1069056K
  class space    used 2443K, capacity 2647K, committed 2688K, reserved 1048576K
Event: 36.769 GC heap after
Heap after GC invocations=7 (full 1):
 PSYoungGen      total 138240K, used 0K [0x0000000795580000, 0x00000007a6d80000, 0x00000007c0000000)
  eden space 128000K, 0% used [0x0000000795580000,0x0000000795580000,0x000000079d280000)
  from space 10240K, 0% used [0x00000007a6380000,0x00000007a6380000,0x00000007a6d80000)
  to   space 11776K, 0% used [0x00000007a5680000,0x00000007a5680000,0x00000007a6200000)
 ParOldGen       total 58368K, used 13727K [0x0000000740000000, 0x0000000743900000, 0x0000000795580000)
  object space 58368K, 23% used [0x0000000740000000,0x0000000740d67fc8,0x0000000743900000)
 Metaspace       used 20621K, capacity 21186K, committed 21296K, reserved 1069056K
  class space    used 2443K, capacity 2647K, committed 2688K, reserved 1048576K
}
Event: 39.051 GC heap before
{Heap before GC invocations=8 (full 1):
 PSYoungGen      total 138240K, used 128000K [0x0000000795580000, 0x00000007a6d80000, 0x00000007c0000000)
  eden space 128000K, 100% used [0x0000000795580000,0x000000079d280000,0x000000079d280000)
  from space 10240K, 0% used [0x00000007a6380000,0x00000007a6380000,0x00000007a6d80000)
  to   space 11776K, 0% used [0x00000007a5680000,0x00000007a5680000,0x00000007a6200000)
 ParOldGen       total 58368K, used 13727K [0x0000000740000000, 0x0000000743900000, 0x0000000795580000)
  object space 58368K, 23% used [0x0000000740000000,0x0000000740d67fc8,0x0000000743900000)
 Metaspace       used 32025K, capacity 32644K, committed 32768K, reserved 1077248K
  class space    used 3753K, capacity 3996K, committed 4096K, reserved 1048576K
Event: 39.074 GC heap after
Heap after GC invocations=8 (full 1):
 PSYoungGen      total 246272K, used 11755K [0x0000000795580000, 0x00000007a6400000, 0x00000007c0000000)
  eden space 234496K, 0% used [0x0000000795580000,0x0000000795580000,0x00000007a3a80000)
  from space 11776K, 99% used [0x00000007a5680000,0x00000007a61face0,0x00000007a6200000)
  to   space 2048K, 0% used [0x00000007a6200000,0x00000007a6200000,0x00000007a6400000)
 ParOldGen       total 58368K, used 22683K [0x0000000740000000, 0x0000000743900000, 0x0000000795580000)
  object space 58368K, 38% used [0x0000000740000000,0x0000000741626f30,0x0000000743900000)
 Metaspace       used 32025K, capacity 32644K, committed 32768K, reserved 1077248K
  class space    used 3753K, capacity 3996K, committed 4096K, reserved 1048576K
}
Event: 40.007 GC heap before
{Heap before GC invocations=9 (full 1):
 PSYoungGen      total 246272K, used 246251K [0x0000000795580000, 0x00000007a6400000, 0x00000007c0000000)
  eden space 234496K, 100% used [0x0000000795580000,0x00000007a3a80000,0x00000007a3a80000)
  from space 11776K, 99% used [0x00000007a5680000,0x00000007a61face0,0x00000007a6200000)
  to   space 2048K, 0% used [0x00000007a6200000,0x00000007a6200000,0x00000007a6400000)
 ParOldGen       total 58368K, used 22683K [0x0000000740000000, 0x0000000743900000, 0x0000000795580000)
  object space 58368K, 38% used [0x0000000740000000,0x0000000741626f30,0x0000000743900000)
 Metaspace       used 32100K, capacity 32772K, committed 33024K, reserved 1079296K
  class space    used 3755K, capacity 3996K, committed 4096K, reserved 1048576K
Event: 40.061 GC heap after
Heap after GC invocations=9 (full 1):
 PSYoungGen      total 243712K, used 2043K [0x0000000795580000, 0x00000007b4c80000, 0x00000007c0000000)
  eden space 241664K, 0% used [0x0000000795580000,0x0000000795580000,0x00000007a4180000)
  from space 2048K, 99% used [0x00000007a6200000,0x00000007a63fec00,0x00000007a6400000)
  to   space 33280K, 0% used [0x00000007a4180000,0x00000007a4180000,0x00000007a6200000)
 ParOldGen       total 69120K, used 68176K [0x0000000740000000, 0x0000000744380000, 0x0000000795580000)
  object space 69120K, 98% used [0x0000000740000000,0x00000007442943d0,0x0000000744380000)
 Metaspace       used 32100K, capacity 32772K, committed 33024K, reserved 1079296K
  class space    used 3755K, capacity 3996K, committed 4096K, reserved 1048576K
}
Event: 40.061 GC heap before
{Heap before GC invocations=10 (full 2):
 PSYoungGen      total 243712K, used 2043K [0x0000000795580000, 0x00000007b4c80000, 0x00000007c0000000)
  eden space 241664K, 0% used [0x0000000795580000,0x0000000795580000,0x00000007a4180000)
  from space 2048K, 99% used [0x00000007a6200000,0x00000007a63fec00,0x00000007a6400000)
  to   space 33280K, 0% used [0x00000007a4180000,0x00000007a4180000,0x00000007a6200000)
 ParOldGen       total 69120K, used 68176K [0x0000000740000000, 0x0000000744380000, 0x0000000795580000)
  object space 69120K, 98% used [0x0000000740000000,0x00000007442943d0,0x0000000744380000)
 Metaspace       used 32100K, capacity 32772K, committed 33024K, reserved 1079296K
  class space    used 3755K, capacity 3996K, committed 4096K, reserved 1048576K
Event: 40.195 GC heap after
Heap after GC invocations=10 (full 2):
 PSYoungGen      total 243712K, used 0K [0x0000000795580000, 0x00000007b4c80000, 0x00000007c0000000)
  eden space 241664K, 0% used [0x0000000795580000,0x0000000795580000,0x00000007a4180000)
  from space 2048K, 0% used [0x00000007a6200000,0x00000007a6200000,0x00000007a6400000)
  to   space 33280K, 0% used [0x00000007a4180000,0x00000007a4180000,0x00000007a6200000)
 ParOldGen       total 142848K, used 57366K [0x0000000740000000, 0x0000000748b80000, 0x0000000795580000)
  object space 142848K, 40% used [0x0000000740000000,0x0000000743805918,0x0000000748b80000)
 Metaspace       used 32100K, capacity 32772K, committed 33024K, reserved 1079296K
  class space    used 3755K, capacity 3996K, committed 4096K, reserved 1048576K
}

Deoptimization events (10 events):
Event: 74.442 Thread 0x00007ff2be56c000 Uncommon trap: reason=unstable_if action=reinterpret pc=0x0000000110252418 method=java.lang.StringCoding.encode(Ljava/lang/String;[CII)[B @ 51
Event: 74.442 Thread 0x00007ff2be56c000 Uncommon trap: reason=unstable_if action=reinterpret pc=0x000000011054cd2c method=java.io.ByteArrayInputStream.read()I @ 8
Event: 74.464 Thread 0x00007ff2be56c000 Uncommon trap: reason=class_check action=maybe_recompile pc=0x0000000110506f14 method=java.util.jar.JarFile.getJarEntry(Ljava/lang/String;)Ljava/util/jar/JarEntry; @ 2
Event: 74.464 Thread 0x00007ff2be56c000 Uncommon trap: reason=class_check action=maybe_recompile pc=0x0000000110506f14 method=java.util.jar.JarFile.getJarEntry(Ljava/lang/String;)Ljava/util/jar/JarEntry; @ 2
Event: 74.464 Thread 0x00007ff2be56c000 Uncommon trap: reason=class_check action=maybe_recompile pc=0x0000000110506f14 method=java.util.jar.JarFile.getJarEntry(Ljava/lang/String;)Ljava/util/jar/JarEntry; @ 2
Event: 74.557 Thread 0x00007ff2be56c000 Uncommon trap: reason=bimorphic action=maybe_recompile pc=0x0000000110453be4 method=java.util.regex.Pattern$7.isSatisfiedBy(I)Z @ 5
Event: 74.557 Thread 0x00007ff2be56c000 Uncommon trap: reason=bimorphic action=maybe_recompile pc=0x0000000110453be4 method=java.util.regex.Pattern$7.isSatisfiedBy(I)Z @ 5
Event: 74.557 Thread 0x00007ff2be56c000 Uncommon trap: reason=bimorphic action=maybe_recompile pc=0x0000000110453be4 method=java.util.regex.Pattern$7.isSatisfiedBy(I)Z @ 5
Event: 74.557 Thread 0x00007ff2be56c000 Uncommon trap: reason=bimorphic action=maybe_recompile pc=0x0000000110453be4 method=java.util.regex.Pattern$7.isSatisfiedBy(I)Z @ 5
Event: 74.598 Thread 0x00007ff2be56c000 Uncommon trap: reason=unstable_if action=reinterpret pc=0x00000001104cac78 method=org.sqlite.SQLiteJDBCLoader.contentsEquals(Ljava/io/InputStream;Ljava/io/InputStream;)Z @ 39

Classes redefined (0 events):
No events

Internal exceptions (10 events):
Event: 7.991 Thread 0x00007ff2b9008000 Exception <a 'java/lang/NoSuchFieldError': method resolution failed> (0x00000007967e6790) thrown at [/Users/java_re/workspace/8-2-build-macosx-x86_64/jdk8u181/11358/hotspot/src/share/vm/prims/methodHandles.cpp, line 1167]
Event: 36.555 Thread 0x00007ff2b9008000 Exception <a 'java/lang/ClassNotFoundException': com/sun/tools/javac/api/JavacTool> (0x000000079b117208) thrown at [/Users/java_re/workspace/8-2-build-macosx-x86_64/jdk8u181/11358/hotspot/src/share/vm/classfile/systemDictionary.cpp, line 210]
Event: 37.232 Thread 0x00007ff2b9008000 Exception <a 'java/io/FileNotFoundException'> (0x000000079662bfe0) thrown at [/Users/java_re/workspace/8-2-build-macosx-x86_64/jdk8u181/11358/hotspot/src/share/vm/prims/jni.cpp, line 709]
Event: 37.234 Thread 0x00007ff2b9008000 Exception <a 'java/io/FileNotFoundException'> (0x0000000796662028) thrown at [/Users/java_re/workspace/8-2-build-macosx-x86_64/jdk8u181/11358/hotspot/src/share/vm/prims/jni.cpp, line 709]
Event: 38.259 Thread 0x00007ff2b9008000 Exception <a 'java/io/FileNotFoundException'> (0x000000079a68a000) thrown at [/Users/java_re/workspace/8-2-build-macosx-x86_64/jdk8u181/11358/hotspot/src/share/vm/prims/jni.cpp, line 709]
Event: 38.790 Thread 0x00007ff2b9964000 Implicit null exception at 0x000000011058ffa6 to 0x0000000110591985
Event: 38.845 Thread 0x00007ff2b9964000 Implicit null exception at 0x000000010ff76775 to 0x000000010ff76b7d
Event: 38.845 Thread 0x00007ff2b9964000 Implicit null exception at 0x000000010ff43236 to 0x000000010ff435f5
Event: 40.817 Thread 0x00007ff2b9964000 Exception <a 'java/io/FileNotFoundException'> (0x000000079ff428b8) thrown at [/Users/java_re/workspace/8-2-build-macosx-x86_64/jdk8u181/11358/hotspot/src/share/vm/prims/jni.cpp, line 709]
Event: 74.322 Thread 0x00007ff2be56c000 Exception <a 'java/io/FileNotFoundException'> (0x00000007a1ac3340) thrown at [/Users/java_re/workspace/8-2-build-macosx-x86_64/jdk8u181/11358/hotspot/src/share/vm/prims/jni.cpp, line 709]

Events (10 events):
Event: 75.509 Thread 0x00007ff2b882e800 flushing nmethod 0x000000010ff74ed0
Event: 75.544 Executing VM operation: RevokeBias
Event: 75.544 Executing VM operation: RevokeBias done
Event: 75.545 Thread 0x00007ff2b882e800 flushing nmethod 0x00000001101c7f90
Event: 75.553 Executing VM operation: RevokeBias
Event: 75.554 Executing VM operation: RevokeBias done
Event: 75.562 Executing VM operation: RevokeBias
Event: 75.563 Executing VM operation: RevokeBias done
Event: 75.589 Executing VM operation: BulkRevokeBias
Event: 75.590 Executing VM operation: BulkRevokeBias done


Dynamic libraries:
0x00007fff3bef3000 	/System/Library/Frameworks/Cocoa.framework/Versions/A/Cocoa
0x00007fff48510000 	/System/Library/Frameworks/Security.framework/Versions/A/Security
0x00007fff3ab34000 	/System/Library/Frameworks/ApplicationServices.framework/Versions/A/ApplicationServices
0x00007fff64440000 	/usr/lib/libz.1.dylib
0x00007fff62371000 	/usr/lib/libSystem.B.dylib
0x00007fff63a2a000 	/usr/lib/libobjc.A.dylib
0x00007fff3c6a6000 	/System/Library/Frameworks/CoreFoundation.framework/Versions/A/CoreFoundation
0x00007fff3e809000 	/System/Library/Frameworks/Foundation.framework/Versions/C/Foundation
0x00007fff39c84000 	/System/Library/Frameworks/AppKit.framework/Versions/C/AppKit
0x00007fff3c26b000 	/System/Library/Frameworks/CoreData.framework/Versions/A/CoreData
0x00007fff5bc2a000 	/System/Library/PrivateFrameworks/RemoteViewServices.framework/Versions/A/RemoteViewServices
0x00007fff603a3000 	/System/Library/PrivateFrameworks/UIFoundation.framework/Versions/A/UIFoundation
0x00007fff50a26000 	/System/Library/PrivateFrameworks/DFRFoundation.framework/Versions/A/DFRFoundation
0x00007fff40e75000 	/System/Library/Frameworks/Metal.framework/Versions/A/Metal
0x00007fff50bc3000 	/System/Library/PrivateFrameworks/DesktopServicesPriv.framework/Versions/A/DesktopServicesPriv
0x00007fff62f77000 	/usr/lib/libenergytrace.dylib
0x00007fff5e40f000 	/System/Library/PrivateFrameworks/SkyLight.framework/Versions/A/SkyLight
0x00007fff3cb4a000 	/System/Library/Frameworks/CoreGraphics.framework/Versions/A/CoreGraphics
0x00007fff6236c000 	/usr/lib/libScreenReader.dylib
0x00007fff38c1e000 	/System/Library/Frameworks/Accelerate.framework/Versions/A/Accelerate
0x00007fff3ef83000 	/System/Library/Frameworks/IOSurface.framework/Versions/A/IOSurface
0x00007fff3b07e000 	/System/Library/Frameworks/AudioToolbox.framework/Versions/A/AudioToolbox
0x00007fff3b30e000 	/System/Library/Frameworks/AudioUnit.framework/Versions/A/AudioUnit
0x00007fff50abe000 	/System/Library/PrivateFrameworks/DataDetectorsCore.framework/Versions/A/DataDetectorsCore
0x00007fff3b9e6000 	/System/Library/Frameworks/Carbon.framework/Versions/A/Frameworks/HIToolbox.framework/Versions/A/HIToolbox
0x00007fff630d1000 	/usr/lib/libicucore.A.dylib
0x00007fff47a8d000 	/System/Library/Frameworks/QuartzCore.framework/Versions/A/QuartzCore
0x00007fff5d6b1000 	/System/Library/PrivateFrameworks/SignpostNotification.framework/Versions/A/SignpostNotification
0x00007fff3bdcc000 	/System/Library/Frameworks/Carbon.framework/Versions/A/Frameworks/SpeechRecognition.framework/Versions/A/SpeechRecognition
0x00007fff624cd000 	/usr/lib/libauto.dylib
0x00007fff6432f000 	/usr/lib/libxml2.2.dylib
0x00007fff50676000 	/System/Library/PrivateFrameworks/CoreUI.framework/Versions/A/CoreUI
0x00007fff3c147000 	/System/Library/Frameworks/CoreAudio.framework/Versions/A/CoreAudio
0x00007fff3e643000 	/System/Library/Frameworks/DiskArbitration.framework/Versions/A/DiskArbitration
0x00007fff63345000 	/usr/lib/liblangid.dylib
0x00007fff5812d000 	/System/Library/PrivateFrameworks/MultitouchSupport.framework/Versions/A/MultitouchSupport
0x00007fff3eee6000 	/System/Library/Frameworks/IOKit.framework/Versions/A/IOKit
0x00007fff61ffb000 	/usr/lib/libDiagnosticMessagesClient.dylib
0x00007fff3d820000 	/System/Library/Frameworks/CoreServices.framework/Versions/A/CoreServices
0x00007fff59c62000 	/System/Library/PrivateFrameworks/PerformanceAnalysis.framework/Versions/A/PerformanceAnalysis
0x00007fff46c2f000 	/System/Library/Frameworks/OpenGL.framework/Versions/A/OpenGL
0x00007fff3bf01000 	/System/Library/Frameworks/ColorSync.framework/Versions/A/ColorSync
0x00007fff3d15c000 	/System/Library/Frameworks/CoreImage.framework/Versions/A/CoreImage
0x00007fff3e1b1000 	/System/Library/Frameworks/CoreText.framework/Versions/A/CoreText
0x00007fff3efe1000 	/System/Library/Frameworks/ImageIO.framework/Versions/A/ImageIO
0x00007fff4d322000 	/System/Library/PrivateFrameworks/Backup.framework/Versions/A/Backup
0x00007fff6241d000 	/usr/lib/libarchive.2.dylib
0x00007fff3b631000 	/System/Library/Frameworks/CFNetwork.framework/Versions/A/CFNetwork
0x00007fff48ca3000 	/System/Library/Frameworks/SystemConfiguration.framework/Versions/A/SystemConfiguration
0x00007fff61f24000 	/usr/lib/libCRFSuite.dylib
0x00007fff625a6000 	/usr/lib/libc++.1.dylib
0x00007fff625fd000 	/usr/lib/libc++abi.dylib
0x00007fff644ee000 	/usr/lib/system/libcache.dylib
0x00007fff644f3000 	/usr/lib/system/libcommonCrypto.dylib
0x00007fff644fe000 	/usr/lib/system/libcompiler_rt.dylib
0x00007fff64506000 	/usr/lib/system/libcopyfile.dylib
0x00007fff64510000 	/usr/lib/system/libcorecrypto.dylib
0x00007fff6461d000 	/usr/lib/system/libdispatch.dylib
0x00007fff64657000 	/usr/lib/system/libdyld.dylib
0x00007fff64675000 	/usr/lib/system/libkeymgr.dylib
0x00007fff64683000 	/usr/lib/system/liblaunch.dylib
0x00007fff64684000 	/usr/lib/system/libmacho.dylib
0x00007fff64689000 	/usr/lib/system/libquarantine.dylib
0x00007fff6468c000 	/usr/lib/system/libremovefile.dylib
0x00007fff6468e000 	/usr/lib/system/libsystem_asl.dylib
0x00007fff646a6000 	/usr/lib/system/libsystem_blocks.dylib
0x00007fff646a7000 	/usr/lib/system/libsystem_c.dylib
0x00007fff64731000 	/usr/lib/system/libsystem_configuration.dylib
0x00007fff64735000 	/usr/lib/system/libsystem_coreservices.dylib
0x00007fff64739000 	/usr/lib/system/libsystem_darwin.dylib
0x00007fff6473b000 	/usr/lib/system/libsystem_dnssd.dylib
0x00007fff64742000 	/usr/lib/system/libsystem_info.dylib
0x00007fff647b3000 	/usr/lib/system/libsystem_m.dylib
0x00007fff647ff000 	/usr/lib/system/libsystem_malloc.dylib
0x00007fff6481f000 	/usr/lib/system/libsystem_network.dylib
0x00007fff64950000 	/usr/lib/system/libsystem_networkextension.dylib
0x00007fff6495b000 	/usr/lib/system/libsystem_notify.dylib
0x00007fff64979000 	/usr/lib/system/libsystem_sandbox.dylib
0x00007fff6497d000 	/usr/lib/system/libsystem_secinit.dylib
0x00007fff6478c000 	/usr/lib/system/libsystem_kernel.dylib
0x00007fff64965000 	/usr/lib/system/libsystem_platform.dylib
0x00007fff6496d000 	/usr/lib/system/libsystem_pthread.dylib
0x00007fff6497f000 	/usr/lib/system/libsystem_symptoms.dylib
0x00007fff64987000 	/usr/lib/system/libsystem_trace.dylib
0x00007fff6499c000 	/usr/lib/system/libunwind.dylib
0x00007fff649a2000 	/usr/lib/system/libxpc.dylib
0x00007fff61e37000 	/usr/lib/closure/libclosured.dylib
0x00007fff62587000 	/usr/lib/libbsm.0.dylib
0x00007fff64676000 	/usr/lib/system/libkxld.dylib
0x00007fff62235000 	/usr/lib/libOpenScriptingUtil.dylib
0x00007fff628f6000 	/usr/lib/libcoretls.dylib
0x00007fff6290f000 	/usr/lib/libcoretls_cfhelpers.dylib
0x00007fff63e2b000 	/usr/lib/libpam.2.dylib
0x00007fff63f52000 	/usr/lib/libsqlite3.dylib
0x00007fff6431e000 	/usr/lib/libxar.1.dylib
0x00007fff62598000 	/usr/lib/libbz2.1.0.dylib
0x00007fff63347000 	/usr/lib/liblzma.5.dylib
0x00007fff63828000 	/usr/lib/libnetwork.dylib
0x00007fff62406000 	/usr/lib/libapple_nghttp2.dylib
0x00007fff63e32000 	/usr/lib/libpcap.A.dylib
0x00007fff624ce000 	/usr/lib/libboringssl.dylib
0x00007fff642b9000 	/usr/lib/libusrtcp.dylib
0x00007fff62405000 	/usr/lib/libapple_crypto.dylib
0x00007fff3dba3000 	/System/Library/Frameworks/CoreServices.framework/Versions/A/Frameworks/FSEvents.framework/Versions/A/FSEvents
0x00007fff3d896000 	/System/Library/Frameworks/CoreServices.framework/Versions/A/Frameworks/CarbonCore.framework/Versions/A/CarbonCore
0x00007fff3dd6b000 	/System/Library/Frameworks/CoreServices.framework/Versions/A/Frameworks/Metadata.framework/Versions/A/Metadata
0x00007fff3de1c000 	/System/Library/Frameworks/CoreServices.framework/Versions/A/Frameworks/OSServices.framework/Versions/A/OSServices
0x00007fff3de7d000 	/System/Library/Frameworks/CoreServices.framework/Versions/A/Frameworks/SearchKit.framework/Versions/A/SearchKit
0x00007fff3d821000 	/System/Library/Frameworks/CoreServices.framework/Versions/A/Frameworks/AE.framework/Versions/A/AE
0x00007fff3dbac000 	/System/Library/Frameworks/CoreServices.framework/Versions/A/Frameworks/LaunchServices.framework/Versions/A/LaunchServices
0x00007fff3db6e000 	/System/Library/Frameworks/CoreServices.framework/Versions/A/Frameworks/DictionaryServices.framework/Versions/A/DictionaryServices
0x00007fff3deec000 	/System/Library/Frameworks/CoreServices.framework/Versions/A/Frameworks/SharedFileList.framework/Versions/A/SharedFileList
0x00007fff420ab000 	/System/Library/Frameworks/NetFS.framework/Versions/A/NetFS
0x00007fff583be000 	/System/Library/PrivateFrameworks/NetAuth.framework/Versions/A/NetAuth
0x00007fff61cce000 	/System/Library/PrivateFrameworks/login.framework/Versions/A/Frameworks/loginsupport.framework/Versions/A/loginsupport
0x00007fff60020000 	/System/Library/PrivateFrameworks/TCC.framework/Versions/A/TCC
0x00007fff63428000 	/usr/lib/libmecabra.dylib
0x00007fff3ab35000 	/System/Library/Frameworks/ApplicationServices.framework/Versions/A/Frameworks/ATS.framework/Versions/A/ATS
0x00007fff3aee3000 	/System/Library/Frameworks/ApplicationServices.framework/Versions/A/Frameworks/ColorSyncLegacy.framework/Versions/A/ColorSyncLegacy
0x00007fff3af87000 	/System/Library/Frameworks/ApplicationServices.framework/Versions/A/Frameworks/HIServices.framework/Versions/A/HIServices
0x00007fff3afda000 	/System/Library/Frameworks/ApplicationServices.framework/Versions/A/Frameworks/LangAnalysis.framework/Versions/A/LangAnalysis
0x00007fff3afe9000 	/System/Library/Frameworks/ApplicationServices.framework/Versions/A/Frameworks/PrintCore.framework/Versions/A/PrintCore
0x00007fff3b036000 	/System/Library/Frameworks/ApplicationServices.framework/Versions/A/Frameworks/QD.framework/Versions/A/QD
0x00007fff3b071000 	/System/Library/Frameworks/ApplicationServices.framework/Versions/A/Frameworks/SpeechSynthesis.framework/Versions/A/SpeechSynthesis
0x00007fff3c5c2000 	/System/Library/Frameworks/CoreDisplay.framework/Versions/A/CoreDisplay
0x00007fff38c36000 	/System/Library/Frameworks/Accelerate.framework/Versions/A/Frameworks/vImage.framework/Versions/A/vImage
0x00007fff39990000 	/System/Library/Frameworks/Accelerate.framework/Versions/A/Frameworks/vecLib.framework/Versions/A/vecLib
0x00007fff39730000 	/System/Library/Frameworks/Accelerate.framework/Versions/A/Frameworks/vecLib.framework/Versions/A/libvDSP.dylib
0x00007fff39290000 	/System/Library/Frameworks/Accelerate.framework/Versions/A/Frameworks/vecLib.framework/Versions/A/libBNNS.dylib
0x00007fff39695000 	/System/Library/Frameworks/Accelerate.framework/Versions/A/Frameworks/vecLib.framework/Versions/A/libQuadrature.dylib
0x00007fff398de000 	/System/Library/Frameworks/Accelerate.framework/Versions/A/Frameworks/vecLib.framework/Versions/A/libvMisc.dylib
0x00007fff392bf000 	/System/Library/Frameworks/Accelerate.framework/Versions/A/Frameworks/vecLib.framework/Versions/A/libLAPACK.dylib
0x00007fff39135000 	/System/Library/Frameworks/Accelerate.framework/Versions/A/Frameworks/vecLib.framework/Versions/A/libBLAS.dylib
0x00007fff3967f000 	/System/Library/Frameworks/Accelerate.framework/Versions/A/Frameworks/vecLib.framework/Versions/A/libLinearAlgebra.dylib
0x00007fff3969b000 	/System/Library/Frameworks/Accelerate.framework/Versions/A/Frameworks/vecLib.framework/Versions/A/libSparse.dylib
0x00007fff3971c000 	/System/Library/Frameworks/Accelerate.framework/Versions/A/Frameworks/vecLib.framework/Versions/A/libSparseBLAS.dylib
0x00007fff551fd000 	/System/Library/PrivateFrameworks/GPUWrangler.framework/Versions/A/GPUWrangler
0x00007fff5698e000 	/System/Library/PrivateFrameworks/IOAccelerator.framework/Versions/A/IOAccelerator
0x00007fff56999000 	/System/Library/PrivateFrameworks/IOPresentment.framework/Versions/A/IOPresentment
0x00007fff50a38000 	/System/Library/PrivateFrameworks/DSExternalDisplay.framework/Versions/A/DSExternalDisplay
0x00007fff460ae000 	/System/Library/Frameworks/OpenGL.framework/Versions/A/Libraries/libCoreFSCache.dylib
0x00007fff3e302000 	/System/Library/Frameworks/CoreVideo.framework/Versions/A/CoreVideo
0x00007fff55f78000 	/System/Library/PrivateFrameworks/GraphVisualizer.framework/Versions/A/GraphVisualizer
0x00007fff410ac000 	/System/Library/Frameworks/MetalPerformanceShaders.framework/Versions/A/MetalPerformanceShaders
0x00007fff62033000 	/usr/lib/libFosl_dynamic.dylib
0x00007fff51b07000 	/System/Library/PrivateFrameworks/FaceCore.framework/Versions/A/FaceCore
0x00007fff44ea9000 	/System/Library/Frameworks/OpenCL.framework/Versions/A/OpenCL
0x00007fff62634000 	/usr/lib/libcompression.dylib
0x00007fff3ac34000 	/System/Library/Frameworks/ApplicationServices.framework/Versions/A/Frameworks/ATS.framework/Versions/A/Resources/libFontParser.dylib
0x00007fff3ad57000 	/System/Library/Frameworks/ApplicationServices.framework/Versions/A/Frameworks/ATS.framework/Versions/A/Resources/libFontRegistry.dylib
0x00007fff3f249000 	/System/Library/Frameworks/ImageIO.framework/Versions/A/Resources/libJPEG.dylib
0x00007fff3f572000 	/System/Library/Frameworks/ImageIO.framework/Versions/A/Resources/libTIFF.dylib
0x00007fff3f548000 	/System/Library/Frameworks/ImageIO.framework/Versions/A/Resources/libPng.dylib
0x00007fff3f15c000 	/System/Library/Frameworks/ImageIO.framework/Versions/A/Resources/libGIF.dylib
0x00007fff3f161000 	/System/Library/Frameworks/ImageIO.framework/Versions/A/Resources/libJP2.dylib
0x00007fff3f56f000 	/System/Library/Frameworks/ImageIO.framework/Versions/A/Resources/libRadiance.dylib
0x00007fff4ca4c000 	/System/Library/PrivateFrameworks/AppleJPEG.framework/Versions/A/AppleJPEG
0x00007fff40f13000 	/System/Library/Frameworks/MetalPerformanceShaders.framework/Frameworks/MPSCore.framework/Versions/A/MPSCore
0x00007fff40f2f000 	/System/Library/Frameworks/MetalPerformanceShaders.framework/Frameworks/MPSImage.framework/Versions/A/MPSImage
0x00007fff40fc4000 	/System/Library/Frameworks/MetalPerformanceShaders.framework/Frameworks/MPSNeuralNetwork.framework/Versions/A/MPSNeuralNetwork
0x00007fff40f9f000 	/System/Library/Frameworks/MetalPerformanceShaders.framework/Frameworks/MPSMatrix.framework/Versions/A/MPSMatrix
0x00007fff57e8f000 	/System/Library/PrivateFrameworks/MetalTools.framework/Versions/A/MetalTools
0x00007fff46279000 	/System/Library/Frameworks/OpenGL.framework/Versions/A/Libraries/libGLU.dylib
0x00007fff460b9000 	/System/Library/Frameworks/OpenGL.framework/Versions/A/Libraries/libGFXShared.dylib
0x00007fff460c3000 	/System/Library/Frameworks/OpenGL.framework/Versions/A/Libraries/libGL.dylib
0x00007fff460cf000 	/System/Library/Frameworks/OpenGL.framework/Versions/A/Libraries/libGLImage.dylib
0x00007fff460ab000 	/System/Library/Frameworks/OpenGL.framework/Versions/A/Libraries/libCVMSPluginSupport.dylib
0x00007fff460b4000 	/System/Library/Frameworks/OpenGL.framework/Versions/A/Libraries/libCoreVMClient.dylib
0x00007fff62de1000 	/usr/lib/libcups.2.dylib
0x00007fff4047a000 	/System/Library/Frameworks/Kerberos.framework/Versions/A/Kerberos
0x00007fff3ec40000 	/System/Library/Frameworks/GSS.framework/Versions/A/GSS
0x00007fff63ee5000 	/usr/lib/libresolv.9.dylib
0x00007fff62fdf000 	/usr/lib/libiconv.2.dylib
0x00007fff5600a000 	/System/Library/PrivateFrameworks/Heimdal.framework/Versions/A/Heimdal
0x00007fff62fae000 	/usr/lib/libheimdal-asn1.dylib
0x00007fff44f21000 	/System/Library/Frameworks/OpenDirectory.framework/Versions/A/OpenDirectory
0x00007fff4ed63000 	/System/Library/PrivateFrameworks/CommonAuth.framework/Versions/A/CommonAuth
0x00007fff44f04000 	/System/Library/Frameworks/OpenDirectory.framework/Versions/A/Frameworks/CFOpenDirectory.framework/Versions/A/CFOpenDirectory
0x00007fff4883c000 	/System/Library/Frameworks/SecurityFoundation.framework/Versions/A/SecurityFoundation
0x00007fff4bc10000 	/System/Library/PrivateFrameworks/APFS.framework/Versions/A/APFS
0x00007fff6431a000 	/usr/lib/libutil.dylib
0x00007fff4cacf000 	/System/Library/PrivateFrameworks/AppleSauce.framework/Versions/A/AppleSauce
0x00007fff57176000 	/System/Library/PrivateFrameworks/LinguisticData.framework/Versions/A/LinguisticData
0x00007fff63361000 	/usr/lib/libmarisa.dylib
0x00007fff57130000 	/System/Library/PrivateFrameworks/Lexicon.framework/Versions/A/Lexicon
0x00007fff61f5e000 	/usr/lib/libChineseTokenizer.dylib
0x00007fff62623000 	/usr/lib/libcmph.dylib
0x00007fff5703a000 	/System/Library/PrivateFrameworks/LanguageModeling.framework/Versions/A/LanguageModeling
0x00007fff4f880000 	/System/Library/PrivateFrameworks/CoreEmoji.framework/Versions/A/CoreEmoji
0x00007fff488fa000 	/System/Library/Frameworks/ServiceManagement.framework/Versions/A/ServiceManagement
0x00007fff4d31a000 	/System/Library/PrivateFrameworks/BackgroundTaskManagement.framework/Versions/A/BackgroundTaskManagement
0x00007fff64417000 	/usr/lib/libxslt.1.dylib
0x00007fff3bcf6000 	/System/Library/Frameworks/Carbon.framework/Versions/A/Frameworks/Ink.framework/Versions/A/Ink
0x00007fff60235000 	/System/Library/PrivateFrameworks/TextureIO.framework/Versions/A/TextureIO
0x00007fff62448000 	/usr/lib/libate.dylib
0x00007fff50997000 	/System/Library/PrivateFrameworks/CrashReporterSupport.framework/Versions/A/CrashReporterSupport
0x00007fff5d571000 	/System/Library/PrivateFrameworks/Sharing.framework/Versions/A/Sharing
0x00007fff56d7b000 	/System/Library/PrivateFrameworks/IconServices.framework/Versions/A/IconServices
0x00007fff4cf4a000 	/System/Library/PrivateFrameworks/AuthKit.framework/Versions/A/AuthKit
0x00007fff4c8cf000 	/System/Library/PrivateFrameworks/Apple80211.framework/Versions/A/Apple80211
0x00007fff507ac000 	/System/Library/PrivateFrameworks/CoreUtils.framework/Versions/A/CoreUtils
0x00007fff3e33d000 	/System/Library/Frameworks/CoreWLAN.framework/Versions/A/CoreWLAN
0x00007fff3ed82000 	/System/Library/Frameworks/IOBluetooth.framework/Versions/A/IOBluetooth
0x00007fff5ba31000 	/System/Library/PrivateFrameworks/ProtocolBuffer.framework/Versions/A/ProtocolBuffer
0x00007fff58088000 	/System/Library/PrivateFrameworks/MobileKeyBag.framework/Versions/A/MobileKeyBag
0x00007fff50024000 	/System/Library/PrivateFrameworks/CorePhoneNumbers.framework/Versions/A/CorePhoneNumbers
0x00007fff4ca07000 	/System/Library/PrivateFrameworks/AppleIDAuthSupport.framework/Versions/A/AppleIDAuthSupport
0x00007fff57026000 	/System/Library/PrivateFrameworks/KeychainCircle.framework/Versions/A/KeychainCircle
0x00007fff50932000 	/System/Library/PrivateFrameworks/CoreWiFi.framework/Versions/A/CoreWiFi
0x00007fff3c241000 	/System/Library/Frameworks/CoreBluetooth.framework/Versions/A/CoreBluetooth
0x00007fff50b82000 	/System/Library/PrivateFrameworks/DebugSymbols.framework/Versions/A/DebugSymbols
0x00007fff50562000 	/System/Library/PrivateFrameworks/CoreSymbolication.framework/Versions/A/CoreSymbolication
0x00007fff5fa27000 	/System/Library/PrivateFrameworks/Symbolication.framework/Versions/A/Symbolication
0x00007fff4c8f9000 	/System/Library/PrivateFrameworks/AppleFSCompression.framework/Versions/A/AppleFSCompression
0x00007fff5ee74000 	/System/Library/PrivateFrameworks/SpeechRecognitionCore.framework/Versions/A/SpeechRecognitionCore
0x000000010b200000 	/Library/Java/JavaVirtualMachines/jdk1.8.0_181.jdk/Contents/Home/jre/lib/server/libjvm.dylib
0x00007fff641e7000 	/usr/lib/libstdc++.6.0.9.dylib
0x000000010a987000 	/Library/Java/JavaVirtualMachines/jdk1.8.0_181.jdk/Contents/Home/jre/lib/libverify.dylib
0x000000010a995000 	/Library/Java/JavaVirtualMachines/jdk1.8.0_181.jdk/Contents/Home/jre/lib/libjava.dylib
0x000000010a9d5000 	/Library/Java/JavaVirtualMachines/jdk1.8.0_181.jdk/Contents/Home/jre/lib/libzip.dylib
0x000000010ec2e000 	/Applications/apache-maven-3.6.1/lib/jansi-native/osx/libjansi.jnilib
0x000000010ed0e000 	/Library/Java/JavaVirtualMachines/jdk1.8.0_181.jdk/Contents/Home/jre/lib/libnet.dylib
0x000000010ed25000 	/Library/Java/JavaVirtualMachines/jdk1.8.0_181.jdk/Contents/Home/jre/lib/libnio.dylib
0x000000010f1c7000 	/Library/Java/JavaVirtualMachines/jdk1.8.0_181.jdk/Contents/Home/jre/lib/libmanagement.dylib
0x000000010ed81000 	/Library/Java/JavaVirtualMachines/jdk1.8.0_181.jdk/Contents/Home/jre/lib/libsunec.dylib
0x00000001257cb000 	/private/var/folders/6s/t_70j0c900v0zmz1plggxxkr0000gn/T/sqlite-3.27.2.1-0f05a62e-2f6f-43e7-9360-547300931e30-libsqlitejdbc.jnilib

VM Arguments:
jvm_args: -Dclassworlds.conf=/Applications/apache-maven-3.6.1/bin/m2.conf -Dmaven.home=/Applications/apache-maven-3.6.1 -Dlibrary.jansi.path=/Applications/apache-maven-3.6.1/lib/jansi-native -Dmaven.multiModuleProjectDirectory=/Users/logancorey/Documents/Chatbot/c01summer2019groupproject14/chatbot 
java_command: org.codehaus.plexus.classworlds.launcher.Launcher tomcat7:run
java_class_path (initial): /Applications/apache-maven-3.6.1/boot/plexus-classworlds-2.6.0.jar
Launcher Type: SUN_STANDARD

Environment Variables:
PATH=/Applications/anaconda3/bin:/Applications/anaconda3/condabin:/Users/logancorey/.rvm/gems/ruby-2.6.0/bin:/Users/logancorey/.rvm/gems/ruby-2.6.0@global/bin:/Users/logancorey/.rvm/rubies/ruby-2.6.0/bin:/usr/local/opt/ruby/bin:/Library/Frameworks/Python.framework/Versions/3.7/bin:/Applications/apache-maven-3.6.1/bin:/Library/Frameworks/Python.framework/Versions/3.7/bin:/usr/local/bin:/usr/bin:/bin:/usr/sbin:/sbin:/usr/local/share/dotnet:~/.dotnet/tools:/Library/Frameworks/Mono.framework/Versions/Current/Commands:/Applications/Xamarin Workbooks.app/Contents/SharedSupport/path-bin:/Users/logancorey/.rvm/bin
SHELL=/bin/bash

Signal Handlers:
SIGSEGV: [libjvm.dylib+0x5b6029], sa_mask[0]=11111111011111110111111111111111, sa_flags=SA_ONSTACK|SA_RESTART|SA_SIGINFO
SIGBUS: [libjvm.dylib+0x5b6029], sa_mask[0]=11111111011111110111111111111111, sa_flags=SA_RESTART|SA_SIGINFO
SIGFPE: [libjvm.dylib+0x48b934], sa_mask[0]=11111111011111110111111111111111, sa_flags=SA_RESTART|SA_SIGINFO
SIGPIPE: [libjvm.dylib+0x48b934], sa_mask[0]=11111111011111110111111111111111, sa_flags=SA_RESTART|SA_SIGINFO
SIGXFSZ: [libjvm.dylib+0x48b934], sa_mask[0]=11111111011111110111111111111111, sa_flags=SA_RESTART|SA_SIGINFO
SIGILL: [libjvm.dylib+0x48b934], sa_mask[0]=11111111011111110111111111111111, sa_flags=SA_RESTART|SA_SIGINFO
SIGUSR1: SIG_DFL, sa_mask[0]=11011111011111100000000111000110, sa_flags=none
SIGUSR2: [libjvm.dylib+0x48b452], sa_mask[0]=00000000000000000000000000000000, sa_flags=SA_RESTART|SA_SIGINFO
SIGHUP: [libjvm.dylib+0x489a1d], sa_mask[0]=11111111011111110111111111111111, sa_flags=SA_RESTART|SA_SIGINFO
SIGINT: [libjvm.dylib+0x489a1d], sa_mask[0]=11111111011111110111111111111111, sa_flags=SA_RESTART|SA_SIGINFO
SIGTERM: [libjvm.dylib+0x489a1d], sa_mask[0]=11111111011111110111111111111111, sa_flags=SA_RESTART|SA_SIGINFO
SIGQUIT: [libjvm.dylib+0x489a1d], sa_mask[0]=11111111011111110111111111111111, sa_flags=SA_RESTART|SA_SIGINFO


---------------  S Y S T E M  ---------------

OS:Bsduname:Darwin 17.7.0 Darwin Kernel Version 17.7.0: Wed Apr 24 21:17:24 PDT 2019; root:xnu-4570.71.45~1/RELEASE_X86_64 x86_64
rlimit: STACK 8192k, CORE 0k, NPROC 709, NOFILE 10240, AS infinity
load average:3.02 2.58 2.47

CPU:total 4 (initial active 4) (2 cores per cpu, 2 threads per core) family 6 model 142 stepping 9, cmov, cx8, fxsr, mmx, sse, sse2, sse3, ssse3, sse4.1, sse4.2, popcnt, avx, avx2, aes, clmul, erms, 3dnowpref, lzcnt, ht, tsc, tscinvbit, bmi1, bmi2, adx

Memory: 4k page, physical 8388608k(20580k free)

/proc/meminfo:


vm_info: Java HotSpot(TM) 64-Bit Server VM (25.181-b13) for bsd-amd64 JRE (1.8.0_181-b13), built on Jul  7 2018 01:02:31 by "java_re" with gcc 4.2.1 (Based on Apple Inc. build 5658) (LLVM build 2336.11.00)

time: Fri Jul 12 15:19:36 2019
elapsed time: 75 seconds (0d 0h 1m 15s)

