#
# A fatal error has been detected by the Java Runtime Environment:
#
#  SIGSEGV (0xb) at pc=0x00007f57c048efa0, pid=12678, tid=13007
#
# JRE version: OpenJDK Runtime Environment (11.0.3+7) (build 11.0.3+7-Ubuntu-1ubuntu218.04.1)
# Java VM: OpenJDK 64-Bit Server VM (11.0.3+7-Ubuntu-1ubuntu218.04.1, mixed mode, sharing, tiered, compressed oops, g1 gc, linux-amd64)
# Problematic frame:
# C  [libpthread.so.0+0x9fa0]  pthread_mutex_lock+0x0
#
# Core dump will be written. Default location: Core dumps may be processed with "/usr/share/apport/apport %p %s %c %d %P" (or dumping to /home/infernologan/Documents/c01GroupProject/chatbot/core.12678)
#
# If you would like to submit a bug report, please visit:
#   http://bugreport.java.com/bugreport/crash.jsp
# The crash happened outside the Java Virtual Machine in native code.
# See problematic frame for where to report the bug.
#

---------------  S U M M A R Y ------------

Command Line: -Dclassworlds.conf=/usr/share/maven/bin/m2.conf -Dmaven.home=/usr/share/maven -Dlibrary.jansi.path=/usr/share/maven/lib/jansi-native -Dmaven.multiModuleProjectDirectory=/home/infernologan/Documents/c01GroupProject/chatbot org.codehaus.plexus.classworlds.launcher.Launcher tomcat7:run

Host: Intel(R) Core(TM) i5-8500 CPU @ 3.00GHz, 4 cores, 5G, Ubuntu 18.04.2 LTS
Time: Thu Jul 11 19:41:55 2019 PDT elapsed time: 397 seconds (0d 0h 6m 37s)

---------------  T H R E A D  ---------------

Current thread (0x00007f5754033000):  JavaThread "http-bio-8080-exec-3" daemon [_thread_in_native, id=13007, stack(0x00007f5746dee000,0x00007f5746eef000)]

Stack: [0x00007f5746dee000,0x00007f5746eef000],  sp=0x00007f5746eebff8,  free space=1015k
Native frames: (J=compiled Java code, A=aot compiled Java code, j=interpreted, Vv=VM code, C=native code)
C  [libpthread.so.0+0x9fa0]  pthread_mutex_lock+0x0

Java frames: (J=compiled Java code, j=interpreted, Vv=VM code)
J 8070  org.sqlite.core.NativeDB.column_int(JI)I (0 bytes) @ 0x00007f57a87f2d88 [0x00007f57a87f2d40+0x0000000000000048]
J 8068 c1 org.sqlite.jdbc3.JDBC3ResultSet.getInt(Ljava/lang/String;)I (10 bytes) @ 0x00007f57a1ef3efc [0x00007f57a1ef3740+0x00000000000007bc]
J 8025 c1 utoronto.utsc.cs.cscc01.chatbot.FilesDatabaseAdmin.list()Ljava/util/List; (89 bytes) @ 0x00007f57a1e94d2c [0x00007f57a1e947e0+0x000000000000054c]
J 7806 c1 utoronto.utsc.cs.cscc01.chatbot.HandleFilesServlet.listUploadedFile(Ljavax/servlet/http/HttpServletRequest;Ljavax/servlet/http/HttpServletResponse;)V (156 bytes) @ 0x00007f57a1db1abc [0x00007f57a1db17a0+0x000000000000031c]
J 7805 c1 utoronto.utsc.cs.cscc01.chatbot.HandleFilesServlet.doGet(Ljavax/servlet/http/HttpServletRequest;Ljavax/servlet/http/HttpServletResponse;)V (7 bytes) @ 0x00007f57a1909254 [0x00007f57a19091c0+0x0000000000000094]
J 8138 c1 javax.servlet.http.HttpServlet.service(Ljavax/servlet/http/HttpServletRequest;Ljavax/servlet/http/HttpServletResponse;)V (269 bytes) @ 0x00007f57a1f45044 [0x00007f57a1f44ce0+0x0000000000000364]
J 8114 c1 javax.servlet.http.HttpServlet.service(Ljavax/servlet/ServletRequest;Ljavax/servlet/ServletResponse;)V (34 bytes) @ 0x00007f57a1f2b964 [0x00007f57a1f2b600+0x0000000000000364]
J 7840 c1 org.apache.catalina.core.ApplicationFilterChain.internalDoFilter(Ljavax/servlet/ServletRequest;Ljavax/servlet/ServletResponse;)V (624 bytes) @ 0x00007f57a1dd0794 [0x00007f57a1dcfbc0+0x0000000000000bd4]
J 7775 c1 org.apache.catalina.core.ApplicationFilterChain.doFilter(Ljavax/servlet/ServletRequest;Ljavax/servlet/ServletResponse;)V (105 bytes) @ 0x00007f57a18fc2e4 [0x00007f57a18fc240+0x00000000000000a4]
J 7937 c1 org.apache.tomcat.websocket.server.WsFilter.doFilter(Ljavax/servlet/ServletRequest;Ljavax/servlet/ServletResponse;Ljavax/servlet/FilterChain;)V (129 bytes) @ 0x00007f57a1e2d1c4 [0x00007f57a1e2c520+0x0000000000000ca4]
J 7840 c1 org.apache.catalina.core.ApplicationFilterChain.internalDoFilter(Ljavax/servlet/ServletRequest;Ljavax/servlet/ServletResponse;)V (624 bytes) @ 0x00007f57a1dcfff4 [0x00007f57a1dcfbc0+0x0000000000000434]
J 7775 c1 org.apache.catalina.core.ApplicationFilterChain.doFilter(Ljavax/servlet/ServletRequest;Ljavax/servlet/ServletResponse;)V (105 bytes) @ 0x00007f57a18fc2e4 [0x00007f57a18fc240+0x00000000000000a4]
J 8057 c1 org.apache.catalina.core.StandardWrapperValve.invoke(Lorg/apache/catalina/connector/Request;Lorg/apache/catalina/connector/Response;)V (1416 bytes) @ 0x00007f57a1ed69ac [0x00007f57a1ed03e0+0x00000000000065cc]
J 8054 c1 org.apache.catalina.core.StandardContextValve.invoke(Lorg/apache/catalina/connector/Request;Lorg/apache/catalina/connector/Response;)V (172 bytes) @ 0x00007f57a1eba73c [0x00007f57a1eb9420+0x000000000000131c]
J 8049 c1 org.apache.catalina.authenticator.AuthenticatorBase.invoke(Lorg/apache/catalina/connector/Request;Lorg/apache/catalina/connector/Response;)V (917 bytes) @ 0x00007f57a1eb5214 [0x00007f57a1eaec20+0x00000000000065f4]
J 8047 c1 org.apache.catalina.core.StandardHostValve.invoke(Lorg/apache/catalina/connector/Request;Lorg/apache/catalina/connector/Response;)V (364 bytes) @ 0x00007f57a1ea785c [0x00007f57a1ea6520+0x000000000000133c]
J 8046 c1 org.apache.catalina.valves.ErrorReportValve.invoke(Lorg/apache/catalina/connector/Request;Lorg/apache/catalina/connector/Response;)V (114 bytes) @ 0x00007f57a1ea49cc [0x00007f57a1ea47e0+0x00000000000001ec]
J 8045 c1 org.apache.catalina.valves.AccessLogValve.invoke(Lorg/apache/catalina/connector/Request;Lorg/apache/catalina/connector/Response;)V (12 bytes) @ 0x00007f57a1ea432c [0x00007f57a1ea4160+0x00000000000001cc]
J 8043 c1 org.apache.catalina.core.StandardEngineValve.invoke(Lorg/apache/catalina/connector/Request;Lorg/apache/catalina/connector/Response;)V (77 bytes) @ 0x00007f57a1ea2ef4 [0x00007f57a1ea2720+0x00000000000007d4]
J 7981 c1 org.apache.catalina.connector.CoyoteAdapter.service(Lorg/apache/coyote/Request;Lorg/apache/coyote/Response;)V (505 bytes) @ 0x00007f57a1e6df6c [0x00007f57a1e6cb60+0x000000000000140c]
J 7947 c1 org.apache.coyote.http11.AbstractHttp11Processor.process(Lorg/apache/tomcat/util/net/SocketWrapper;)Lorg/apache/tomcat/util/net/AbstractEndpoint$Handler$SocketState; (1078 bytes) @ 0x00007f57a1e37684 [0x00007f57a1e345a0+0x00000000000030e4]
J 7888 c1 org.apache.coyote.AbstractProtocol$AbstractConnectionHandler.process(Lorg/apache/tomcat/util/net/SocketWrapper;Lorg/apache/tomcat/util/net/SocketStatus;)Lorg/apache/tomcat/util/net/AbstractEndpoint$Handler$SocketState; (730 bytes) @ 0x00007f57a1def07c [0x00007f57a1dedf60+0x000000000000111c]
J 7886 c1 org.apache.tomcat.util.net.JIoEndpoint$SocketProcessor.run()V (608 bytes) @ 0x00007f57a1de88ec [0x00007f57a1de7bc0+0x0000000000000d2c]
j  java.util.concurrent.ThreadPoolExecutor.runWorker(Ljava/util/concurrent/ThreadPoolExecutor$Worker;)V+92 java.base@11.0.3
j  java.util.concurrent.ThreadPoolExecutor$Worker.run()V+5 java.base@11.0.3
j  java.lang.Thread.run()V+11 java.base@11.0.3
v  ~StubRoutines::call_stub

siginfo: si_signo: 11 (SIGSEGV), si_code: 128 (SI_KERNEL), si_addr: 0x0000000000000000

Register to memory mapping:

RAX=0x00007f57c048efa0: pthread_mutex_lock+0x0000000000000000 in /lib/x86_64-linux-gnu/libpthread.so.0 at 0x00007f57c0485000
RBX=0x00007f571cda3ab8 points into unknown readable memory: 38 60 da 1c 57 7f 00 00
RCX=0x0 is NULL
RDX=0x00007f571cda3ab8 points into unknown readable memory: 38 60 da 1c 57 7f 00 00
RSP=0x00007f5746eebff8 is pointing into the stack for thread: 0x00007f5754033000
RBP=0x0 is NULL
RSI=0x0 is NULL
RDI=0x6c69662059422052 is an unknown value
R8 =0x0 is NULL
R9 =0x0 is NULL
R10=0x00007f5746eebd00 is pointing into the stack for thread: 0x00007f5754033000
R11=0x00007f57464341fe: <offset 0x00000000000251fe> in /tmp/sqlite-3.27.2.1-ebd60420-c3b8-415b-a6b6-5c4a3ef7dc3e-libsqlitejdbc.so at 0x00007f574640f000
R12=0x00007f571cda3ab8 points into unknown readable memory: 38 60 da 1c 57 7f 00 00
R13=0x00007f5746eec070 is pointing into the stack for thread: 0x00007f5754033000
R14=0x00007f5746eec040 is pointing into the stack for thread: 0x00007f5754033000
R15=0x00007f5754033000 is a thread


Registers:
RAX=0x00007f57c048efa0, RBX=0x00007f571cda3ab8, RCX=0x0000000000000000, RDX=0x00007f571cda3ab8
RSP=0x00007f5746eebff8, RBP=0x0000000000000000, RSI=0x0000000000000000, RDI=0x6c69662059422052
R8 =0x0000000000000000, R9 =0x0000000000000000, R10=0x00007f5746eebd00, R11=0x00007f57464341fe
R12=0x00007f571cda3ab8, R13=0x00007f5746eec070, R14=0x00007f5746eec040, R15=0x00007f5754033000
RIP=0x00007f57c048efa0, EFLAGS=0x0000000000010206, CSGSFS=0x002b000000000033, ERR=0x0000000000000000
  TRAPNO=0x000000000000000d

Top of Stack: (sp=0x00007f5746eebff8)
0x00007f5746eebff8:   00007f574642dd73 00007f5746eec070
0x00007f5746eec008:   00000000ac8aaa28 00007f5746eec080
0x00007f5746eec018:   00007f574642defd 00007f571cda3ab8
0x00007f5746eec028:   00000000ac8aaa28 0000000000000000 

Instructions: (pc=0x00007f57c048efa0)
0x00007f57c048ef80:   00 00 0f 05 64 48 c7 04 25 f0 02 00 00 00 00 00
0x00007f57c048ef90:   00 b8 83 00 00 00 e9 a8 fb ff ff 0f 1f 44 00 00
0x00007f57c048efa0:   8b 47 10 89 c2 81 e2 7f 01 00 00 90 83 e0 7c 0f
0x00007f57c048efb0:   85 9b 00 00 00 48 83 ec 08 85 d2 49 89 f8 8b 77 

Stack slot to memory mapping:
stack at sp + 0 slots: 0x00007f574642dd73: <offset 0x000000000001ed73> in /tmp/sqlite-3.27.2.1-ebd60420-c3b8-415b-a6b6-5c4a3ef7dc3e-libsqlitejdbc.so at 0x00007f574640f000
stack at sp + 1 slots: 0x00007f5746eec070 is pointing into the stack for thread: 0x00007f5754033000
stack at sp + 2 slots: 0x00000000ac8aaa28 is an oop: org.sqlite.core.NativeDB 
{0x00000000ac8aaa28} - klass: 'org/sqlite/core/NativeDB'
stack at sp + 3 slots: 0x00007f5746eec080 is pointing into the stack for thread: 0x00007f5754033000
stack at sp + 4 slots: 0x00007f574642defd: <offset 0x000000000001eefd> in /tmp/sqlite-3.27.2.1-ebd60420-c3b8-415b-a6b6-5c4a3ef7dc3e-libsqlitejdbc.so at 0x00007f574640f000
stack at sp + 5 slots: 0x00007f571cda3ab8 points into unknown readable memory: 38 60 da 1c 57 7f 00 00
stack at sp + 6 slots: 0x00000000ac8aaa28 is an oop: org.sqlite.core.NativeDB 
{0x00000000ac8aaa28} - klass: 'org/sqlite/core/NativeDB'
stack at sp + 7 slots: 0x0 is NULL


---------------  P R O C E S S  ---------------

Threads class SMR info:
_java_thread_list=0x00007f5738005950, length=23, elements={
0x00007f57b8012800, 0x00007f57b80da000, 0x00007f57b80dc000, 0x00007f57b80e1800,
0x00007f57b80e3800, 0x00007f57b80e5800, 0x00007f57b80e7800, 0x00007f57b811f000,
0x00007f57b8127800, 0x00007f57481be000, 0x00007f57b96d5000, 0x00007f57b96d6800,
0x00007f57b96da000, 0x00007f5738002000, 0x00007f5738003000, 0x00007f5754033000,
0x00007f5749915800, 0x00007f574c001800, 0x00007f5730001800, 0x00007f5728001000,
0x00007f572c001000, 0x00007f5720001800, 0x00007f5738004000
}

Java Threads: ( => current thread )
  0x00007f57b8012800 JavaThread "main" [_thread_blocked, id=12702, stack(0x00007f57c11d4000,0x00007f57c12d5000)]
  0x00007f57b80da000 JavaThread "Reference Handler" daemon [_thread_blocked, id=12709, stack(0x00007f57a03f5000,0x00007f57a04f6000)]
  0x00007f57b80dc000 JavaThread "Finalizer" daemon [_thread_blocked, id=12710, stack(0x00007f57a02f4000,0x00007f57a03f5000)]
  0x00007f57b80e1800 JavaThread "Signal Dispatcher" daemon [_thread_blocked, id=12711, stack(0x00007f57a01f3000,0x00007f57a02f4000)]
  0x00007f57b80e3800 JavaThread "C2 CompilerThread0" daemon [_thread_in_native, id=12712, stack(0x00007f57a00f2000,0x00007f57a01f3000)]
  0x00007f57b80e5800 JavaThread "C1 CompilerThread0" daemon [_thread_blocked, id=12713, stack(0x00007f5798180000,0x00007f5798281000)]
  0x00007f57b80e7800 JavaThread "Sweeper thread" daemon [_thread_blocked, id=12714, stack(0x00007f579807f000,0x00007f5798180000)]
  0x00007f57b811f000 JavaThread "Service Thread" daemon [_thread_blocked, id=12715, stack(0x00007f5791eff000,0x00007f5792000000)]
  0x00007f57b8127800 JavaThread "Common-Cleaner" daemon [_thread_blocked, id=12717, stack(0x00007f5791cfc000,0x00007f5791dfd000)]
  0x00007f57481be000 JavaThread "Thread-2" daemon [_thread_in_native, id=12852, stack(0x00007f57917d3000,0x00007f57918d4000)]
  0x00007f57b96d5000 JavaThread "ContainerBackgroundProcessor[StandardEngine[Tomcat]]" daemon [_thread_blocked, id=12853, stack(0x00007f57472f1000,0x00007f57473f2000)]
  0x00007f57b96d6800 JavaThread "http-bio-8080-Acceptor-0" daemon [_thread_in_native, id=12854, stack(0x00007f57471f0000,0x00007f57472f1000)]
  0x00007f57b96da000 JavaThread "http-bio-8080-AsyncTimeout" daemon [_thread_blocked, id=12855, stack(0x00007f57470ef000,0x00007f57471f0000)]
  0x00007f5738002000 JavaThread "http-bio-8080-exec-1" daemon [_thread_in_native, id=13005, stack(0x00007f5790ccf000,0x00007f5790dd0000)]
  0x00007f5738003000 JavaThread "http-bio-8080-exec-2" daemon [_thread_blocked, id=13006, stack(0x00007f5790dd0000,0x00007f5790ed1000)]
=>0x00007f5754033000 JavaThread "http-bio-8080-exec-3" daemon [_thread_in_native, id=13007, stack(0x00007f5746dee000,0x00007f5746eef000)]
  0x00007f5749915800 JavaThread "http-bio-8080-exec-4" daemon [_thread_in_native, id=13011, stack(0x00007f5746ced000,0x00007f5746dee000)]
  0x00007f574c001800 JavaThread "http-bio-8080-exec-5" daemon [_thread_blocked, id=13013, stack(0x00007f5746bec000,0x00007f5746ced000)]
  0x00007f5730001800 JavaThread "http-bio-8080-exec-6" daemon [_thread_blocked, id=13014, stack(0x00007f5746aeb000,0x00007f5746bec000)]
  0x00007f5728001000 JavaThread "http-bio-8080-exec-7" daemon [_thread_blocked, id=13015, stack(0x00007f57469ea000,0x00007f5746aeb000)]
  0x00007f572c001000 JavaThread "http-bio-8080-exec-8" daemon [_thread_blocked, id=13016, stack(0x00007f57468e9000,0x00007f57469ea000)]
  0x00007f5720001800 JavaThread "http-bio-8080-exec-9" daemon [_thread_blocked, id=13017, stack(0x00007f57467e8000,0x00007f57468e9000)]
  0x00007f5738004000 JavaThread "http-bio-8080-exec-10" daemon [_thread_blocked, id=13018, stack(0x00007f57466e7000,0x00007f57467e8000)]

Other Threads:
  0x00007f57b80d7000 VMThread "VM Thread" [stack: 0x00007f57a04f8000,0x00007f57a05f8000] [id=12708]
  0x00007f57b8121000 WatcherThread [stack: 0x00007f5791dff000,0x00007f5791eff000] [id=12716]
  0x00007f57b8028800 GCTaskThread "GC Thread#0" [stack: 0x00007f57bd1ca000,0x00007f57bd2ca000] [id=12703]
  0x00007f5784001000 GCTaskThread "GC Thread#1" [stack: 0x00007f57916d3000,0x00007f57917d3000] [id=12719]
  0x00007f57b804c800 ConcurrentGCThread "G1 Main Marker" [stack: 0x00007f57bc493000,0x00007f57bc593000] [id=12704]
  0x00007f57b804e800 ConcurrentGCThread "G1 Conc#0" [stack: 0x00007f57bc391000,0x00007f57bc491000] [id=12705]
  0x00007f57b80a7800 ConcurrentGCThread "G1 Refine#0" [stack: 0x00007f57a077d000,0x00007f57a087d000] [id=12706]
  0x00007f57b80a9800 ConcurrentGCThread "G1 Young RemSet Sampling" [stack: 0x00007f57a067b000,0x00007f57a077b000] [id=12707]

Threads with active compile tasks:
C2 CompilerThread08315       4       org.codehaus.plexus.classworlds.realm.Entry::matches (282 bytes)

VM state:not at safepoint (normal execution)

VM Mutex/Monitor currently owned by a thread: None

Heap address: 0x00000000a8a00000, size: 1398 MB, Compressed Oops mode: 32-bit
Narrow klass base: 0x0000000800000000, Narrow klass shift: 3
Compressed class space size: 1073741824 Address: 0x0000000840000000

Heap:
 garbage-first heap   total 118784K, used 88030K [0x00000000a8a00000, 0x0000000100000000)
  region size 1024K, 60 young (61440K), 5 survivors (5120K)
 Metaspace       used 41912K, capacity 43178K, committed 43520K, reserved 1087488K
  class space    used 4653K, capacity 5063K, committed 5120K, reserved 1048576K
Heap Regions: E=young(eden), S=young(survivor), O=old, HS=humongous(starts), HC=humongous(continues), CS=collection set, F=free, A=archive, TAMS=top-at-mark-start (previous, next)
|   0|0x00000000a8a00000, 0x00000000a8b00000, 0x00000000a8b00000|100%| O|  |TAMS 0x00000000a8b00000, 0x00000000a8a00000| Untracked 
|   1|0x00000000a8b00000, 0x00000000a8c00000, 0x00000000a8c00000|100%| O|  |TAMS 0x00000000a8c00000, 0x00000000a8b00000| Untracked 
|   2|0x00000000a8c00000, 0x00000000a8d00000, 0x00000000a8d00000|100%| O|  |TAMS 0x00000000a8d00000, 0x00000000a8c00000| Untracked 
|   3|0x00000000a8d00000, 0x00000000a8e00000, 0x00000000a8e00000|100%| O|  |TAMS 0x00000000a8e00000, 0x00000000a8d00000| Untracked 
|   4|0x00000000a8e00000, 0x00000000a8f00000, 0x00000000a8f00000|100%| O|  |TAMS 0x00000000a8f00000, 0x00000000a8e00000| Untracked 
|   5|0x00000000a8f00000, 0x00000000a9000000, 0x00000000a9000000|100%| O|  |TAMS 0x00000000a9000000, 0x00000000a8f00000| Untracked 
|   6|0x00000000a9000000, 0x00000000a9100000, 0x00000000a9100000|100%| O|  |TAMS 0x00000000a9100000, 0x00000000a9000000| Untracked 
|   7|0x00000000a9100000, 0x00000000a9200000, 0x00000000a9200000|100%| O|  |TAMS 0x00000000a9200000, 0x00000000a9100000| Untracked 
|   8|0x00000000a9200000, 0x00000000a9300000, 0x00000000a9300000|100%| O|  |TAMS 0x00000000a9300000, 0x00000000a9200000| Untracked 
|   9|0x00000000a9300000, 0x00000000a9400000, 0x00000000a9400000|100%| O|  |TAMS 0x00000000a9400000, 0x00000000a9300000| Untracked 
|  10|0x00000000a9400000, 0x00000000a9500000, 0x00000000a9500000|100%| O|  |TAMS 0x00000000a9500000, 0x00000000a9400000| Untracked 
|  11|0x00000000a9500000, 0x00000000a9600000, 0x00000000a9600000|100%| O|  |TAMS 0x00000000a9600000, 0x00000000a9500000| Untracked 
|  12|0x00000000a9600000, 0x00000000a9700000, 0x00000000a9700000|100%| O|  |TAMS 0x00000000a9700000, 0x00000000a9600000| Untracked 
|  13|0x00000000a9700000, 0x00000000a9800000, 0x00000000a9800000|100%| O|  |TAMS 0x00000000a9800000, 0x00000000a9700000| Untracked 
|  14|0x00000000a9800000, 0x00000000a9900000, 0x00000000a9900000|100%| O|  |TAMS 0x00000000a9900000, 0x00000000a9800000| Untracked 
|  15|0x00000000a9900000, 0x00000000a9a00000, 0x00000000a9a00000|100%| O|  |TAMS 0x00000000a9a00000, 0x00000000a9900000| Untracked 
|  16|0x00000000a9a00000, 0x00000000a9b00000, 0x00000000a9b00000|100%| O|  |TAMS 0x00000000a9b00000, 0x00000000a9a00000| Untracked 
|  17|0x00000000a9b00000, 0x00000000a9c00000, 0x00000000a9c00000|100%| O|  |TAMS 0x00000000a9c00000, 0x00000000a9b00000| Untracked 
|  18|0x00000000a9c00000, 0x00000000a9d00000, 0x00000000a9d00000|100%| O|  |TAMS 0x00000000a9ca7800, 0x00000000a9c00000| Untracked 
|  19|0x00000000a9d00000, 0x00000000a9e00000, 0x00000000a9e00000|100%| O|  |TAMS 0x00000000a9d00000, 0x00000000a9d00000| Untracked 
|  20|0x00000000a9e00000, 0x00000000a9f00000, 0x00000000a9f00000|100%| O|  |TAMS 0x00000000a9e00000, 0x00000000a9e00000| Untracked 
|  21|0x00000000a9f00000, 0x00000000aa000000, 0x00000000aa000000|100%| O|  |TAMS 0x00000000a9f00000, 0x00000000a9f00000| Untracked 
|  22|0x00000000aa000000, 0x00000000aa100000, 0x00000000aa100000|100%| O|  |TAMS 0x00000000aa000000, 0x00000000aa000000| Untracked 
|  23|0x00000000aa100000, 0x00000000aa200000, 0x00000000aa200000|100%| O|  |TAMS 0x00000000aa100000, 0x00000000aa100000| Untracked 
|  24|0x00000000aa200000, 0x00000000aa300000, 0x00000000aa300000|100%| O|  |TAMS 0x00000000aa200000, 0x00000000aa200000| Untracked 
|  25|0x00000000aa300000, 0x00000000aa400000, 0x00000000aa400000|100%| O|  |TAMS 0x00000000aa300000, 0x00000000aa300000| Untracked 
|  26|0x00000000aa400000, 0x00000000aa4e2a00, 0x00000000aa500000| 88%| O|  |TAMS 0x00000000aa400000, 0x00000000aa400000| Untracked 
|  27|0x00000000aa500000, 0x00000000aa500000, 0x00000000aa600000|  0%| F|  |TAMS 0x00000000aa500000, 0x00000000aa500000| Untracked 
|  28|0x00000000aa600000, 0x00000000aa600000, 0x00000000aa700000|  0%| F|  |TAMS 0x00000000aa600000, 0x00000000aa600000| Untracked 
|  29|0x00000000aa700000, 0x00000000aa700000, 0x00000000aa800000|  0%| F|  |TAMS 0x00000000aa700000, 0x00000000aa700000| Untracked 
|  30|0x00000000aa800000, 0x00000000aa800000, 0x00000000aa900000|  0%| F|  |TAMS 0x00000000aa800000, 0x00000000aa800000| Untracked 
|  31|0x00000000aa900000, 0x00000000aa900000, 0x00000000aaa00000|  0%| F|  |TAMS 0x00000000aa900000, 0x00000000aa900000| Untracked 
|  32|0x00000000aaa00000, 0x00000000aaa00000, 0x00000000aab00000|  0%| F|  |TAMS 0x00000000aaa00000, 0x00000000aaa00000| Untracked 
|  33|0x00000000aab00000, 0x00000000aab00000, 0x00000000aac00000|  0%| F|  |TAMS 0x00000000aab00000, 0x00000000aab00000| Untracked 
|  34|0x00000000aac00000, 0x00000000aac00000, 0x00000000aad00000|  0%| F|  |TAMS 0x00000000aac00000, 0x00000000aac00000| Untracked 
|  35|0x00000000aad00000, 0x00000000aad00000, 0x00000000aae00000|  0%| F|  |TAMS 0x00000000aad00000, 0x00000000aad00000| Untracked 
|  36|0x00000000aae00000, 0x00000000aae00000, 0x00000000aaf00000|  0%| F|  |TAMS 0x00000000aae00000, 0x00000000aae00000| Untracked 
|  37|0x00000000aaf00000, 0x00000000aaf00000, 0x00000000ab000000|  0%| F|  |TAMS 0x00000000aaf00000, 0x00000000aaf00000| Untracked 
|  38|0x00000000ab000000, 0x00000000ab000000, 0x00000000ab100000|  0%| F|  |TAMS 0x00000000ab000000, 0x00000000ab000000| Untracked 
|  39|0x00000000ab100000, 0x00000000ab100000, 0x00000000ab200000|  0%| F|  |TAMS 0x00000000ab100000, 0x00000000ab100000| Untracked 
|  40|0x00000000ab200000, 0x00000000ab200000, 0x00000000ab300000|  0%| F|  |TAMS 0x00000000ab200000, 0x00000000ab200000| Untracked 
|  41|0x00000000ab300000, 0x00000000ab300000, 0x00000000ab400000|  0%| F|  |TAMS 0x00000000ab300000, 0x00000000ab300000| Untracked 
|  42|0x00000000ab400000, 0x00000000ab400000, 0x00000000ab500000|  0%| F|  |TAMS 0x00000000ab400000, 0x00000000ab400000| Untracked 
|  43|0x00000000ab500000, 0x00000000ab500000, 0x00000000ab600000|  0%| F|  |TAMS 0x00000000ab500000, 0x00000000ab500000| Untracked 
|  44|0x00000000ab600000, 0x00000000ab600000, 0x00000000ab700000|  0%| F|  |TAMS 0x00000000ab600000, 0x00000000ab600000| Untracked 
|  45|0x00000000ab700000, 0x00000000ab700000, 0x00000000ab800000|  0%| F|  |TAMS 0x00000000ab700000, 0x00000000ab700000| Untracked 
|  46|0x00000000ab800000, 0x00000000ab800000, 0x00000000ab900000|  0%| F|  |TAMS 0x00000000ab800000, 0x00000000ab800000| Untracked 
|  47|0x00000000ab900000, 0x00000000ab900000, 0x00000000aba00000|  0%| F|  |TAMS 0x00000000ab900000, 0x00000000ab900000| Untracked 
|  48|0x00000000aba00000, 0x00000000aba00000, 0x00000000abb00000|  0%| F|  |TAMS 0x00000000aba00000, 0x00000000aba00000| Untracked 
|  49|0x00000000abb00000, 0x00000000abb00000, 0x00000000abc00000|  0%| F|  |TAMS 0x00000000abb00000, 0x00000000abb00000| Untracked 
|  50|0x00000000abc00000, 0x00000000abc75ff8, 0x00000000abd00000| 46%| S|CS|TAMS 0x00000000abc00000, 0x00000000abc00000| Complete 
|  51|0x00000000abd00000, 0x00000000abe00000, 0x00000000abe00000|100%| S|CS|TAMS 0x00000000abd00000, 0x00000000abd00000| Complete 
|  52|0x00000000abe00000, 0x00000000abf00000, 0x00000000abf00000|100%| S|CS|TAMS 0x00000000abe00000, 0x00000000abe00000| Complete 
|  53|0x00000000abf00000, 0x00000000ac000000, 0x00000000ac000000|100%| S|CS|TAMS 0x00000000abf00000, 0x00000000abf00000| Complete 
|  54|0x00000000ac000000, 0x00000000ac000000, 0x00000000ac100000|  0%| F|  |TAMS 0x00000000ac000000, 0x00000000ac000000| Untracked 
|  55|0x00000000ac100000, 0x00000000ac200000, 0x00000000ac200000|100%| S|CS|TAMS 0x00000000ac100000, 0x00000000ac100000| Complete 
|  56|0x00000000ac200000, 0x00000000ac200000, 0x00000000ac300000|  0%| F|  |TAMS 0x00000000ac200000, 0x00000000ac200000| Untracked 
|  57|0x00000000ac300000, 0x00000000ac300000, 0x00000000ac400000|  0%| F|  |TAMS 0x00000000ac300000, 0x00000000ac300000| Untracked 
|  58|0x00000000ac400000, 0x00000000ac400000, 0x00000000ac500000|  0%| F|  |TAMS 0x00000000ac400000, 0x00000000ac400000| Untracked 
|  59|0x00000000ac500000, 0x00000000ac600000, 0x00000000ac600000|100%| E|  |TAMS 0x00000000ac500000, 0x00000000ac500000| Complete 
|  60|0x00000000ac600000, 0x00000000ac700000, 0x00000000ac700000|100%| E|CS|TAMS 0x00000000ac600000, 0x00000000ac600000| Complete 
|  61|0x00000000ac700000, 0x00000000ac800000, 0x00000000ac800000|100%| E|CS|TAMS 0x00000000ac700000, 0x00000000ac700000| Complete 
|  62|0x00000000ac800000, 0x00000000ac900000, 0x00000000ac900000|100%| E|CS|TAMS 0x00000000ac800000, 0x00000000ac800000| Complete 
|  63|0x00000000ac900000, 0x00000000aca00000, 0x00000000aca00000|100%| E|CS|TAMS 0x00000000ac900000, 0x00000000ac900000| Complete 
|  64|0x00000000aca00000, 0x00000000acb00000, 0x00000000acb00000|100%| E|CS|TAMS 0x00000000aca00000, 0x00000000aca00000| Complete 
|  65|0x00000000acb00000, 0x00000000acc00000, 0x00000000acc00000|100%| E|CS|TAMS 0x00000000acb00000, 0x00000000acb00000| Complete 
|  66|0x00000000acc00000, 0x00000000acd00000, 0x00000000acd00000|100%| E|CS|TAMS 0x00000000acc00000, 0x00000000acc00000| Complete 
|  67|0x00000000acd00000, 0x00000000ace00000, 0x00000000ace00000|100%| E|CS|TAMS 0x00000000acd00000, 0x00000000acd00000| Complete 
|  68|0x00000000ace00000, 0x00000000acf00000, 0x00000000acf00000|100%| E|CS|TAMS 0x00000000ace00000, 0x00000000ace00000| Complete 
|  69|0x00000000acf00000, 0x00000000ad000000, 0x00000000ad000000|100%| E|CS|TAMS 0x00000000acf00000, 0x00000000acf00000| Complete 
|  70|0x00000000ad000000, 0x00000000ad100000, 0x00000000ad100000|100%| E|CS|TAMS 0x00000000ad000000, 0x00000000ad000000| Complete 
|  71|0x00000000ad100000, 0x00000000ad200000, 0x00000000ad200000|100%| E|CS|TAMS 0x00000000ad100000, 0x00000000ad100000| Complete 
|  72|0x00000000ad200000, 0x00000000ad300000, 0x00000000ad300000|100%| E|CS|TAMS 0x00000000ad200000, 0x00000000ad200000| Complete 
|  73|0x00000000ad300000, 0x00000000ad400000, 0x00000000ad400000|100%| E|CS|TAMS 0x00000000ad300000, 0x00000000ad300000| Complete 
|  74|0x00000000ad400000, 0x00000000ad500000, 0x00000000ad500000|100%| E|CS|TAMS 0x00000000ad400000, 0x00000000ad400000| Complete 
|  75|0x00000000ad500000, 0x00000000ad600000, 0x00000000ad600000|100%| E|CS|TAMS 0x00000000ad500000, 0x00000000ad500000| Complete 
|  76|0x00000000ad600000, 0x00000000ad700000, 0x00000000ad700000|100%| E|CS|TAMS 0x00000000ad600000, 0x00000000ad600000| Complete 
|  77|0x00000000ad700000, 0x00000000ad800000, 0x00000000ad800000|100%| E|CS|TAMS 0x00000000ad700000, 0x00000000ad700000| Complete 
|  78|0x00000000ad800000, 0x00000000ad900000, 0x00000000ad900000|100%| E|CS|TAMS 0x00000000ad800000, 0x00000000ad800000| Complete 
|  79|0x00000000ad900000, 0x00000000ada00000, 0x00000000ada00000|100%| E|CS|TAMS 0x00000000ad900000, 0x00000000ad900000| Complete 
|  80|0x00000000ada00000, 0x00000000adb00000, 0x00000000adb00000|100%| E|CS|TAMS 0x00000000ada00000, 0x00000000ada00000| Complete 
|  81|0x00000000adb00000, 0x00000000adc00000, 0x00000000adc00000|100%| E|CS|TAMS 0x00000000adb00000, 0x00000000adb00000| Complete 
|  82|0x00000000adc00000, 0x00000000add00000, 0x00000000add00000|100%| E|CS|TAMS 0x00000000adc00000, 0x00000000adc00000| Complete 
|  83|0x00000000add00000, 0x00000000ade00000, 0x00000000ade00000|100%| E|CS|TAMS 0x00000000add00000, 0x00000000add00000| Complete 
|  84|0x00000000ade00000, 0x00000000adf00000, 0x00000000adf00000|100%| E|CS|TAMS 0x00000000ade00000, 0x00000000ade00000| Complete 
|  85|0x00000000adf00000, 0x00000000ae000000, 0x00000000ae000000|100%| E|CS|TAMS 0x00000000adf00000, 0x00000000adf00000| Complete 
|  86|0x00000000ae000000, 0x00000000ae100000, 0x00000000ae100000|100%| E|CS|TAMS 0x00000000ae000000, 0x00000000ae000000| Complete 
|  87|0x00000000ae100000, 0x00000000ae200000, 0x00000000ae200000|100%| E|CS|TAMS 0x00000000ae100000, 0x00000000ae100000| Complete 
|  88|0x00000000ae200000, 0x00000000ae300000, 0x00000000ae300000|100%| E|CS|TAMS 0x00000000ae200000, 0x00000000ae200000| Complete 
|  89|0x00000000ae300000, 0x00000000ae400000, 0x00000000ae400000|100%| E|CS|TAMS 0x00000000ae300000, 0x00000000ae300000| Complete 
|  90|0x00000000ae400000, 0x00000000ae500000, 0x00000000ae500000|100%| E|CS|TAMS 0x00000000ae400000, 0x00000000ae400000| Complete 
|  91|0x00000000ae500000, 0x00000000ae600000, 0x00000000ae600000|100%| E|CS|TAMS 0x00000000ae500000, 0x00000000ae500000| Complete 
|  92|0x00000000ae600000, 0x00000000ae700000, 0x00000000ae700000|100%| E|CS|TAMS 0x00000000ae600000, 0x00000000ae600000| Complete 
|  93|0x00000000ae700000, 0x00000000ae800000, 0x00000000ae800000|100%| E|CS|TAMS 0x00000000ae700000, 0x00000000ae700000| Complete 
|  94|0x00000000ae800000, 0x00000000ae900000, 0x00000000ae900000|100%| E|CS|TAMS 0x00000000ae800000, 0x00000000ae800000| Complete 
|  95|0x00000000ae900000, 0x00000000aea00000, 0x00000000aea00000|100%| E|CS|TAMS 0x00000000ae900000, 0x00000000ae900000| Complete 
|  96|0x00000000aea00000, 0x00000000aeb00000, 0x00000000aeb00000|100%| E|CS|TAMS 0x00000000aea00000, 0x00000000aea00000| Complete 
|  97|0x00000000aeb00000, 0x00000000aec00000, 0x00000000aec00000|100%| E|CS|TAMS 0x00000000aeb00000, 0x00000000aeb00000| Complete 
|  98|0x00000000aec00000, 0x00000000aed00000, 0x00000000aed00000|100%| E|CS|TAMS 0x00000000aec00000, 0x00000000aec00000| Complete 
|  99|0x00000000aed00000, 0x00000000aee00000, 0x00000000aee00000|100%| E|CS|TAMS 0x00000000aed00000, 0x00000000aed00000| Complete 
| 100|0x00000000aee00000, 0x00000000aef00000, 0x00000000aef00000|100%| E|CS|TAMS 0x00000000aee00000, 0x00000000aee00000| Complete 
| 101|0x00000000aef00000, 0x00000000af000000, 0x00000000af000000|100%| E|CS|TAMS 0x00000000aef00000, 0x00000000aef00000| Complete 
| 102|0x00000000af000000, 0x00000000af100000, 0x00000000af100000|100%| E|CS|TAMS 0x00000000af000000, 0x00000000af000000| Complete 
| 103|0x00000000af100000, 0x00000000af200000, 0x00000000af200000|100%| E|CS|TAMS 0x00000000af100000, 0x00000000af100000| Complete 
| 104|0x00000000af200000, 0x00000000af300000, 0x00000000af300000|100%| E|CS|TAMS 0x00000000af200000, 0x00000000af200000| Complete 
| 105|0x00000000af300000, 0x00000000af400000, 0x00000000af400000|100%| E|CS|TAMS 0x00000000af300000, 0x00000000af300000| Complete 
| 106|0x00000000af400000, 0x00000000af500000, 0x00000000af500000|100%| E|CS|TAMS 0x00000000af400000, 0x00000000af400000| Complete 
| 107|0x00000000af500000, 0x00000000af600000, 0x00000000af600000|100%| E|CS|TAMS 0x00000000af500000, 0x00000000af500000| Complete 
| 108|0x00000000af600000, 0x00000000af700000, 0x00000000af700000|100%| E|CS|TAMS 0x00000000af600000, 0x00000000af600000| Complete 
| 109|0x00000000af700000, 0x00000000af800000, 0x00000000af800000|100%| E|CS|TAMS 0x00000000af700000, 0x00000000af700000| Complete 
| 110|0x00000000af800000, 0x00000000af900000, 0x00000000af900000|100%| E|CS|TAMS 0x00000000af800000, 0x00000000af800000| Complete 
| 111|0x00000000af900000, 0x00000000afa00000, 0x00000000afa00000|100%| E|CS|TAMS 0x00000000af900000, 0x00000000af900000| Complete 
| 112|0x00000000afa00000, 0x00000000afb00000, 0x00000000afb00000|100%| E|CS|TAMS 0x00000000afa00000, 0x00000000afa00000| Complete 
| 113|0x00000000afb00000, 0x00000000afc00000, 0x00000000afc00000|100%| E|CS|TAMS 0x00000000afb00000, 0x00000000afb00000| Complete 
|1396|0x00000000ffe00000, 0x00000000ffe35000, 0x00000000fff00000| 20%|OA|  |TAMS 0x00000000ffe35000, 0x00000000ffe00000| Untracked 
|1397|0x00000000fff00000, 0x00000000fff6a000, 0x0000000100000000| 41%|CA|  |TAMS 0x00000000fff6a000, 0x00000000fff00000| Untracked 

Card table byte_map: [0x00007f57bc84e000,0x00007f57bcb09000] _byte_map_base: 0x00007f57bc309000

Marking Bits (Prev, Next): (CMBitMap*) 0x00007f57b80465d0, (CMBitMap*) 0x00007f57b8046598
 Prev Bits: [0x00007f5799450000, 0x00007f579aa28000)
 Next Bits: [0x00007f579aa28000, 0x00007f579c000000)

Polling page: 0x00007f57c12ea000

Metaspace:

Usage:
  Non-class:     37.22 MB capacity,    36.39 MB ( 98%) used,   764.62 KB (  2%) free+waste,    91.31 KB ( <1%) overhead. 
      Class:      4.94 MB capacity,     4.54 MB ( 92%) used,   368.85 KB (  7%) free+waste,    40.88 KB ( <1%) overhead. 
       Both:     42.17 MB capacity,    40.93 MB ( 97%) used,     1.11 MB (  3%) free+waste,   132.19 KB ( <1%) overhead. 

Virtual space:
  Non-class space:       38.00 MB reserved,      37.50 MB ( 99%) committed 
      Class space:        1.00 GB reserved,       5.00 MB ( <1%) committed 
             Both:        1.04 GB reserved,      42.50 MB (  4%) committed 

Chunk freelists:
   Non-Class:  97.00 KB
       Class:  25.00 KB
        Both:  122.00 KB

CodeHeap 'non-profiled nmethods': size=120032Kb used=4000Kb max_used=4000Kb free=116031Kb
 bounds [0x00007f57a8446000, 0x00007f57a8836000, 0x00007f57af97e000]
CodeHeap 'profiled nmethods': size=120032Kb used=16851Kb max_used=16851Kb free=103180Kb
 bounds [0x00007f57a0f0e000, 0x00007f57a1f9e000, 0x00007f57a8446000]
CodeHeap 'non-nmethods': size=5696Kb used=1187Kb max_used=1237Kb free=4508Kb
 bounds [0x00007f57a097e000, 0x00007f57a0bee000, 0x00007f57a0f0e000]
 total_blobs=10531 nmethods=7345 adapters=457
 compilation: enabled
              stopped_count=0, restarted_count=0
 full_count=0

Compilation events (10 events):
Event: 397.223 Thread 0x00007f57b80e3800 nmethod 8311 0x00007f57a882d090 code [0x00007f57a882d220, 0x00007f57a882d558]
Event: 397.430 Thread 0x00007f57b80e3800 8312       4       org.apache.tomcat.util.buf.ByteChunk::flushBuffer (85 bytes)
Event: 397.437 Thread 0x00007f57b80e3800 nmethod 8312 0x00007f57a882d690 code [0x00007f57a882d880, 0x00007f57a882dfb8]
Event: 397.813 Thread 0x00007f57b80e3800 8313       4       sun.nio.cs.UTF_8::updatePositions (23 bytes)
Event: 397.815 Thread 0x00007f57b80e3800 nmethod 8313 0x00007f57a882e590 code [0x00007f57a882e760, 0x00007f57a882eb98]
Event: 397.845 Thread 0x00007f57b80e3800 8314       4       org.apache.tomcat.util.http.mapper.Mapper::compareIgnoreCase (139 bytes)
Event: 397.851 Thread 0x00007f57b80e3800 nmethod 8314 0x00007f57a882ef90 code [0x00007f57a882f140, 0x00007f57a882f658]
Event: 397.904 Thread 0x00007f57b80e3800 8315       4       org.codehaus.plexus.classworlds.realm.Entry::matches (282 bytes)
Event: 397.918 Thread 0x00007f57b80e5800 8316       3       org.apache.tomcat.util.http.fileupload.ParameterParser::hasChar (17 bytes)
Event: 397.918 Thread 0x00007f57b80e5800 nmethod 8316 0x00007f57a1f94a90 code [0x00007f57a1f94c40, 0x00007f57a1f94e10]

GC Heap History (10 events):
Event: 21.767 GC heap before
{Heap before GC invocations=14 (full 0):
 garbage-first heap   total 118784K, used 90394K [0x00000000a8a00000, 0x0000000100000000)
  region size 1024K, 69 young (70656K), 9 survivors (9216K)
 Metaspace       used 36083K, capacity 37258K, committed 37504K, reserved 1083392K
  class space    used 4074K, capacity 4461K, committed 4480K, reserved 1048576K
}
Event: 21.777 GC heap after
{Heap after GC invocations=15 (full 0):
 garbage-first heap   total 118784K, used 30827K [0x00000000a8a00000, 0x0000000100000000)
  region size 1024K, 5 young (5120K), 5 survivors (5120K)
 Metaspace       used 36083K, capacity 37258K, committed 37504K, reserved 1083392K
  class space    used 4074K, capacity 4461K, committed 4480K, reserved 1048576K
}
Event: 21.940 GC heap before
{Heap before GC invocations=15 (full 0):
 garbage-first heap   total 118784K, used 91243K [0x00000000a8a00000, 0x0000000100000000)
  region size 1024K, 64 young (65536K), 5 survivors (5120K)
 Metaspace       used 36088K, capacity 37322K, committed 37504K, reserved 1083392K
  class space    used 4074K, capacity 4461K, committed 4480K, reserved 1048576K
}
Event: 21.946 GC heap after
{Heap after GC invocations=16 (full 0):
 garbage-first heap   total 118784K, used 31786K [0x00000000a8a00000, 0x0000000100000000)
  region size 1024K, 4 young (4096K), 4 survivors (4096K)
 Metaspace       used 36088K, capacity 37322K, committed 37504K, reserved 1083392K
  class space    used 4074K, capacity 4461K, committed 4480K, reserved 1048576K
}
Event: 22.090 GC heap before
{Heap before GC invocations=16 (full 0):
 garbage-first heap   total 118784K, used 92202K [0x00000000a8a00000, 0x0000000100000000)
  region size 1024K, 63 young (64512K), 4 survivors (4096K)
 Metaspace       used 36107K, capacity 37322K, committed 37504K, reserved 1083392K
  class space    used 4076K, capacity 4461K, committed 4480K, reserved 1048576K
}
Event: 22.095 GC heap after
{Heap after GC invocations=17 (full 0):
 garbage-first heap   total 118784K, used 31803K [0x00000000a8a00000, 0x0000000100000000)
  region size 1024K, 4 young (4096K), 4 survivors (4096K)
 Metaspace       used 36107K, capacity 37322K, committed 37504K, reserved 1083392K
  class space    used 4076K, capacity 4461K, committed 4480K, reserved 1048576K
}
Event: 22.259 GC heap before
{Heap before GC invocations=17 (full 0):
 garbage-first heap   total 118784K, used 92219K [0x00000000a8a00000, 0x0000000100000000)
  region size 1024K, 63 young (64512K), 4 survivors (4096K)
 Metaspace       used 36108K, capacity 37322K, committed 37504K, reserved 1083392K
  class space    used 4076K, capacity 4461K, committed 4480K, reserved 1048576K
}
Event: 22.265 GC heap after
{Heap after GC invocations=18 (full 0):
 garbage-first heap   total 118784K, used 33213K [0x00000000a8a00000, 0x0000000100000000)
  region size 1024K, 6 young (6144K), 6 survivors (6144K)
 Metaspace       used 36108K, capacity 37322K, committed 37504K, reserved 1083392K
  class space    used 4076K, capacity 4461K, committed 4480K, reserved 1048576K
}
Event: 22.408 GC heap before
{Heap before GC invocations=18 (full 0):
 garbage-first heap   total 118784K, used 92605K [0x00000000a8a00000, 0x0000000100000000)
  region size 1024K, 64 young (65536K), 6 survivors (6144K)
 Metaspace       used 36154K, capacity 37386K, committed 37504K, reserved 1083392K
  class space    used 4080K, capacity 4461K, committed 4480K, reserved 1048576K
}
Event: 22.413 GC heap after
{Heap after GC invocations=19 (full 0):
 garbage-first heap   total 118784K, used 32734K [0x00000000a8a00000, 0x0000000100000000)
  region size 1024K, 5 young (5120K), 5 survivors (5120K)
 Metaspace       used 36154K, capacity 37386K, committed 37504K, reserved 1083392K
  class space    used 4080K, capacity 4461K, committed 4480K, reserved 1048576K
}

Deoptimization events (10 events):
Event: 392.551 Thread 0x00007f57b96d5000 Uncommon trap: reason=unstable_if action=reinterpret pc=0x00007f57a868aa14 method=sun.nio.cs.UTF_8$Encoder.encodeArrayLoop(Ljava/nio/CharBuffer;Ljava/nio/ByteBuffer;)Ljava/nio/charset/CoderResult; @ 134 c2
Event: 396.759 Thread 0x00007f5738003000 Uncommon trap: reason=class_check action=maybe_recompile pc=0x00007f57a88292bc method=jdk.internal.misc.Unsafe.allocateUninitializedArray(Ljava/lang/Class;I)Ljava/lang/Object; @ 48 c2
Event: 396.759 Thread 0x00007f5738003000 Uncommon trap: reason=class_check action=maybe_recompile pc=0x00007f57a88292bc method=jdk.internal.misc.Unsafe.allocateUninitializedArray(Ljava/lang/Class;I)Ljava/lang/Object; @ 48 c2
Event: 396.759 Thread 0x00007f5738003000 Uncommon trap: reason=class_check action=maybe_recompile pc=0x00007f57a88292bc method=jdk.internal.misc.Unsafe.allocateUninitializedArray(Ljava/lang/Class;I)Ljava/lang/Object; @ 48 c2
Event: 396.763 Thread 0x00007f5738003000 Uncommon trap: reason=class_check action=maybe_recompile pc=0x00007f57a88292bc method=jdk.internal.misc.Unsafe.allocateUninitializedArray(Ljava/lang/Class;I)Ljava/lang/Object; @ 48 c2
Event: 397.898 Thread 0x00007f5738002000 Uncommon trap: reason=unstable_if action=reinterpret pc=0x00007f57a87ea964 method=org.apache.tomcat.util.http.MimeHeaders.createHeader()Lorg/apache/tomcat/util/http/MimeHeaderField; @ 125 c2
Event: 397.898 Thread 0x00007f5738002000 Uncommon trap: reason=unstable_if action=reinterpret pc=0x00007f57a8825540 method=org.apache.tomcat.util.buf.ByteChunk.equals(Ljava/lang/String;)Z @ 24 c2
Event: 397.908 Thread 0x00007f5738002000 Uncommon trap: reason=unstable_if action=reinterpret pc=0x00007f57a85625a0 method=java.lang.CharacterDataLatin1.isWhitespace(I)Z @ 14 c2
Event: 397.913 Thread 0x00007f5738002000 Uncommon trap: reason=unstable_if action=reinterpret pc=0x00007f57a84aeb30 method=java.lang.CharacterDataLatin1.isWhitespace(I)Z @ 14 c2
Event: 397.919 Thread 0x00007f5738002000 Uncommon trap: reason=unstable_if action=reinterpret pc=0x00007f57a87d2cec method=java.lang.StringCoding.decode(Ljava/lang/String;[BII)Ljava/lang/StringCoding$Result; @ 74 c2

Classes redefined (0 events):
No events

Internal exceptions (10 events):
Event: 21.000 Thread 0x00007f57b8012800 Exception <a 'java/lang/NoSuchMethodError'{0x00000000adce1f80}: java.lang.invoke.DirectMethodHandle$Holder.invokeStatic(Ljava/lang/Object;Ljava/lang/Object;Ljava/lang/Object;Ljava/lang/Object;Ljava/lang/Object;)V> (0x00000000adce1f80) thrown at [/build/op
Event: 21.040 Thread 0x00007f57b8012800 Exception <a 'java/lang/NoSuchMethodError'{0x00000000adaf5cb8}: java.lang.invoke.DirectMethodHandle$Holder.invokeStatic(Ljava/lang/Object;Ljava/lang/Object;Ljava/lang/Object;Ljava/lang/Object;Ljava/lang/Object;Ljava/lang/Object;Ljava/lang/Object;Ljava/lan
Event: 21.040 Thread 0x00007f57b8012800 Exception <a 'java/lang/NoSuchMethodError'{0x00000000ad9042d8}: java.lang.invoke.DirectMethodHandle$Holder.invokeStatic(Ljava/lang/Object;Ljava/lang/Object;Ljava/lang/Object;Ljava/lang/Object;Ljava/lang/Object;Ljava/lang/Object;Ljava/lang/Object;Ljava/lan
Event: 21.041 Thread 0x00007f57b8012800 Exception <a 'java/lang/NoSuchMethodError'{0x00000000ad9121e8}: java.lang.invoke.DirectMethodHandle$Holder.invokeSpecial(Ljava/lang/Object;Ljava/lang/Object;IILjava/lang/Object;Ljava/lang/Object;Ljava/lang/Object;)Ljava/lang/Object;> (0x00000000ad9121e8) 
Event: 21.041 Thread 0x00007f57b8012800 Exception <a 'java/lang/NoSuchMethodError'{0x00000000ad915a18}: java.lang.invoke.DelegatingMethodHandle$Holder.reinvoke_L(Ljava/lang/Object;IILjava/lang/Object;Ljava/lang/Object;Ljava/lang/Object;)Ljava/lang/Object;> (0x00000000ad915a18) thrown at [/build
Event: 21.042 Thread 0x00007f57b8012800 Exception <a 'java/lang/NoSuchMethodError'{0x00000000ad919c98}: java.lang.invoke.DirectMethodHandle$Holder.invokeStatic(Ljava/lang/Object;Ljava/lang/Object;Ljava/lang/Object;Ljava/lang/Object;I)Ljava/lang/Object;> (0x00000000ad919c98) thrown at [/build/op
Event: 21.163 Thread 0x00007f57b8012800 Exception <a 'java/lang/ClassNotFoundException'{0x00000000ad4fc828}: sun/util/logging/resources/spi/loggingProvider> (0x00000000ad4fc828) thrown at [/build/openjdk-lts-TkRlmw/openjdk-lts-11.0.3+7/src/hotspot/share/classfile/systemDictionary.cpp, line 231]
Event: 21.275 Thread 0x00007f574c001000 Implicit null exception at 0x00007f57a867b883 to 0x00007f57a867bd82
Event: 21.275 Thread 0x00007f574c001000 Implicit null exception at 0x00007f57a864cb84 to 0x00007f57a864d0b2
Event: 22.498 Thread 0x00007f574c001000 Exception <a 'java/io/FileNotFoundException'{0x00000000aee21a30}> (0x00000000aee21a30) thrown at [/build/openjdk-lts-TkRlmw/openjdk-lts-11.0.3+7/src/hotspot/share/prims/jni.cpp, line 615]

Events (10 events):
Event: 397.923 Executing VM operation: RevokeBias
Event: 397.924 Executing VM operation: RevokeBias done
Event: 397.925 loading class org/sqlite/jdbc3/JDBC3PreparedStatement
Event: 397.925 loading class org/sqlite/jdbc3/JDBC3PreparedStatement done
Event: 397.925 loading class org/sqlite/core/CorePreparedStatement
Event: 397.925 loading class org/sqlite/core/CorePreparedStatement done
Event: 397.927 Executing VM operation: Deoptimize
Event: 397.928 Executing VM operation: Deoptimize done
Event: 397.934 Executing VM operation: RevokeBias
Event: 397.934 Executing VM operation: RevokeBias done


Dynamic libraries:
a8a00000-afc00000 rw-p 00000000 00:00 0 
afc00000-ffe00000 ---p 00000000 00:00 0 
ffe00000-ffe35000 rw-p 0111e000 08:01 1330283                            /usr/lib/jvm/java-11-openjdk-amd64/lib/server/classes.jsa
ffe35000-fff00000 rw-p 00000000 00:00 0 
fff00000-fff6a000 rw-p 010b4000 08:01 1330283                            /usr/lib/jvm/java-11-openjdk-amd64/lib/server/classes.jsa
fff6a000-100000000 rw-p 00000000 00:00 0 
800000000-800002000 rwxp 00001000 08:01 1330283                          /usr/lib/jvm/java-11-openjdk-amd64/lib/server/classes.jsa
800002000-8003bf000 rw-p 00003000 08:01 1330283                          /usr/lib/jvm/java-11-openjdk-amd64/lib/server/classes.jsa
8003bf000-800a9c000 r--p 003c0000 08:01 1330283                          /usr/lib/jvm/java-11-openjdk-amd64/lib/server/classes.jsa
800a9c000-800a9d000 rw-p 00a9d000 08:01 1330283                          /usr/lib/jvm/java-11-openjdk-amd64/lib/server/classes.jsa
800a9d000-8010b3000 r--p 00a9e000 08:01 1330283                          /usr/lib/jvm/java-11-openjdk-amd64/lib/server/classes.jsa
840000000-840500000 rw-p 00000000 00:00 0 
840500000-880000000 ---p 00000000 00:00 0 
55d76f15d000-55d76f15e000 r-xp 00000000 08:01 1329930                    /usr/lib/jvm/java-11-openjdk-amd64/bin/java
55d76f35e000-55d76f35f000 r--p 00001000 08:01 1329930                    /usr/lib/jvm/java-11-openjdk-amd64/bin/java
55d76f35f000-55d76f360000 rw-p 00002000 08:01 1329930                    /usr/lib/jvm/java-11-openjdk-amd64/bin/java
55d76f98c000-55d76f9ad000 rw-p 00000000 00:00 0                          [heap]
7f5710000000-7f571042f000 rw-p 00000000 00:00 0 
7f571042f000-7f5714000000 ---p 00000000 00:00 0 
7f5718000000-7f571b06f000 rw-p 00000000 00:00 0 
7f571b06f000-7f571c000000 ---p 00000000 00:00 0 
7f571c000000-7f571cdfe000 rw-p 00000000 00:00 0 
7f571cdfe000-7f5720000000 ---p 00000000 00:00 0 
7f5720000000-7f5723948000 rw-p 00000000 00:00 0 
7f5723948000-7f5724000000 ---p 00000000 00:00 0 
7f5724000000-7f5727a62000 rw-p 00000000 00:00 0 
7f5727a62000-7f5728000000 ---p 00000000 00:00 0 
7f5728000000-7f57297e8000 rw-p 00000000 00:00 0 
7f57297e8000-7f572c000000 ---p 00000000 00:00 0 
7f572c000000-7f572f865000 rw-p 00000000 00:00 0 
7f572f865000-7f5730000000 ---p 00000000 00:00 0 
7f5730000000-7f5730021000 rw-p 00000000 00:00 0 
7f5730021000-7f5734000000 ---p 00000000 00:00 0 
7f5734000000-7f5737a9f000 rw-p 00000000 00:00 0 
7f5737a9f000-7f5738000000 ---p 00000000 00:00 0 
7f5738000000-7f5738021000 rw-p 00000000 00:00 0 
7f5738021000-7f573c000000 ---p 00000000 00:00 0 
7f573c000000-7f573c021000 rw-p 00000000 00:00 0 
7f573c021000-7f5740000000 ---p 00000000 00:00 0 
7f5740000000-7f5740021000 rw-p 00000000 00:00 0 
7f5740021000-7f5744000000 ---p 00000000 00:00 0 
7f574620f000-7f574638f000 rw-p 00000000 00:00 0 
7f574638f000-7f574640f000 ---p 00000000 00:00 0 
7f574640f000-7f57464e0000 r-xp 00000000 08:01 1057405                    /tmp/sqlite-3.27.2.1-ebd60420-c3b8-415b-a6b6-5c4a3ef7dc3e-libsqlitejdbc.so
7f57464e0000-7f57466e0000 ---p 000d1000 08:01 1057405                    /tmp/sqlite-3.27.2.1-ebd60420-c3b8-415b-a6b6-5c4a3ef7dc3e-libsqlitejdbc.so
7f57466e0000-7f57466e6000 rw-p 000d1000 08:01 1057405                    /tmp/sqlite-3.27.2.1-ebd60420-c3b8-415b-a6b6-5c4a3ef7dc3e-libsqlitejdbc.so
7f57466e6000-7f57466e7000 rw-p 00000000 00:00 0 
7f57466e7000-7f57466eb000 ---p 00000000 00:00 0 
7f57466eb000-7f57467e8000 rw-p 00000000 00:00 0 
7f57467e8000-7f57467ec000 ---p 00000000 00:00 0 
7f57467ec000-7f57468e9000 rw-p 00000000 00:00 0 
7f57468e9000-7f57468ed000 ---p 00000000 00:00 0 
7f57468ed000-7f57469ea000 rw-p 00000000 00:00 0 
7f57469ea000-7f57469ee000 ---p 00000000 00:00 0 
7f57469ee000-7f5746aeb000 rw-p 00000000 00:00 0 
7f5746aeb000-7f5746aef000 ---p 00000000 00:00 0 
7f5746aef000-7f5746bec000 rw-p 00000000 00:00 0 
7f5746bec000-7f5746bf0000 ---p 00000000 00:00 0 
7f5746bf0000-7f5746ced000 rw-p 00000000 00:00 0 
7f5746ced000-7f5746cf1000 ---p 00000000 00:00 0 
7f5746cf1000-7f5746dee000 rw-p 00000000 00:00 0 
7f5746dee000-7f5746df2000 ---p 00000000 00:00 0 
7f5746df2000-7f57470ef000 rw-p 00000000 00:00 0 
7f57470ef000-7f57470f3000 ---p 00000000 00:00 0 
7f57470f3000-7f57471f0000 rw-p 00000000 00:00 0 
7f57471f0000-7f57471f4000 ---p 00000000 00:00 0 
7f57471f4000-7f57472f1000 rw-p 00000000 00:00 0 
7f57472f1000-7f57472f5000 ---p 00000000 00:00 0 
7f57472f5000-7f57475f2000 rw-p 00000000 00:00 0 
7f57475f2000-7f57475f4000 r-xp 00000000 08:01 1330063                    /usr/lib/jvm/java-11-openjdk-amd64/lib/libextnet.so
7f57475f4000-7f57477f3000 ---p 00002000 08:01 1330063                    /usr/lib/jvm/java-11-openjdk-amd64/lib/libextnet.so
7f57477f3000-7f57477f4000 r--p 00001000 08:01 1330063                    /usr/lib/jvm/java-11-openjdk-amd64/lib/libextnet.so
7f57477f4000-7f57477f5000 rw-p 00002000 08:01 1330063                    /usr/lib/jvm/java-11-openjdk-amd64/lib/libextnet.so
7f57477f5000-7f57479f5000 rw-p 00000000 00:00 0 
7f57479f5000-7f57479fa000 r-xp 00000000 08:01 1330080                    /usr/lib/jvm/java-11-openjdk-amd64/lib/libmanagement_ext.so
7f57479fa000-7f5747bf9000 ---p 00005000 08:01 1330080                    /usr/lib/jvm/java-11-openjdk-amd64/lib/libmanagement_ext.so
7f5747bf9000-7f5747bfa000 r--p 00004000 08:01 1330080                    /usr/lib/jvm/java-11-openjdk-amd64/lib/libmanagement_ext.so
7f5747bfa000-7f5747bfb000 rw-p 00005000 08:01 1330080                    /usr/lib/jvm/java-11-openjdk-amd64/lib/libmanagement_ext.so
7f5747bfb000-7f5747dfb000 rw-p 00000000 00:00 0 
7f5747dfb000-7f5747dff000 r-xp 00000000 08:01 1330078                    /usr/lib/jvm/java-11-openjdk-amd64/lib/libmanagement.so
7f5747dff000-7f5747ffe000 ---p 00004000 08:01 1330078                    /usr/lib/jvm/java-11-openjdk-amd64/lib/libmanagement.so
7f5747ffe000-7f5747fff000 r--p 00003000 08:01 1330078                    /usr/lib/jvm/java-11-openjdk-amd64/lib/libmanagement.so
7f5747fff000-7f5748000000 rw-p 00004000 08:01 1330078                    /usr/lib/jvm/java-11-openjdk-amd64/lib/libmanagement.so
7f5748000000-7f574bff6000 rw-p 00000000 00:00 0 
7f574bff6000-7f574c000000 ---p 00000000 00:00 0 
7f574c000000-7f574fff5000 rw-p 00000000 00:00 0 
7f574fff5000-7f5750000000 ---p 00000000 00:00 0 
7f5750000000-7f575002a000 rw-p 00000000 00:00 0 
7f575002a000-7f5754000000 ---p 00000000 00:00 0 
7f5754000000-7f5755fc2000 rw-p 00000000 00:00 0 
7f5755fc2000-7f5758000000 ---p 00000000 00:00 0 
7f5758000000-7f5758021000 rw-p 00000000 00:00 0 
7f5758021000-7f575c000000 ---p 00000000 00:00 0 
7f575c000000-7f575ca89000 rw-p 00000000 00:00 0 
7f575ca89000-7f5760000000 ---p 00000000 00:00 0 
7f5760000000-7f5760021000 rw-p 00000000 00:00 0 
7f5760021000-7f5764000000 ---p 00000000 00:00 0 
7f5764000000-7f5764021000 rw-p 00000000 00:00 0 
7f5764021000-7f5768000000 ---p 00000000 00:00 0 
7f5768000000-7f5768965000 rw-p 00000000 00:00 0 
7f5768965000-7f576c000000 ---p 00000000 00:00 0 
7f576c000000-7f576c021000 rw-p 00000000 00:00 0 
7f576c021000-7f5770000000 ---p 00000000 00:00 0 
7f5770000000-7f5770021000 rw-p 00000000 00:00 0 
7f5770021000-7f5774000000 ---p 00000000 00:00 0 
7f5774000000-7f5775a1a000 rw-p 00000000 00:00 0 
7f5775a1a000-7f5778000000 ---p 00000000 00:00 0 
7f5778000000-7f5778021000 rw-p 00000000 00:00 0 
7f5778021000-7f577c000000 ---p 00000000 00:00 0 
7f577c000000-7f577c021000 rw-p 00000000 00:00 0 
7f577c021000-7f5780000000 ---p 00000000 00:00 0 
7f5780000000-7f5780021000 rw-p 00000000 00:00 0 
7f5780021000-7f5784000000 ---p 00000000 00:00 0 
7f5784000000-7f5784103000 rw-p 00000000 00:00 0 
7f5784103000-7f5788000000 ---p 00000000 00:00 0 
7f5788000000-7f5788021000 rw-p 00000000 00:00 0 
7f5788021000-7f578c000000 ---p 00000000 00:00 0 
7f578c000000-7f578c021000 rw-p 00000000 00:00 0 
7f578c021000-7f5790000000 ---p 00000000 00:00 0 
7f57900cf000-7f57902cf000 rw-p 00000000 00:00 0 
7f57902cf000-7f57904cf000 rw-p 00000000 00:00 0 
7f57904cf000-7f57906cf000 rw-p 00000000 00:00 0 
7f57906cf000-7f57908cf000 rw-p 00000000 00:00 0 
7f57908cf000-7f5790acf000 rw-p 00000000 00:00 0 
7f5790acf000-7f5790ccf000 rw-p 00000000 00:00 0 
7f5790ccf000-7f5790cd3000 ---p 00000000 00:00 0 
7f5790cd3000-7f5790dd0000 rw-p 00000000 00:00 0 
7f5790dd0000-7f5790dd4000 ---p 00000000 00:00 0 
7f5790dd4000-7f57910d1000 rw-p 00000000 00:00 0 
7f57910d1000-7f57912d1000 rw-p 00000000 00:00 0 
7f57912d1000-7f57914d1000 rw-p 00000000 00:00 0 
7f57914d1000-7f57916d1000 rw-p 00000000 00:00 0 
7f57916d1000-7f57916d2000 ---p 00000000 00:00 0 
7f57916d2000-7f57917d3000 rw-p 00000000 00:00 0 
7f57917d3000-7f57917d7000 ---p 00000000 00:00 0 
7f57917d7000-7f57918d4000 rw-p 00000000 00:00 0 
7f57918d4000-7f57918ea000 r-xp 00000000 08:01 1330082                    /usr/lib/jvm/java-11-openjdk-amd64/lib/libnet.so
7f57918ea000-7f5791ae9000 ---p 00016000 08:01 1330082                    /usr/lib/jvm/java-11-openjdk-amd64/lib/libnet.so
7f5791ae9000-7f5791aea000 r--p 00015000 08:01 1330082                    /usr/lib/jvm/java-11-openjdk-amd64/lib/libnet.so
7f5791aea000-7f5791aeb000 rw-p 00016000 08:01 1330082                    /usr/lib/jvm/java-11-openjdk-amd64/lib/libnet.so
7f5791aeb000-7f5791afb000 r-xp 00000000 08:01 1330083                    /usr/lib/jvm/java-11-openjdk-amd64/lib/libnio.so
7f5791afb000-7f5791cfa000 ---p 00010000 08:01 1330083                    /usr/lib/jvm/java-11-openjdk-amd64/lib/libnio.so
7f5791cfa000-7f5791cfb000 r--p 0000f000 08:01 1330083                    /usr/lib/jvm/java-11-openjdk-amd64/lib/libnio.so
7f5791cfb000-7f5791cfc000 rw-p 00010000 08:01 1330083                    /usr/lib/jvm/java-11-openjdk-amd64/lib/libnio.so
7f5791cfc000-7f5791d00000 ---p 00000000 00:00 0 
7f5791d00000-7f5791dfd000 rw-p 00000000 00:00 0 
7f5791dfd000-7f5791dfe000 ---p 00000000 00:00 0 
7f5791dfe000-7f5791eff000 rw-p 00000000 00:00 0 
7f5791eff000-7f5791f03000 ---p 00000000 00:00 0 
7f5791f03000-7f5794000000 rw-p 00000000 00:00 0 
7f5794000000-7f5794021000 rw-p 00000000 00:00 0 
7f5794021000-7f5798000000 ---p 00000000 00:00 0 
7f579807f000-7f5798083000 ---p 00000000 00:00 0 
7f5798083000-7f5798180000 rw-p 00000000 00:00 0 
7f5798180000-7f5798184000 ---p 00000000 00:00 0 
7f5798184000-7f5798281000 rw-p 00000000 00:00 0 
7f5798281000-7f5798c50000 r--p 00000000 08:01 1317573                    /usr/lib/locale/locale-archive
7f5798c50000-7f5799618000 rw-p 00000000 00:00 0 
7f5799618000-7f579aa20000 ---p 00000000 00:00 0 
7f579aa20000-7f579abf0000 rw-p 00000000 00:00 0 
7f579abf0000-7f579bff8000 ---p 00000000 00:00 0 
7f579bff8000-7f579c000000 rw-p 00000000 00:00 0 
7f579c000000-7f579c04f000 rw-p 00000000 00:00 0 
7f579c04f000-7f57a0000000 ---p 00000000 00:00 0 
7f57a00f2000-7f57a00f6000 ---p 00000000 00:00 0 
7f57a00f6000-7f57a01f3000 rw-p 00000000 00:00 0 
7f57a01f3000-7f57a01f7000 ---p 00000000 00:00 0 
7f57a01f7000-7f57a02f4000 rw-p 00000000 00:00 0 
7f57a02f4000-7f57a02f8000 ---p 00000000 00:00 0 
7f57a02f8000-7f57a03f5000 rw-p 00000000 00:00 0 
7f57a03f5000-7f57a03f9000 ---p 00000000 00:00 0 
7f57a03f9000-7f57a04f6000 rw-p 00000000 00:00 0 
7f57a04f6000-7f57a04f7000 ---p 00000000 00:00 0 
7f57a04f7000-7f57a0679000 rw-p 00000000 00:00 0 
7f57a0679000-7f57a067a000 ---p 00000000 00:00 0 
7f57a067a000-7f57a077b000 rw-p 00000000 00:00 0 
7f57a077b000-7f57a077c000 ---p 00000000 00:00 0 
7f57a077c000-7f57a097e000 rw-p 00000000 00:00 0 
7f57a097e000-7f57a0bee000 rwxp 00000000 00:00 0 
7f57a0bee000-7f57a0f0e000 ---p 00000000 00:00 0 
7f57a0f0e000-7f57a1f9e000 rwxp 00000000 00:00 0 
7f57a1f9e000-7f57a8446000 ---p 00000000 00:00 0 
7f57a8446000-7f57a8836000 rwxp 00000000 00:00 0 
7f57a8836000-7f57af97e000 ---p 00000000 00:00 0 
7f57af97e000-7f57b8000000 r--s 00000000 08:01 1330092                    /usr/lib/jvm/java-11-openjdk-amd64/lib/modules
7f57b8000000-7f57b96e3000 rw-p 00000000 00:00 0 
7f57b96e3000-7f57bc000000 ---p 00000000 00:00 0 
7f57bc00f000-7f57bc013000 ---p 00000000 00:00 0 
7f57bc013000-7f57bc38f000 rw-p 00000000 00:00 0 
7f57bc38f000-7f57bc390000 ---p 00000000 00:00 0 
7f57bc390000-7f57bc491000 rw-p 00000000 00:00 0 
7f57bc491000-7f57bc492000 ---p 00000000 00:00 0 
7f57bc492000-7f57bc5cc000 rw-p 00000000 00:00 0 
7f57bc5cc000-7f57bc84d000 ---p 00000000 00:00 0 
7f57bc84d000-7f57bc887000 rw-p 00000000 00:00 0 
7f57bc887000-7f57bcb08000 ---p 00000000 00:00 0 
7f57bcb08000-7f57bcb42000 rw-p 00000000 00:00 0 
7f57bcb42000-7f57bcdc3000 ---p 00000000 00:00 0 
7f57bcdc3000-7f57bd1c8000 rw-p 00000000 00:00 0 
7f57bd1c8000-7f57bd1c9000 ---p 00000000 00:00 0 
7f57bd1c9000-7f57bd2d2000 rw-p 00000000 00:00 0 
7f57bd2d2000-7f57bd3b5000 ---p 00000000 00:00 0 
7f57bd3b5000-7f57bd3d7000 rw-p 00000000 00:00 0 
7f57bd3d7000-7f57bd4a0000 ---p 00000000 00:00 0 
7f57bd4a0000-7f57bd4a5000 r-xp 00000000 08:01 1330074                    /usr/lib/jvm/java-11-openjdk-amd64/lib/libjimage.so
7f57bd4a5000-7f57bd6a4000 ---p 00005000 08:01 1330074                    /usr/lib/jvm/java-11-openjdk-amd64/lib/libjimage.so
7f57bd6a4000-7f57bd6a5000 r--p 00004000 08:01 1330074                    /usr/lib/jvm/java-11-openjdk-amd64/lib/libjimage.so
7f57bd6a5000-7f57bd6a6000 rw-p 00005000 08:01 1330074                    /usr/lib/jvm/java-11-openjdk-amd64/lib/libjimage.so
7f57bd6a6000-7f57bd6ad000 r-xp 00000000 08:01 1330091                    /usr/lib/jvm/java-11-openjdk-amd64/lib/libzip.so
7f57bd6ad000-7f57bd8ac000 ---p 00007000 08:01 1330091                    /usr/lib/jvm/java-11-openjdk-amd64/lib/libzip.so
7f57bd8ac000-7f57bd8ad000 r--p 00006000 08:01 1330091                    /usr/lib/jvm/java-11-openjdk-amd64/lib/libzip.so
7f57bd8ad000-7f57bd8ae000 rw-p 00007000 08:01 1330091                    /usr/lib/jvm/java-11-openjdk-amd64/lib/libzip.so
7f57bd8ae000-7f57bd8b9000 r-xp 00000000 08:01 530000                     /lib/x86_64-linux-gnu/libnss_files-2.27.so
7f57bd8b9000-7f57bdab8000 ---p 0000b000 08:01 530000                     /lib/x86_64-linux-gnu/libnss_files-2.27.so
7f57bdab8000-7f57bdab9000 r--p 0000a000 08:01 530000                     /lib/x86_64-linux-gnu/libnss_files-2.27.so
7f57bdab9000-7f57bdaba000 rw-p 0000b000 08:01 530000                     /lib/x86_64-linux-gnu/libnss_files-2.27.so
7f57bdaba000-7f57bdac0000 rw-p 00000000 00:00 0 
7f57bdac0000-7f57bdad7000 r-xp 00000000 08:01 529994                     /lib/x86_64-linux-gnu/libnsl-2.27.so
7f57bdad7000-7f57bdcd6000 ---p 00017000 08:01 529994                     /lib/x86_64-linux-gnu/libnsl-2.27.so
7f57bdcd6000-7f57bdcd7000 r--p 00016000 08:01 529994                     /lib/x86_64-linux-gnu/libnsl-2.27.so
7f57bdcd7000-7f57bdcd8000 rw-p 00017000 08:01 529994                     /lib/x86_64-linux-gnu/libnsl-2.27.so
7f57bdcd8000-7f57bdcda000 rw-p 00000000 00:00 0 
7f57bdcda000-7f57bdce5000 r-xp 00000000 08:01 530011                     /lib/x86_64-linux-gnu/libnss_nis-2.27.so
7f57bdce5000-7f57bdee4000 ---p 0000b000 08:01 530011                     /lib/x86_64-linux-gnu/libnss_nis-2.27.so
7f57bdee4000-7f57bdee5000 r--p 0000a000 08:01 530011                     /lib/x86_64-linux-gnu/libnss_nis-2.27.so
7f57bdee5000-7f57bdee6000 rw-p 0000b000 08:01 530011                     /lib/x86_64-linux-gnu/libnss_nis-2.27.so
7f57bdee6000-7f57bdeee000 r-xp 00000000 08:01 529996                     /lib/x86_64-linux-gnu/libnss_compat-2.27.so
7f57bdeee000-7f57be0ee000 ---p 00008000 08:01 529996                     /lib/x86_64-linux-gnu/libnss_compat-2.27.so
7f57be0ee000-7f57be0ef000 r--p 00008000 08:01 529996                     /lib/x86_64-linux-gnu/libnss_compat-2.27.so
7f57be0ef000-7f57be0f0000 rw-p 00009000 08:01 529996                     /lib/x86_64-linux-gnu/libnss_compat-2.27.so
7f57be0f0000-7f57be119000 r-xp 00000000 08:01 1330070                    /usr/lib/jvm/java-11-openjdk-amd64/lib/libjava.so
7f57be119000-7f57be318000 ---p 00029000 08:01 1330070                    /usr/lib/jvm/java-11-openjdk-amd64/lib/libjava.so
7f57be318000-7f57be319000 r--p 00028000 08:01 1330070                    /usr/lib/jvm/java-11-openjdk-amd64/lib/libjava.so
7f57be319000-7f57be31b000 rw-p 00029000 08:01 1330070                    /usr/lib/jvm/java-11-openjdk-amd64/lib/libjava.so
7f57be31b000-7f57be328000 r-xp 00000000 08:01 1330090                    /usr/lib/jvm/java-11-openjdk-amd64/lib/libverify.so
7f57be328000-7f57be527000 ---p 0000d000 08:01 1330090                    /usr/lib/jvm/java-11-openjdk-amd64/lib/libverify.so
7f57be527000-7f57be529000 r--p 0000c000 08:01 1330090                    /usr/lib/jvm/java-11-openjdk-amd64/lib/libverify.so
7f57be529000-7f57be52a000 rw-p 0000e000 08:01 1330090                    /usr/lib/jvm/java-11-openjdk-amd64/lib/libverify.so
7f57be52a000-7f57be531000 r-xp 00000000 08:01 530051                     /lib/x86_64-linux-gnu/librt-2.27.so
7f57be531000-7f57be730000 ---p 00007000 08:01 530051                     /lib/x86_64-linux-gnu/librt-2.27.so
7f57be730000-7f57be731000 r--p 00006000 08:01 530051                     /lib/x86_64-linux-gnu/librt-2.27.so
7f57be731000-7f57be732000 rw-p 00007000 08:01 530051                     /lib/x86_64-linux-gnu/librt-2.27.so
7f57be732000-7f57be749000 r-xp 00000000 08:01 538283                     /lib/x86_64-linux-gnu/libgcc_s.so.1
7f57be749000-7f57be948000 ---p 00017000 08:01 538283                     /lib/x86_64-linux-gnu/libgcc_s.so.1
7f57be948000-7f57be949000 r--p 00016000 08:01 538283                     /lib/x86_64-linux-gnu/libgcc_s.so.1
7f57be949000-7f57be94a000 rw-p 00017000 08:01 538283                     /lib/x86_64-linux-gnu/libgcc_s.so.1
7f57be94a000-7f57beae7000 r-xp 00000000 08:01 529973                     /lib/x86_64-linux-gnu/libm-2.27.so
7f57beae7000-7f57bece6000 ---p 0019d000 08:01 529973                     /lib/x86_64-linux-gnu/libm-2.27.so
7f57bece6000-7f57bece7000 r--p 0019c000 08:01 529973                     /lib/x86_64-linux-gnu/libm-2.27.so
7f57bece7000-7f57bece8000 rw-p 0019d000 08:01 529973                     /lib/x86_64-linux-gnu/libm-2.27.so
7f57bece8000-7f57bee61000 r-xp 00000000 08:01 1316942                    /usr/lib/x86_64-linux-gnu/libstdc++.so.6.0.25
7f57bee61000-7f57bf061000 ---p 00179000 08:01 1316942                    /usr/lib/x86_64-linux-gnu/libstdc++.so.6.0.25
7f57bf061000-7f57bf06b000 r--p 00179000 08:01 1316942                    /usr/lib/x86_64-linux-gnu/libstdc++.so.6.0.25
7f57bf06b000-7f57bf06d000 rw-p 00183000 08:01 1316942                    /usr/lib/x86_64-linux-gnu/libstdc++.so.6.0.25
7f57bf06d000-7f57bf071000 rw-p 00000000 00:00 0 
7f57bf071000-7f57c0139000 r-xp 00000000 08:01 1330097                    /usr/lib/jvm/java-11-openjdk-amd64/lib/server/libjvm.so
7f57c0139000-7f57c0339000 ---p 010c8000 08:01 1330097                    /usr/lib/jvm/java-11-openjdk-amd64/lib/server/libjvm.so
7f57c0339000-7f57c03f6000 r--p 010c8000 08:01 1330097                    /usr/lib/jvm/java-11-openjdk-amd64/lib/server/libjvm.so
7f57c03f6000-7f57c042f000 rw-p 01185000 08:01 1330097                    /usr/lib/jvm/java-11-openjdk-amd64/lib/server/libjvm.so
7f57c042f000-7f57c0485000 rw-p 00000000 00:00 0 
7f57c0485000-7f57c049f000 r-xp 00000000 08:01 530043                     /lib/x86_64-linux-gnu/libpthread-2.27.so
7f57c049f000-7f57c069e000 ---p 0001a000 08:01 530043                     /lib/x86_64-linux-gnu/libpthread-2.27.so
7f57c069e000-7f57c069f000 r--p 00019000 08:01 530043                     /lib/x86_64-linux-gnu/libpthread-2.27.so
7f57c069f000-7f57c06a0000 rw-p 0001a000 08:01 530043                     /lib/x86_64-linux-gnu/libpthread-2.27.so
7f57c06a0000-7f57c06a4000 rw-p 00000000 00:00 0 
7f57c06a4000-7f57c06a7000 r-xp 00000000 08:01 529933                     /lib/x86_64-linux-gnu/libdl-2.27.so
7f57c06a7000-7f57c08a6000 ---p 00003000 08:01 529933                     /lib/x86_64-linux-gnu/libdl-2.27.so
7f57c08a6000-7f57c08a7000 r--p 00002000 08:01 529933                     /lib/x86_64-linux-gnu/libdl-2.27.so
7f57c08a7000-7f57c08a8000 rw-p 00003000 08:01 529933                     /lib/x86_64-linux-gnu/libdl-2.27.so
7f57c08a8000-7f57c08c4000 r-xp 00000000 08:01 530082                     /lib/x86_64-linux-gnu/libz.so.1.2.11
7f57c08c4000-7f57c0ac3000 ---p 0001c000 08:01 530082                     /lib/x86_64-linux-gnu/libz.so.1.2.11
7f57c0ac3000-7f57c0ac4000 r--p 0001b000 08:01 530082                     /lib/x86_64-linux-gnu/libz.so.1.2.11
7f57c0ac4000-7f57c0ac5000 rw-p 0001c000 08:01 530082                     /lib/x86_64-linux-gnu/libz.so.1.2.11
7f57c0ac5000-7f57c0cac000 r-xp 00000000 08:01 529910                     /lib/x86_64-linux-gnu/libc-2.27.so
7f57c0cac000-7f57c0eac000 ---p 001e7000 08:01 529910                     /lib/x86_64-linux-gnu/libc-2.27.so
7f57c0eac000-7f57c0eb0000 r--p 001e7000 08:01 529910                     /lib/x86_64-linux-gnu/libc-2.27.so
7f57c0eb0000-7f57c0eb2000 rw-p 001eb000 08:01 529910                     /lib/x86_64-linux-gnu/libc-2.27.so
7f57c0eb2000-7f57c0eb6000 rw-p 00000000 00:00 0 
7f57c0eb6000-7f57c0ec5000 r-xp 00000000 08:01 1330055                    /usr/lib/jvm/java-11-openjdk-amd64/lib/jli/libjli.so
7f57c0ec5000-7f57c10c5000 ---p 0000f000 08:01 1330055                    /usr/lib/jvm/java-11-openjdk-amd64/lib/jli/libjli.so
7f57c10c5000-7f57c10c6000 r--p 0000f000 08:01 1330055                    /usr/lib/jvm/java-11-openjdk-amd64/lib/jli/libjli.so
7f57c10c6000-7f57c10c7000 rw-p 00010000 08:01 1330055                    /usr/lib/jvm/java-11-openjdk-amd64/lib/jli/libjli.so
7f57c10c7000-7f57c10ee000 r-xp 00000000 08:01 529882                     /lib/x86_64-linux-gnu/ld-2.27.so
7f57c10fe000-7f57c11cd000 rw-p 00000000 00:00 0 
7f57c11cd000-7f57c11d4000 ---p 00000000 00:00 0 
7f57c11d4000-7f57c11d8000 ---p 00000000 00:00 0 
7f57c11d8000-7f57c12d7000 rw-p 00000000 00:00 0 
7f57c12e2000-7f57c12ea000 rw-s 00000000 08:01 1057350                    /tmp/hsperfdata_infernologan/12678
7f57c12ea000-7f57c12eb000 ---p 00000000 00:00 0 
7f57c12eb000-7f57c12ec000 r--p 00000000 00:00 0 
7f57c12ec000-7f57c12ee000 rw-p 00000000 00:00 0 
7f57c12ee000-7f57c12ef000 r--p 00027000 08:01 529882                     /lib/x86_64-linux-gnu/ld-2.27.so
7f57c12ef000-7f57c12f0000 rw-p 00028000 08:01 529882                     /lib/x86_64-linux-gnu/ld-2.27.so
7f57c12f0000-7f57c12f1000 rw-p 00000000 00:00 0 
7ffe59c8f000-7ffe59cb0000 rw-p 00000000 00:00 0                          [stack]
7ffe59de1000-7ffe59de4000 r--p 00000000 00:00 0                          [vvar]
7ffe59de4000-7ffe59de6000 r-xp 00000000 00:00 0                          [vdso]
ffffffffff600000-ffffffffff601000 r-xp 00000000 00:00 0                  [vsyscall]


VM Arguments:
jvm_args: -Dclassworlds.conf=/usr/share/maven/bin/m2.conf -Dmaven.home=/usr/share/maven -Dlibrary.jansi.path=/usr/share/maven/lib/jansi-native -Dmaven.multiModuleProjectDirectory=/home/infernologan/Documents/c01GroupProject/chatbot 
java_command: org.codehaus.plexus.classworlds.launcher.Launcher tomcat7:run
java_class_path (initial): /usr/share/maven/boot/plexus-classworlds-2.x.jar
Launcher Type: SUN_STANDARD

[Global flags]
     intx CICompilerCount                          = 3                                         {product} {ergonomic}
     uint ConcGCThreads                            = 1                                         {product} {ergonomic}
     uint G1ConcRefinementThreads                  = 4                                         {product} {ergonomic}
   size_t G1HeapRegionSize                         = 1048576                                   {product} {ergonomic}
    uintx GCDrainStackTargetSize                   = 64                                        {product} {ergonomic}
   size_t InitialHeapSize                          = 92274688                                  {product} {ergonomic}
   size_t MarkStackSize                            = 4194304                                   {product} {ergonomic}
   size_t MaxHeapSize                              = 1465909248                                {product} {ergonomic}
   size_t MaxNewSize                               = 878706688                                 {product} {ergonomic}
   size_t MinHeapDeltaBytes                        = 1048576                                   {product} {ergonomic}
    uintx NonNMethodCodeHeapSize                   = 5830092                                {pd product} {ergonomic}
    uintx NonProfiledCodeHeapSize                  = 122914074                              {pd product} {ergonomic}
    uintx ProfiledCodeHeapSize                     = 122914074                              {pd product} {ergonomic}
    uintx ReservedCodeCacheSize                    = 251658240                              {pd product} {ergonomic}
     bool SegmentedCodeCache                       = true                                      {product} {ergonomic}
     bool UseCompressedClassPointers               = true                                 {lp64_product} {ergonomic}
     bool UseCompressedOops                        = true                                 {lp64_product} {ergonomic}
     bool UseG1GC                                  = true                                      {product} {ergonomic}

Logging:
Log output configuration:
 #0: stdout all=warning uptime,level,tags
 #1: stderr all=off uptime,level,tags

Environment Variables:
PATH=/home/infernologan/.pyenv/shims:/home/infernologan/.pyenv/bin:/home/infernologan/.local/bin:/usr/local/sbin:/usr/local/bin:/usr/sbin:/usr/bin:/sbin:/bin:/usr/games:/usr/local/games:/snap/bin
USERNAME=infernologan
SHELL=/bin/bash
DISPLAY=:0

Signal Handlers:
SIGSEGV: [libjvm.so+0xde2f90], sa_mask[0]=11111111011111111101111111111110, sa_flags=SA_RESTART|SA_SIGINFO
SIGBUS: [libjvm.so+0xde2f90], sa_mask[0]=11111111011111111101111111111110, sa_flags=SA_RESTART|SA_SIGINFO
SIGFPE: [libjvm.so+0xde2f90], sa_mask[0]=11111111011111111101111111111110, sa_flags=SA_RESTART|SA_SIGINFO
SIGPIPE: [libjvm.so+0xbb85d0], sa_mask[0]=11111111011111111101111111111110, sa_flags=SA_RESTART|SA_SIGINFO
SIGXFSZ: [libjvm.so+0xbb85d0], sa_mask[0]=11111111011111111101111111111110, sa_flags=SA_RESTART|SA_SIGINFO
SIGILL: [libjvm.so+0xde2f90], sa_mask[0]=11111111011111111101111111111110, sa_flags=SA_RESTART|SA_SIGINFO
SIGUSR2: [libjvm.so+0xbb8470], sa_mask[0]=00000000000000000000000000000000, sa_flags=SA_RESTART|SA_SIGINFO
SIGHUP: [libjvm.so+0xbb87d0], sa_mask[0]=11111111011111111101111111111110, sa_flags=SA_RESTART|SA_SIGINFO
SIGINT: [libjvm.so+0xbb87d0], sa_mask[0]=11111111011111111101111111111110, sa_flags=SA_RESTART|SA_SIGINFO
SIGTERM: [libjvm.so+0xbb87d0], sa_mask[0]=11111111011111111101111111111110, sa_flags=SA_RESTART|SA_SIGINFO
SIGQUIT: [libjvm.so+0xbb87d0], sa_mask[0]=11111111011111111101111111111110, sa_flags=SA_RESTART|SA_SIGINFO


---------------  S Y S T E M  ---------------

OS:DISTRIB_ID=Ubuntu
DISTRIB_RELEASE=18.04
DISTRIB_CODENAME=bionic
DISTRIB_DESCRIPTION="Ubuntu 18.04.2 LTS"
uname:Linux 4.18.0-25-generic #26~18.04.1-Ubuntu SMP Thu Jun 27 07:28:31 UTC 2019 x86_64
libc:glibc 2.27 NPTL 2.27 
rlimit: STACK 8192k, CORE 0k, NPROC 22180, NOFILE 4096, AS infinity, DATA infinity, FSIZE infinity
load average:0.79 0.54 0.62

/proc/meminfo:
MemTotal:        5723500 kB
MemFree:          127588 kB
MemAvailable:     163768 kB
Buffers:            5528 kB
Cached:           298544 kB
SwapCached:        25476 kB
Active:          3055096 kB
Inactive:         692268 kB
Active(anon):    2948912 kB
Inactive(anon):   586348 kB
Active(file):     106184 kB
Inactive(file):   105920 kB
Unevictable:          32 kB
Mlocked:              32 kB
SwapTotal:       2097148 kB
SwapFree:         681608 kB
Dirty:              1232 kB
Writeback:             0 kB
AnonPages:       3422964 kB
Mapped:           277652 kB
Shmem:             92796 kB
Slab:             185232 kB
SReclaimable:      71588 kB
SUnreclaim:       113644 kB
KernelStack:       21728 kB
PageTables:       105864 kB
NFS_Unstable:          0 kB
Bounce:                0 kB
WritebackTmp:          0 kB
CommitLimit:     4958896 kB
Committed_AS:   14665332 kB
VmallocTotal:   34359738367 kB
VmallocUsed:           0 kB
VmallocChunk:          0 kB
HardwareCorrupted:     0 kB
AnonHugePages:         0 kB
ShmemHugePages:        0 kB
ShmemPmdMapped:        0 kB
CmaTotal:              0 kB
CmaFree:               0 kB
HugePages_Total:       0
HugePages_Free:        0
HugePages_Rsvd:        0
HugePages_Surp:        0
Hugepagesize:       2048 kB
Hugetlb:               0 kB
DirectMap4k:      591680 kB
DirectMap2M:     5339136 kB
DirectMap1G:           0 kB


/proc/sys/kernel/threads-max (system-wide limit on the number of threads):
44361


/proc/sys/vm/max_map_count (maximum number of memory map areas a process may have):
65530


/proc/sys/kernel/pid_max (system-wide limit on number of process identifiers):
131072



container (cgroup) information:
container_type: cgroupv1
cpu_cpuset_cpus: 0-3
cpu_memory_nodes: 0
active_processor_count: 4
cpu_quota: -1
cpu_period: 100000
cpu_shares: -1
memory_limit_in_bytes: -1
memory_and_swap_limit_in_bytes: -2
memory_soft_limit_in_bytes: -1
memory_usage_in_bytes: 3821051904
memory_max_usage_in_bytes: 344981504


CPU:total 4 (initial active 4) (1 cores per cpu, 1 threads per core) family 6 model 158 stepping 10, cmov, cx8, fxsr, mmx, sse, sse2, sse3, ssse3, sse4.1, sse4.2, popcnt, avx, avx2, aes, clmul, erms, rtm, 3dnowpref, lzcnt, tsc, tscinvbit, bmi1, bmi2, adx, fma
CPU Model and flags from /proc/cpuinfo:
model name	: Intel(R) Core(TM) i5-8500 CPU @ 3.00GHz
flags		: fpu vme de pse tsc msr pae mce cx8 apic sep mtrr pge mca cmov pat pse36 clflush mmx fxsr sse sse2 ss syscall nx pdpe1gb rdtscp lm constant_tsc arch_perfmon nopl xtopology tsc_reliable nonstop_tsc cpuid pni pclmulqdq ssse3 fma cx16 pcid sse4_1 sse4_2 x2apic movbe popcnt tsc_deadline_timer aes xsave avx f16c rdrand hypervisor lahf_lm abm 3dnowprefetch cpuid_fault invpcid_single pti ssbd ibrs ibpb stibp fsgsbase tsc_adjust bmi1 hle avx2 smep bmi2 invpcid rtm mpx rdseed adx smap clflushopt xsaveopt xsavec xsaves arat flush_l1d arch_capabilities

Memory: 4k page, physical 5723500k(127588k free), swap 2097148k(681608k free)

vm_info: OpenJDK 64-Bit Server VM (11.0.3+7-Ubuntu-1ubuntu218.04.1) for linux-amd64 JRE (11.0.3+7-Ubuntu-1ubuntu218.04.1), built on Apr 23 2019 18:34:35 by "buildd" with gcc 7.3.0

END.
