#
# A fatal error has been detected by the Java Runtime Environment:
#
#  SIGSEGV (0xb) at pc=0x00007fff6496e34c, pid=4344, tid=0x000000000000a203
#
# JRE version: Java(TM) SE Runtime Environment (8.0_181-b13) (build 1.8.0_181-b13)
# Java VM: Java HotSpot(TM) 64-Bit Server VM (25.181-b13 mixed mode bsd-amd64 compressed oops)
# Problematic frame:
# C  [libsystem_pthread.dylib+0x134c]  pthread_mutex_lock+0x0
#
# Failed to write core dump. Core dumps have been disabled. To enable core dumping, try "ulimit -c unlimited" before starting Java again
#
# If you would like to submit a bug report, please visit:
#   http://bugreport.java.com/bugreport/crash.jsp
# The crash happened outside the Java Virtual Machine in native code.
# See problematic frame for where to report the bug.
#

---------------  T H R E A D  ---------------

Current thread (0x00007fe6b53f0800):  JavaThread "http-bio-8080-exec-7" daemon [_thread_in_native, id=41475, stack(0x000070000e460000,0x000070000e560000)]

siginfo: si_signo: 11 (SIGSEGV), si_code: 0 (unknown), si_addr: 0x0000000000000000

Registers:
RAX=0x00007fe6b953dc70, RBX=0x00007fe6b953b6f0, RCX=0x0000000000000000, RDX=0x00007fe6b953b6f0
RSP=0x000070000e55e3f8, RBP=0x000070000e55e420, RSI=0x0000000000000000, RDI=0x6c69662059422052
R8 =0x00000001121214eb, R9 =0x00000000ffffffe8, R10=0x00000001120d9147, R11=0x00000001115f4867
R12=0x0000000000000000, R13=0x000000012ae40e70, R14=0x0000000129ec9290, R15=0x0000000000000000
RIP=0x00007fff6496e34c, EFLAGS=0x0000000000010202, ERR=0x0000000000000000
  TRAPNO=0x000000000000000d

Top of Stack: (sp=0x000070000e55e3f8)
0x000070000e55e3f8:   0000000129dff8aa 0000000129df598a
0x000070000e55e408:   00007fe6b953b6f0 000070000e55e4f8
0x000070000e55e418:   00007fe6b53f0800 000070000e55e440
0x000070000e55e428:   0000000129dff9e6 000000012ae40e70
0x000070000e55e438:   000070000e55e4f8 000070000e55e4c0
0x000070000e55e448:   00000001120d9173 000070000e55e4c0
0x000070000e55e458:   00000001120d8ef6 000070000e55e4c0
0x000070000e55e468:   00000001120d8ec2 0000000000000003
0x000070000e55e478:   000000079a1d0998 000070000e55e470
0x000070000e55e488:   000000012ae40e70 000070000e55e4f8
0x000070000e55e498:   000000012ae922d0 0000000000000000
0x000070000e55e4a8:   000000012ae40e70 0000000000000000
0x000070000e55e4b8:   000070000e55e4e0 000070000e55e540
0x000070000e55e4c8:   00000001120c7d00 0000000000000000
0x000070000e55e4d8:   00000001120d1d16 0000000000000000
0x000070000e55e4e8:   00007fe6b953b6f0 000000079a1d18d0
0x000070000e55e4f8:   000000079a1d0998 000070000e55e500
0x000070000e55e508:   000000012aebbb9a 000070000e55e560
0x000070000e55e518:   000000012aebfdd0 0000000000000000
0x000070000e55e528:   000000012aebbbd0 000070000e55e4e0
0x000070000e55e538:   000070000e55e558 000070000e55e5a8
0x000070000e55e548:   00000001120c7d00 000000079a1d0998
0x000070000e55e558:   0000000000000001 000000079a1d1928
0x000070000e55e568:   000070000e55e568 000000012aebbc5e
0x000070000e55e578:   000070000e55e5c0 000000012aebfdd0
0x000070000e55e588:   0000000000000000 000000012aebbc88
0x000070000e55e598:   000070000e55e558 000070000e55e5b8
0x000070000e55e5a8:   000070000e55e608 00000001120c7d45
0x000070000e55e5b8:   00000007436e3950 000000079a1d1928
0x000070000e55e5c8:   000070000e55e5c8 000000012ab63401
0x000070000e55e5d8:   000070000e55e658 000000012ab66360
0x000070000e55e5e8:   000000012af570c0 000000012ab63508 

Instructions: (pc=0x00007fff6496e34c)
0x00007fff6496e32c:   00 00 48 89 df e8 bc 7e 00 00 31 c9 48 85 c0 0f
0x00007fff6496e33c:   95 c1 89 0d c0 69 73 38 48 83 c4 08 5b 5d c3 90
0x00007fff6496e34c:   48 81 3f 5a 54 55 4d 75 6e 4c 8d 5f 27 49 83 e3
0x00007fff6496e35c:   f8 49 8b 0b f6 c1 02 75 5e 4c 8d 57 1f 49 83 e2 

Register to memory mapping:

RAX=0x00007fe6b953dc70 is an unknown value
RBX=0x00007fe6b953b6f0 is an unknown value
RCX=0x0000000000000000 is an unknown value
RDX=0x00007fe6b953b6f0 is an unknown value
RSP=0x000070000e55e3f8 is pointing into the stack for thread: 0x00007fe6b53f0800
RBP=0x000070000e55e420 is pointing into the stack for thread: 0x00007fe6b53f0800
RSI=0x0000000000000000 is an unknown value
RDI=0x6c69662059422052 is an unknown value
R8 =0x00000001121214eb is at code_begin+11 in 
[CodeBlob (0x0000000112121490)]
Framesize: 0
BufferBlob (0x0000000112121490) used for Signature Handler Temp Buffer
R9 =0x00000000ffffffe8 is an unknown value
R10=0x00000001120d9147 is at code_begin+1255 in an Interpreter codelet
method entry point (kind = native_synchronized)  [0x00000001120d8c60, 0x00000001120d9760]  2816 bytes
R11=0x00000001115f4867: throw_unsatisfied_link_error+0 in /Library/Java/JavaVirtualMachines/jdk1.8.0_181.jdk/Contents/Home/jre/lib/server/libjvm.dylib at 0x000000011110c000
R12=0x0000000000000000 is an unknown value
R13={method} {0x000000012ae40e70} 'column_int' '(JI)I' in 'org/sqlite/core/NativeDB'
R14=0x0000000129ec9290: Java_org_sqlite_core_NativeDB_clear_1progress_1handler+0xd2a76 in /private/var/folders/6s/t_70j0c900v0zmz1plggxxkr0000gn/T/sqlite-3.27.2.1-2c7cd52a-d385-46db-8a25-964cf511f9f7-libsqlitejdbc.jnilib at 0x0000000129df3000
R15=0x0000000000000000 is an unknown value


Stack: [0x000070000e460000,0x000070000e560000],  sp=0x000070000e55e3f8,  free space=1016k
Native frames: (J=compiled Java code, j=interpreted, Vv=VM code, C=native code)
C  [libsystem_pthread.dylib+0x134c]  pthread_mutex_lock+0x0
C  [sqlite-3.27.2.1-2c7cd52a-d385-46db-8a25-964cf511f9f7-libsqlitejdbc.jnilib+0xc9e6]  Java_org_sqlite_core_NativeDB_clear_1progress_1handler+0x91cc
j  org.sqlite.core.NativeDB.column_int(JI)I+0
j  org.sqlite.jdbc3.JDBC3ResultSet.getInt(I)I+18
j  org.sqlite.jdbc3.JDBC3ResultSet.getInt(Ljava/lang/String;)I+6
j  utoronto.utsc.cs.cscc01.chatbot.FilesDatabaseAdmin.list()Ljava/util/List;+65
j  utoronto.utsc.cs.cscc01.chatbot.HandleFilesServlet.listUploadedFile(Ljavax/servlet/http/HttpServletRequest;Ljavax/servlet/http/HttpServletResponse;)V+12
j  utoronto.utsc.cs.cscc01.chatbot.HandleFilesServlet.doGet(Ljavax/servlet/http/HttpServletRequest;Ljavax/servlet/http/HttpServletResponse;)V+11
j  javax.servlet.http.HttpServlet.service(Ljavax/servlet/http/HttpServletRequest;Ljavax/servlet/http/HttpServletResponse;)V+35
j  javax.servlet.http.HttpServlet.service(Ljavax/servlet/ServletRequest;Ljavax/servlet/ServletResponse;)V+30
j  org.apache.catalina.core.ApplicationFilterChain.internalDoFilter(Ljavax/servlet/ServletRequest;Ljavax/servlet/ServletResponse;)V+446
J 7112 C2 org.apache.catalina.core.ApplicationFilterChain.internalDoFilter(Ljavax/servlet/ServletRequest;Ljavax/servlet/ServletResponse;)V (624 bytes) @ 0x00000001132a5200 [0x00000001132a3840+0x19c0]
J 7100 C2 org.apache.catalina.core.ApplicationFilterChain.doFilter(Ljavax/servlet/ServletRequest;Ljavax/servlet/ServletResponse;)V (105 bytes) @ 0x0000000112ef2854 [0x0000000112ef2820+0x34]
J 6789 C1 org.apache.catalina.core.StandardWrapperValve.invoke(Lorg/apache/catalina/connector/Request;Lorg/apache/catalina/connector/Response;)V (1416 bytes) @ 0x0000000112f21874 [0x0000000112f1b060+0x6814]
J 6786 C1 org.apache.catalina.core.StandardContextValve.invoke(Lorg/apache/catalina/connector/Request;Lorg/apache/catalina/connector/Response;)V (172 bytes) @ 0x00000001128cfd0c [0x00000001128ce680+0x168c]
J 6782 C1 org.apache.catalina.authenticator.AuthenticatorBase.invoke(Lorg/apache/catalina/connector/Request;Lorg/apache/catalina/connector/Response;)V (917 bytes) @ 0x0000000112ad16e4 [0x0000000112aca240+0x74a4]
J 6780 C1 org.apache.catalina.core.StandardHostValve.invoke(Lorg/apache/catalina/connector/Request;Lorg/apache/catalina/connector/Response;)V (364 bytes) @ 0x0000000112a0243c [0x0000000112a00ce0+0x175c]
J 6779 C1 org.apache.catalina.valves.ErrorReportValve.invoke(Lorg/apache/catalina/connector/Request;Lorg/apache/catalina/connector/Response;)V (114 bytes) @ 0x0000000112cb6b5c [0x0000000112cb69a0+0x1bc]
J 6778 C1 org.apache.catalina.valves.AccessLogValve.invoke(Lorg/apache/catalina/connector/Request;Lorg/apache/catalina/connector/Response;)V (12 bytes) @ 0x00000001128b221c [0x00000001128b2080+0x19c]
J 6776 C1 org.apache.catalina.core.StandardEngineValve.invoke(Lorg/apache/catalina/connector/Request;Lorg/apache/catalina/connector/Response;)V (77 bytes) @ 0x00000001126e6aec [0x00000001126e6300+0x7ec]
J 6609 C1 org.apache.catalina.connector.CoyoteAdapter.service(Lorg/apache/coyote/Request;Lorg/apache/coyote/Response;)V (505 bytes) @ 0x00000001130beb34 [0x00000001130bd2c0+0x1874]
J 6662 C1 org.apache.coyote.http11.AbstractHttp11Processor.process(Lorg/apache/tomcat/util/net/SocketWrapper;)Lorg/apache/tomcat/util/net/AbstractEndpoint$Handler$SocketState; (1078 bytes) @ 0x00000001130fcc8c [0x00000001130f9700+0x358c]
J 7417 C2 org.apache.coyote.AbstractProtocol$AbstractConnectionHandler.process(Lorg/apache/tomcat/util/net/SocketWrapper;Lorg/apache/tomcat/util/net/SocketStatus;)Lorg/apache/tomcat/util/net/AbstractEndpoint$Handler$SocketState; (730 bytes) @ 0x00000001132ee340 [0x00000001132edf80+0x3c0]
J 7366 C1 org.apache.tomcat.util.net.JIoEndpoint$SocketProcessor.run()V (608 bytes) @ 0x0000000113241e9c [0x0000000113241a80+0x41c]
j  java.util.concurrent.ThreadPoolExecutor.runWorker(Ljava/util/concurrent/ThreadPoolExecutor$Worker;)V+95
j  java.util.concurrent.ThreadPoolExecutor$Worker.run()V+5
j  java.lang.Thread.run()V+11
v  ~StubRoutines::call_stub
V  [libjvm.dylib+0x2efcba]
V  [libjvm.dylib+0x2f045e]
V  [libjvm.dylib+0x2f060a]
V  [libjvm.dylib+0x34aef9]
V  [libjvm.dylib+0x56fa7f]
V  [libjvm.dylib+0x57117a]
V  [libjvm.dylib+0x48e342]
C  [libsystem_pthread.dylib+0x3661]  _pthread_body+0x154
C  [libsystem_pthread.dylib+0x350d]  _pthread_body+0x0
C  [libsystem_pthread.dylib+0x2bf9]  thread_start+0xd
C  0x0000000000000000

Java frames: (J=compiled Java code, j=interpreted, Vv=VM code)
j  org.sqlite.core.NativeDB.column_int(JI)I+0
j  org.sqlite.jdbc3.JDBC3ResultSet.getInt(I)I+18
j  org.sqlite.jdbc3.JDBC3ResultSet.getInt(Ljava/lang/String;)I+6
j  utoronto.utsc.cs.cscc01.chatbot.FilesDatabaseAdmin.list()Ljava/util/List;+65
j  utoronto.utsc.cs.cscc01.chatbot.HandleFilesServlet.listUploadedFile(Ljavax/servlet/http/HttpServletRequest;Ljavax/servlet/http/HttpServletResponse;)V+12
j  utoronto.utsc.cs.cscc01.chatbot.HandleFilesServlet.doGet(Ljavax/servlet/http/HttpServletRequest;Ljavax/servlet/http/HttpServletResponse;)V+11
j  javax.servlet.http.HttpServlet.service(Ljavax/servlet/http/HttpServletRequest;Ljavax/servlet/http/HttpServletResponse;)V+35
j  javax.servlet.http.HttpServlet.service(Ljavax/servlet/ServletRequest;Ljavax/servlet/ServletResponse;)V+30
j  org.apache.catalina.core.ApplicationFilterChain.internalDoFilter(Ljavax/servlet/ServletRequest;Ljavax/servlet/ServletResponse;)V+446
J 7112 C2 org.apache.catalina.core.ApplicationFilterChain.internalDoFilter(Ljavax/servlet/ServletRequest;Ljavax/servlet/ServletResponse;)V (624 bytes) @ 0x00000001132a5200 [0x00000001132a3840+0x19c0]
J 7100 C2 org.apache.catalina.core.ApplicationFilterChain.doFilter(Ljavax/servlet/ServletRequest;Ljavax/servlet/ServletResponse;)V (105 bytes) @ 0x0000000112ef2854 [0x0000000112ef2820+0x34]
J 6789 C1 org.apache.catalina.core.StandardWrapperValve.invoke(Lorg/apache/catalina/connector/Request;Lorg/apache/catalina/connector/Response;)V (1416 bytes) @ 0x0000000112f21874 [0x0000000112f1b060+0x6814]
J 6786 C1 org.apache.catalina.core.StandardContextValve.invoke(Lorg/apache/catalina/connector/Request;Lorg/apache/catalina/connector/Response;)V (172 bytes) @ 0x00000001128cfd0c [0x00000001128ce680+0x168c]
J 6782 C1 org.apache.catalina.authenticator.AuthenticatorBase.invoke(Lorg/apache/catalina/connector/Request;Lorg/apache/catalina/connector/Response;)V (917 bytes) @ 0x0000000112ad16e4 [0x0000000112aca240+0x74a4]
J 6780 C1 org.apache.catalina.core.StandardHostValve.invoke(Lorg/apache/catalina/connector/Request;Lorg/apache/catalina/connector/Response;)V (364 bytes) @ 0x0000000112a0243c [0x0000000112a00ce0+0x175c]
J 6779 C1 org.apache.catalina.valves.ErrorReportValve.invoke(Lorg/apache/catalina/connector/Request;Lorg/apache/catalina/connector/Response;)V (114 bytes) @ 0x0000000112cb6b5c [0x0000000112cb69a0+0x1bc]
J 6778 C1 org.apache.catalina.valves.AccessLogValve.invoke(Lorg/apache/catalina/connector/Request;Lorg/apache/catalina/connector/Response;)V (12 bytes) @ 0x00000001128b221c [0x00000001128b2080+0x19c]
J 6776 C1 org.apache.catalina.core.StandardEngineValve.invoke(Lorg/apache/catalina/connector/Request;Lorg/apache/catalina/connector/Response;)V (77 bytes) @ 0x00000001126e6aec [0x00000001126e6300+0x7ec]
J 6609 C1 org.apache.catalina.connector.CoyoteAdapter.service(Lorg/apache/coyote/Request;Lorg/apache/coyote/Response;)V (505 bytes) @ 0x00000001130beb34 [0x00000001130bd2c0+0x1874]
J 6662 C1 org.apache.coyote.http11.AbstractHttp11Processor.process(Lorg/apache/tomcat/util/net/SocketWrapper;)Lorg/apache/tomcat/util/net/AbstractEndpoint$Handler$SocketState; (1078 bytes) @ 0x00000001130fcc8c [0x00000001130f9700+0x358c]
J 7417 C2 org.apache.coyote.AbstractProtocol$AbstractConnectionHandler.process(Lorg/apache/tomcat/util/net/SocketWrapper;Lorg/apache/tomcat/util/net/SocketStatus;)Lorg/apache/tomcat/util/net/AbstractEndpoint$Handler$SocketState; (730 bytes) @ 0x00000001132ee340 [0x00000001132edf80+0x3c0]
J 7366 C1 org.apache.tomcat.util.net.JIoEndpoint$SocketProcessor.run()V (608 bytes) @ 0x0000000113241e9c [0x0000000113241a80+0x41c]
j  java.util.concurrent.ThreadPoolExecutor.runWorker(Ljava/util/concurrent/ThreadPoolExecutor$Worker;)V+95
j  java.util.concurrent.ThreadPoolExecutor$Worker.run()V+5
j  java.lang.Thread.run()V+11
v  ~StubRoutines::call_stub

---------------  P R O C E S S  ---------------

Java Threads: ( => current thread )
  0x00007fe6b2936000 JavaThread "Okio Watchdog" daemon [_thread_blocked, id=39939, stack(0x000070000e86c000,0x000070000e96c000)]
  0x00007fe6b899c000 JavaThread "OkHttp ConnectionPool" daemon [_thread_blocked, id=3351, stack(0x000070000d93f000,0x000070000da3f000)]
  0x00007fe6b7dd3800 JavaThread "http-bio-8080-exec-10" daemon [_thread_blocked, id=40195, stack(0x000070000e769000,0x000070000e869000)]
  0x00007fe6b91a6800 JavaThread "http-bio-8080-exec-9" daemon [_thread_blocked, id=40707, stack(0x000070000e666000,0x000070000e766000)]
  0x00007fe6b8154000 JavaThread "http-bio-8080-exec-8" daemon [_thread_in_Java, id=41219, stack(0x000070000e563000,0x000070000e663000)]
=>0x00007fe6b53f0800 JavaThread "http-bio-8080-exec-7" daemon [_thread_in_native, id=41475, stack(0x000070000e460000,0x000070000e560000)]
  0x00007fe6b7106800 JavaThread "http-bio-8080-exec-6" daemon [_thread_blocked, id=23299, stack(0x000070000e35d000,0x000070000e45d000)]
  0x00007fe6b7e53800 JavaThread "http-bio-8080-exec-5" daemon [_thread_blocked, id=22787, stack(0x000070000e25a000,0x000070000e35a000)]
  0x00007fe6b55e8800 JavaThread "http-bio-8080-exec-4" daemon [_thread_blocked, id=42243, stack(0x000070000e157000,0x000070000e257000)]
  0x00007fe6b8138800 JavaThread "http-bio-8080-exec-3" daemon [_thread_blocked, id=22531, stack(0x000070000e054000,0x000070000e154000)]
  0x00007fe6b981f000 JavaThread "http-bio-8080-exec-2" daemon [_thread_in_native, id=22275, stack(0x000070000df51000,0x000070000e051000)]
  0x00007fe6b51a6000 JavaThread "http-bio-8080-exec-1" daemon [_thread_blocked, id=43267, stack(0x000070000de4e000,0x000070000df4e000)]
  0x00007fe6b8205000 JavaThread "http-bio-8080-AsyncTimeout" daemon [_thread_blocked, id=21763, stack(0x000070000dd4b000,0x000070000de4b000)]
  0x00007fe6b8c58800 JavaThread "http-bio-8080-Acceptor-0" daemon [_thread_in_native, id=15619, stack(0x000070000dc48000,0x000070000dd48000)]
  0x00007fe6b6eeb000 JavaThread "ContainerBackgroundProcessor[StandardEngine[Tomcat]]" daemon [_thread_blocked, id=16387, stack(0x000070000db45000,0x000070000dc45000)]
  0x00007fe6b7e95800 JavaThread "Thread-3" daemon [_thread_in_native, id=16643, stack(0x000070000da42000,0x000070000db42000)]
  0x00007fe6b59ad800 JavaThread "process reaper" daemon [_thread_blocked, id=4615, stack(0x000070000c889000,0x000070000c8b1000)]
  0x00007fe6b3812000 JavaThread "Service Thread" daemon [_thread_blocked, id=17411, stack(0x000070000d636000,0x000070000d736000)]
  0x00007fe6b3039000 JavaThread "C1 CompilerThread2" daemon [_thread_blocked, id=14339, stack(0x000070000d533000,0x000070000d633000)]
  0x00007fe6b4028800 JavaThread "C2 CompilerThread1" daemon [_thread_blocked, id=17923, stack(0x000070000d430000,0x000070000d530000)]
  0x00007fe6b3807000 JavaThread "C2 CompilerThread0" daemon [_thread_blocked, id=13571, stack(0x000070000d32d000,0x000070000d42d000)]
  0x00007fe6b3800800 JavaThread "Signal Dispatcher" daemon [_thread_blocked, id=13315, stack(0x000070000d22a000,0x000070000d32a000)]
  0x00007fe6b2819000 JavaThread "Finalizer" daemon [_thread_blocked, id=20483, stack(0x000070000d127000,0x000070000d227000)]
  0x00007fe6b3805800 JavaThread "Reference Handler" daemon [_thread_blocked, id=20739, stack(0x000070000d024000,0x000070000d124000)]
  0x00007fe6b2803000 JavaThread "main" [_thread_blocked, id=9731, stack(0x000070000ca12000,0x000070000cb12000)]

Other Threads:
  0x00007fe6b3030800 VMThread [stack: 0x000070000cf21000,0x000070000d021000] [id=11267]
  0x00007fe6b285d800 WatcherThread [stack: 0x000070000d739000,0x000070000d839000] [id=17155]

VM state:not at safepoint (normal execution)

VM Mutex/Monitor currently owned by a thread: None

Heap:
 PSYoungGen      total 275968K, used 115434K [0x0000000795580000, 0x00000007ad100000, 0x00000007c0000000)
  eden space 243200K, 34% used [0x0000000795580000,0x000000079a642198,0x00000007a4300000)
  from space 32768K, 99% used [0x00000007a4300000,0x00000007a62f88f0,0x00000007a6300000)
  to   space 39936K, 0% used [0x00000007aaa00000,0x00000007aaa00000,0x00000007ad100000)
 ParOldGen       total 142336K, used 60747K [0x0000000740000000, 0x0000000748b00000, 0x0000000795580000)
  object space 142336K, 42% used [0x0000000740000000,0x0000000743b52ce0,0x0000000748b00000)
 Metaspace       used 41558K, capacity 42416K, committed 42752K, reserved 1087488K
  class space    used 4759K, capacity 5026K, committed 5120K, reserved 1048576K

Card table byte_map: [0x00000001107c0000,0x0000000110bc1000] byte_map_base: 0x000000010cdc0000

Marking Bits: (ParMarkBitMap*) 0x0000000111a05cd0
 Begin Bits: [0x00000001210c0000, 0x00000001230c0000)
 End Bits:   [0x00000001230c0000, 0x00000001250c0000)

Polling page: 0x000000010fb5f000

CodeCache: size=245760Kb used=18556Kb max_used=18568Kb free=227203Kb
 bounds [0x00000001120c0000, 0x0000000113300000, 0x00000001210c0000]
 total_blobs=6548 nmethods=6059 adapters=402
 compilation: enabled

Compilation events (10 events):
Event: 68.431 Thread 0x00007fe6b3039000 7427       3       sun.util.calendar.BaseCalendar$Date::hit (24 bytes)
Event: 68.431 Thread 0x00007fe6b3039000 nmethod 7427 0x00000001131909d0 code [0x0000000113190b40, 0x0000000113190d30]
Event: 68.431 Thread 0x00007fe6b3039000 7428       3       sun.util.calendar.BaseCalendar::getDayOfWeekFromFixedDate (26 bytes)
Event: 68.432 Thread 0x00007fe6b3039000 nmethod 7428 0x000000011323fb10 code [0x000000011323fca0, 0x0000000113240030]
Event: 68.432 Thread 0x00007fe6b3039000 7429       3       sun.util.calendar.Gregorian$Date::setNormalizedYear (7 bytes)
Event: 68.432 Thread 0x00007fe6b3039000 nmethod 7429 0x000000011323f690 code [0x000000011323f800, 0x000000011323fa70]
Event: 68.432 Thread 0x00007fe6b3039000 7431  s    1       java.io.ByteArrayInputStream::available (10 bytes)
Event: 68.432 Thread 0x00007fe6b3039000 nmethod 7431 0x000000011323f250 code [0x000000011323f3a0, 0x000000011323f610]
Event: 68.432 Thread 0x00007fe6b3039000 7430       3       sun.util.calendar.CalendarDate::setDayOfWeek (6 bytes)
Event: 68.432 Thread 0x00007fe6b3039000 nmethod 7430 0x000000011323ef50 code [0x000000011323f0a0, 0x000000011323f1f0]

GC Heap History (10 events):
Event: 31.527 GC heap before
{Heap before GC invocations=7 (full 1):
 PSYoungGen      total 138752K, used 10618K [0x0000000795580000, 0x00000007a6e80000, 0x00000007c0000000)
  eden space 128000K, 0% used [0x0000000795580000,0x0000000795580000,0x000000079d280000)
  from space 10752K, 98% used [0x00000007a6400000,0x00000007a6e5eae8,0x00000007a6e80000)
  to   space 11776K, 0% used [0x00000007a5780000,0x00000007a5780000,0x00000007a6300000)
 ParOldGen       total 87552K, used 11650K [0x0000000740000000, 0x0000000745580000, 0x0000000795580000)
  object space 87552K, 13% used [0x0000000740000000,0x0000000740b60810,0x0000000745580000)
 Metaspace       used 20653K, capacity 21186K, committed 21296K, reserved 1069056K
  class space    used 2443K, capacity 2647K, committed 2688K, reserved 1048576K
Event: 31.596 GC heap after
Heap after GC invocations=7 (full 1):
 PSYoungGen      total 138752K, used 0K [0x0000000795580000, 0x00000007a6e80000, 0x00000007c0000000)
  eden space 128000K, 0% used [0x0000000795580000,0x0000000795580000,0x000000079d280000)
  from space 10752K, 0% used [0x00000007a6400000,0x00000007a6400000,0x00000007a6e80000)
  to   space 11776K, 0% used [0x00000007a5780000,0x00000007a5780000,0x00000007a6300000)
 ParOldGen       total 59392K, used 13694K [0x0000000740000000, 0x0000000743a00000, 0x0000000795580000)
  object space 59392K, 23% used [0x0000000740000000,0x0000000740d5f9e0,0x0000000743a00000)
 Metaspace       used 20653K, capacity 21186K, committed 21296K, reserved 1069056K
  class space    used 2443K, capacity 2647K, committed 2688K, reserved 1048576K
}
Event: 33.517 GC heap before
{Heap before GC invocations=8 (full 1):
 PSYoungGen      total 138752K, used 128000K [0x0000000795580000, 0x00000007a6e80000, 0x00000007c0000000)
  eden space 128000K, 100% used [0x0000000795580000,0x000000079d280000,0x000000079d280000)
  from space 10752K, 0% used [0x00000007a6400000,0x00000007a6400000,0x00000007a6e80000)
  to   space 11776K, 0% used [0x00000007a5780000,0x00000007a5780000,0x00000007a6300000)
 ParOldGen       total 59392K, used 13694K [0x0000000740000000, 0x0000000743a00000, 0x0000000795580000)
  object space 59392K, 23% used [0x0000000740000000,0x0000000740d5f9e0,0x0000000743a00000)
 Metaspace       used 31945K, capacity 32644K, committed 32768K, reserved 1077248K
  class space    used 3752K, capacity 3996K, committed 4096K, reserved 1048576K
Event: 33.545 GC heap after
Heap after GC invocations=8 (full 1):
 PSYoungGen      total 245760K, used 11771K [0x0000000795580000, 0x00000007a6480000, 0x00000007c0000000)
  eden space 233984K, 0% used [0x0000000795580000,0x0000000795580000,0x00000007a3a00000)
  from space 11776K, 99% used [0x00000007a5780000,0x00000007a62fef38,0x00000007a6300000)
  to   space 1536K, 0% used [0x00000007a6300000,0x00000007a6300000,0x00000007a6480000)
 ParOldGen       total 59392K, used 22630K [0x0000000740000000, 0x0000000743a00000, 0x0000000795580000)
  object space 59392K, 38% used [0x0000000740000000,0x0000000741619810,0x0000000743a00000)
 Metaspace       used 31945K, capacity 32644K, committed 32768K, reserved 1077248K
  class space    used 3752K, capacity 3996K, committed 4096K, reserved 1048576K
}
Event: 34.586 GC heap before
{Heap before GC invocations=9 (full 1):
 PSYoungGen      total 245760K, used 245755K [0x0000000795580000, 0x00000007a6480000, 0x00000007c0000000)
  eden space 233984K, 100% used [0x0000000795580000,0x00000007a3a00000,0x00000007a3a00000)
  from space 11776K, 99% used [0x00000007a5780000,0x00000007a62fef38,0x00000007a6300000)
  to   space 1536K, 0% used [0x00000007a6300000,0x00000007a6300000,0x00000007a6480000)
 ParOldGen       total 59392K, used 22630K [0x0000000740000000, 0x0000000743a00000, 0x0000000795580000)
  object space 59392K, 38% used [0x0000000740000000,0x0000000741619810,0x0000000743a00000)
 Metaspace       used 32051K, capacity 32772K, committed 33024K, reserved 1079296K
  class space    used 3755K, capacity 3996K, committed 4096K, reserved 1048576K
Event: 34.630 GC heap after
Heap after GC invocations=9 (full 1):
 PSYoungGen      total 244736K, used 1520K [0x0000000795580000, 0x00000007b4580000, 0x00000007c0000000)
  eden space 243200K, 0% used [0x0000000795580000,0x0000000795580000,0x00000007a4300000)
  from space 1536K, 98% used [0x00000007a6300000,0x00000007a647c040,0x00000007a6480000)
  to   space 32768K, 0% used [0x00000007a4300000,0x00000007a4300000,0x00000007a6300000)
 ParOldGen       total 67072K, used 66868K [0x0000000740000000, 0x0000000744180000, 0x0000000795580000)
  object space 67072K, 99% used [0x0000000740000000,0x000000074414d200,0x0000000744180000)
 Metaspace       used 32051K, capacity 32772K, committed 33024K, reserved 1079296K
  class space    used 3755K, capacity 3996K, committed 4096K, reserved 1048576K
}
Event: 34.630 GC heap before
{Heap before GC invocations=10 (full 2):
 PSYoungGen      total 244736K, used 1520K [0x0000000795580000, 0x00000007b4580000, 0x00000007c0000000)
  eden space 243200K, 0% used [0x0000000795580000,0x0000000795580000,0x00000007a4300000)
  from space 1536K, 98% used [0x00000007a6300000,0x00000007a647c040,0x00000007a6480000)
  to   space 32768K, 0% used [0x00000007a4300000,0x00000007a4300000,0x00000007a6300000)
 ParOldGen       total 67072K, used 66868K [0x0000000740000000, 0x0000000744180000, 0x0000000795580000)
  object space 67072K, 99% used [0x0000000740000000,0x000000074414d200,0x0000000744180000)
 Metaspace       used 32051K, capacity 32772K, committed 33024K, reserved 1079296K
  class space    used 3755K, capacity 3996K, committed 4096K, reserved 1048576K
Event: 34.731 GC heap after
Heap after GC invocations=10 (full 2):
 PSYoungGen      total 244736K, used 0K [0x0000000795580000, 0x00000007b4580000, 0x00000007c0000000)
  eden space 243200K, 0% used [0x0000000795580000,0x0000000795580000,0x00000007a4300000)
  from space 1536K, 0% used [0x00000007a6300000,0x00000007a6300000,0x00000007a6480000)
  to   space 32768K, 0% used [0x00000007a4300000,0x00000007a4300000,0x00000007a6300000)
 ParOldGen       total 142336K, used 56202K [0x0000000740000000, 0x0000000748b00000, 0x0000000795580000)
  object space 142336K, 39% used [0x0000000740000000,0x00000007436e28f0,0x0000000748b00000)
 Metaspace       used 32051K, capacity 32772K, committed 33024K, reserved 1079296K
  class space    used 3755K, capacity 3996K, committed 4096K, reserved 1048576K
}
Event: 46.177 GC heap before
{Heap before GC invocations=11 (full 2):
 PSYoungGen      total 244736K, used 243200K [0x0000000795580000, 0x00000007b4580000, 0x00000007c0000000)
  eden space 243200K, 100% used [0x0000000795580000,0x00000007a4300000,0x00000007a4300000)
  from space 1536K, 0% used [0x00000007a6300000,0x00000007a6300000,0x00000007a6480000)
  to   space 32768K, 0% used [0x00000007a4300000,0x00000007a4300000,0x00000007a6300000)
 ParOldGen       total 142336K, used 56202K [0x0000000740000000, 0x0000000748b00000, 0x0000000795580000)
  object space 142336K, 39% used [0x0000000740000000,0x00000007436e28f0,0x0000000748b00000)
 Metaspace       used 39467K, capacity 40334K, committed 40448K, reserved 1085440K
  class space    used 4536K, capacity 4823K, committed 4864K, reserved 1048576K
Event: 46.202 GC heap after
Heap after GC invocations=11 (full 2):
 PSYoungGen      total 275968K, used 32738K [0x0000000795580000, 0x00000007ad100000, 0x00000007c0000000)
  eden space 243200K, 0% used [0x0000000795580000,0x0000000795580000,0x00000007a4300000)
  from space 32768K, 99% used [0x00000007a4300000,0x00000007a62f88f0,0x00000007a6300000)
  to   space 39936K, 0% used [0x00000007aaa00000,0x00000007aaa00000,0x00000007ad100000)
 ParOldGen       total 142336K, used 60747K [0x0000000740000000, 0x0000000748b00000, 0x0000000795580000)
  object space 142336K, 42% used [0x0000000740000000,0x0000000743b52ce0,0x0000000748b00000)
 Metaspace       used 39467K, capacity 40334K, committed 40448K, reserved 1085440K
  class space    used 4536K, capacity 4823K, committed 4864K, reserved 1048576K
}

Deoptimization events (10 events):
Event: 63.351 Thread 0x00007fe6b9256000 Uncommon trap: reason=class_check action=maybe_recompile pc=0x0000000112c7c274 method=java.lang.reflect.Field.getAnnotation(Ljava/lang/Class;)Ljava/lang/annotation/Annotation; @ 19
Event: 63.351 Thread 0x00007fe6b9256000 Uncommon trap: reason=class_check action=maybe_recompile pc=0x0000000112c7c274 method=java.lang.reflect.Field.getAnnotation(Ljava/lang/Class;)Ljava/lang/annotation/Annotation; @ 19
Event: 63.351 Thread 0x00007fe6b9256000 Uncommon trap: reason=unstable_if action=reinterpret pc=0x000000011319069c method=com.google.gson.internal.bind.TypeAdapters$33.create(Lcom/google/gson/Gson;Lcom/google/gson/reflect/TypeToken;)Lcom/google/gson/TypeAdapter; @ 18
Event: 63.578 Thread 0x00007fe6b8154000 Uncommon trap: reason=bimorphic action=maybe_recompile pc=0x000000011267b3d4 method=java.util.regex.Pattern$5.isSatisfiedBy(I)Z @ 5
Event: 63.578 Thread 0x00007fe6b8154000 Uncommon trap: reason=unstable_if action=reinterpret pc=0x00000001123dbca0 method=java.lang.AbstractStringBuilder.append(J)Ljava/lang/AbstractStringBuilder; @ 20
Event: 68.433 Thread 0x00007fe6b8154000 Uncommon trap: reason=unstable_if action=reinterpret pc=0x0000000112851ed4 method=com.google.gson.internal.$Gson$Types.canonicalize(Ljava/lang/reflect/Type;)Ljava/lang/reflect/Type; @ 45
Event: 68.433 Thread 0x00007fe6b8154000 Uncommon trap: reason=class_check action=maybe_recompile pc=0x00000001132f6204 method=com.google.gson.internal.$Gson$Types.resolveTypeVariable(Ljava/lang/reflect/Type;Ljava/lang/Class;Ljava/lang/reflect/TypeVariable;)Ljava/lang/reflect/Type; @ 39
Event: 68.454 Thread 0x00007fe6b53f0800 Uncommon trap: reason=unstable_if action=reinterpret pc=0x00000001132aa95c method=org.sqlite.jdbc3.JDBC3ResultSet.next()Z @ 4
Event: 68.455 Thread 0x00007fe6b8154000 Uncommon trap: reason=unstable_if action=reinterpret pc=0x0000000112df6758 method=org.sqlite.core.DB.close()V @ 111
Event: 68.455 Thread 0x00007fe6b8154000 Uncommon trap: reason=predicate action=maybe_recompile pc=0x000000011234289c method=java.nio.charset.CharsetEncoder.encode(Ljava/nio/CharBuffer;Ljava/nio/ByteBuffer;Z)Ljava/nio/charset/CoderResult; @ 54

Classes redefined (0 events):
No events

Internal exceptions (10 events):
Event: 7.086 Thread 0x00007fe6b2803000 Exception <a 'java/lang/NoSuchFieldError': method resolution failed> (0x0000000796658410) thrown at [/Users/java_re/workspace/8-2-build-macosx-x86_64/jdk8u181/11358/hotspot/src/share/vm/prims/methodHandles.cpp, line 1167]
Event: 31.390 Thread 0x00007fe6b2803000 Exception <a 'java/lang/ClassNotFoundException': com/sun/tools/javac/api/JavacTool> (0x000000079b055270) thrown at [/Users/java_re/workspace/8-2-build-macosx-x86_64/jdk8u181/11358/hotspot/src/share/vm/classfile/systemDictionary.cpp, line 210]
Event: 32.010 Thread 0x00007fe6b2803000 Exception <a 'java/io/FileNotFoundException'> (0x00000007966252f0) thrown at [/Users/java_re/workspace/8-2-build-macosx-x86_64/jdk8u181/11358/hotspot/src/share/vm/prims/jni.cpp, line 709]
Event: 32.012 Thread 0x00007fe6b2803000 Exception <a 'java/io/FileNotFoundException'> (0x000000079665b338) thrown at [/Users/java_re/workspace/8-2-build-macosx-x86_64/jdk8u181/11358/hotspot/src/share/vm/prims/jni.cpp, line 709]
Event: 32.862 Thread 0x00007fe6b2803000 Exception <a 'java/io/FileNotFoundException'> (0x000000079a704098) thrown at [/Users/java_re/workspace/8-2-build-macosx-x86_64/jdk8u181/11358/hotspot/src/share/vm/prims/jni.cpp, line 709]
Event: 33.270 Thread 0x00007fe6b574c000 Implicit null exception at 0x00000001128e9aaa to 0x00000001128eaed9
Event: 33.320 Thread 0x00007fe6b574c000 Implicit null exception at 0x0000000112315d75 to 0x0000000112316135
Event: 33.320 Thread 0x00007fe6b574c000 Implicit null exception at 0x00000001122eb0f6 to 0x00000001122eb4b5
Event: 35.523 Thread 0x00007fe6b574c000 Exception <a 'java/io/FileNotFoundException'> (0x00000007a0305260) thrown at [/Users/java_re/workspace/8-2-build-macosx-x86_64/jdk8u181/11358/hotspot/src/share/vm/prims/jni.cpp, line 709]
Event: 41.033 Thread 0x00007fe6b7dd3800 Exception <a 'java/io/FileNotFoundException'> (0x00000007a21ab558) thrown at [/Users/java_re/workspace/8-2-build-macosx-x86_64/jdk8u181/11358/hotspot/src/share/vm/prims/jni.cpp, line 709]

Events (10 events):
Event: 68.444 Executing VM operation: RevokeBias
Event: 68.444 Executing VM operation: RevokeBias done
Event: 68.454 Thread 0x00007fe6b53f0800 Uncommon trap: trap_request=0xffffff65 fr.pc=0x00000001132aa95c
Event: 68.454 Thread 0x00007fe6b53f0800 DEOPT PACKING pc=0x00000001132aa95c sp=0x000070000e55e7a0
Event: 68.454 Thread 0x00007fe6b53f0800 DEOPT UNPACKING pc=0x000000011210573a sp=0x000070000e55e550 mode 2
Event: 68.455 Thread 0x00007fe6b8154000 Uncommon trap: trap_request=0xffffff65 fr.pc=0x0000000112df6758
Event: 68.455 Thread 0x00007fe6b8154000 DEOPT PACKING pc=0x0000000112df6758 sp=0x000070000e661330
Event: 68.455 Thread 0x00007fe6b8154000 DEOPT UNPACKING pc=0x000000011210573a sp=0x000070000e661268 mode 2
Event: 68.455 Thread 0x00007fe6b8154000 Uncommon trap: trap_request=0xffffff86 fr.pc=0x000000011234289c
Event: 68.455 Thread 0x00007fe6b8154000 DEOPT PACKING pc=0x000000011234289c sp=0x000070000e661fc0


Dynamic libraries:
0x00007fff3bef3000 	/System/Library/Frameworks/Cocoa.framework/Versions/A/Cocoa
0x00007fff48510000 	/System/Library/Frameworks/Security.framework/Versions/A/Security
0x00007fff3ab34000 	/System/Library/Frameworks/ApplicationServices.framework/Versions/A/ApplicationServices
0x00007fff64440000 	/usr/lib/libz.1.dylib
0x00007fff62371000 	/usr/lib/libSystem.B.dylib
0x00007fff63a2a000 	/usr/lib/libobjc.A.dylib
0x00007fff3c6a6000 	/System/Library/Frameworks/CoreFoundation.framework/Versions/A/CoreFoundation
0x00007fff3e809000 	/System/Library/Frameworks/Foundation.framework/Versions/C/Foundation
0x00007fff39c84000 	/System/Library/Frameworks/AppKit.framework/Versions/C/AppKit
0x00007fff3c26b000 	/System/Library/Frameworks/CoreData.framework/Versions/A/CoreData
0x00007fff5bc2a000 	/System/Library/PrivateFrameworks/RemoteViewServices.framework/Versions/A/RemoteViewServices
0x00007fff603a3000 	/System/Library/PrivateFrameworks/UIFoundation.framework/Versions/A/UIFoundation
0x00007fff50a26000 	/System/Library/PrivateFrameworks/DFRFoundation.framework/Versions/A/DFRFoundation
0x00007fff40e75000 	/System/Library/Frameworks/Metal.framework/Versions/A/Metal
0x00007fff50bc3000 	/System/Library/PrivateFrameworks/DesktopServicesPriv.framework/Versions/A/DesktopServicesPriv
0x00007fff62f77000 	/usr/lib/libenergytrace.dylib
0x00007fff5e40f000 	/System/Library/PrivateFrameworks/SkyLight.framework/Versions/A/SkyLight
0x00007fff3cb4a000 	/System/Library/Frameworks/CoreGraphics.framework/Versions/A/CoreGraphics
0x00007fff6236c000 	/usr/lib/libScreenReader.dylib
0x00007fff38c1e000 	/System/Library/Frameworks/Accelerate.framework/Versions/A/Accelerate
0x00007fff3ef83000 	/System/Library/Frameworks/IOSurface.framework/Versions/A/IOSurface
0x00007fff3b07e000 	/System/Library/Frameworks/AudioToolbox.framework/Versions/A/AudioToolbox
0x00007fff3b30e000 	/System/Library/Frameworks/AudioUnit.framework/Versions/A/AudioUnit
0x00007fff50abe000 	/System/Library/PrivateFrameworks/DataDetectorsCore.framework/Versions/A/DataDetectorsCore
0x00007fff3b9e6000 	/System/Library/Frameworks/Carbon.framework/Versions/A/Frameworks/HIToolbox.framework/Versions/A/HIToolbox
0x00007fff630d1000 	/usr/lib/libicucore.A.dylib
0x00007fff47a8d000 	/System/Library/Frameworks/QuartzCore.framework/Versions/A/QuartzCore
0x00007fff5d6b1000 	/System/Library/PrivateFrameworks/SignpostNotification.framework/Versions/A/SignpostNotification
0x00007fff3bdcc000 	/System/Library/Frameworks/Carbon.framework/Versions/A/Frameworks/SpeechRecognition.framework/Versions/A/SpeechRecognition
0x00007fff624cd000 	/usr/lib/libauto.dylib
0x00007fff6432f000 	/usr/lib/libxml2.2.dylib
0x00007fff50676000 	/System/Library/PrivateFrameworks/CoreUI.framework/Versions/A/CoreUI
0x00007fff3c147000 	/System/Library/Frameworks/CoreAudio.framework/Versions/A/CoreAudio
0x00007fff3e643000 	/System/Library/Frameworks/DiskArbitration.framework/Versions/A/DiskArbitration
0x00007fff63345000 	/usr/lib/liblangid.dylib
0x00007fff5812d000 	/System/Library/PrivateFrameworks/MultitouchSupport.framework/Versions/A/MultitouchSupport
0x00007fff3eee6000 	/System/Library/Frameworks/IOKit.framework/Versions/A/IOKit
0x00007fff61ffb000 	/usr/lib/libDiagnosticMessagesClient.dylib
0x00007fff3d820000 	/System/Library/Frameworks/CoreServices.framework/Versions/A/CoreServices
0x00007fff59c62000 	/System/Library/PrivateFrameworks/PerformanceAnalysis.framework/Versions/A/PerformanceAnalysis
0x00007fff46c2f000 	/System/Library/Frameworks/OpenGL.framework/Versions/A/OpenGL
0x00007fff3bf01000 	/System/Library/Frameworks/ColorSync.framework/Versions/A/ColorSync
0x00007fff3d15c000 	/System/Library/Frameworks/CoreImage.framework/Versions/A/CoreImage
0x00007fff3e1b1000 	/System/Library/Frameworks/CoreText.framework/Versions/A/CoreText
0x00007fff3efe1000 	/System/Library/Frameworks/ImageIO.framework/Versions/A/ImageIO
0x00007fff4d322000 	/System/Library/PrivateFrameworks/Backup.framework/Versions/A/Backup
0x00007fff6241d000 	/usr/lib/libarchive.2.dylib
0x00007fff3b631000 	/System/Library/Frameworks/CFNetwork.framework/Versions/A/CFNetwork
0x00007fff48ca3000 	/System/Library/Frameworks/SystemConfiguration.framework/Versions/A/SystemConfiguration
0x00007fff61f24000 	/usr/lib/libCRFSuite.dylib
0x00007fff625a6000 	/usr/lib/libc++.1.dylib
0x00007fff625fd000 	/usr/lib/libc++abi.dylib
0x00007fff644ee000 	/usr/lib/system/libcache.dylib
0x00007fff644f3000 	/usr/lib/system/libcommonCrypto.dylib
0x00007fff644fe000 	/usr/lib/system/libcompiler_rt.dylib
0x00007fff64506000 	/usr/lib/system/libcopyfile.dylib
0x00007fff64510000 	/usr/lib/system/libcorecrypto.dylib
0x00007fff6461d000 	/usr/lib/system/libdispatch.dylib
0x00007fff64657000 	/usr/lib/system/libdyld.dylib
0x00007fff64675000 	/usr/lib/system/libkeymgr.dylib
0x00007fff64683000 	/usr/lib/system/liblaunch.dylib
0x00007fff64684000 	/usr/lib/system/libmacho.dylib
0x00007fff64689000 	/usr/lib/system/libquarantine.dylib
0x00007fff6468c000 	/usr/lib/system/libremovefile.dylib
0x00007fff6468e000 	/usr/lib/system/libsystem_asl.dylib
0x00007fff646a6000 	/usr/lib/system/libsystem_blocks.dylib
0x00007fff646a7000 	/usr/lib/system/libsystem_c.dylib
0x00007fff64731000 	/usr/lib/system/libsystem_configuration.dylib
0x00007fff64735000 	/usr/lib/system/libsystem_coreservices.dylib
0x00007fff64739000 	/usr/lib/system/libsystem_darwin.dylib
0x00007fff6473b000 	/usr/lib/system/libsystem_dnssd.dylib
0x00007fff64742000 	/usr/lib/system/libsystem_info.dylib
0x00007fff647b3000 	/usr/lib/system/libsystem_m.dylib
0x00007fff647ff000 	/usr/lib/system/libsystem_malloc.dylib
0x00007fff6481f000 	/usr/lib/system/libsystem_network.dylib
0x00007fff64950000 	/usr/lib/system/libsystem_networkextension.dylib
0x00007fff6495b000 	/usr/lib/system/libsystem_notify.dylib
0x00007fff64979000 	/usr/lib/system/libsystem_sandbox.dylib
0x00007fff6497d000 	/usr/lib/system/libsystem_secinit.dylib
0x00007fff6478c000 	/usr/lib/system/libsystem_kernel.dylib
0x00007fff64965000 	/usr/lib/system/libsystem_platform.dylib
0x00007fff6496d000 	/usr/lib/system/libsystem_pthread.dylib
0x00007fff6497f000 	/usr/lib/system/libsystem_symptoms.dylib
0x00007fff64987000 	/usr/lib/system/libsystem_trace.dylib
0x00007fff6499c000 	/usr/lib/system/libunwind.dylib
0x00007fff649a2000 	/usr/lib/system/libxpc.dylib
0x00007fff61e37000 	/usr/lib/closure/libclosured.dylib
0x00007fff62587000 	/usr/lib/libbsm.0.dylib
0x00007fff64676000 	/usr/lib/system/libkxld.dylib
0x00007fff62235000 	/usr/lib/libOpenScriptingUtil.dylib
0x00007fff628f6000 	/usr/lib/libcoretls.dylib
0x00007fff6290f000 	/usr/lib/libcoretls_cfhelpers.dylib
0x00007fff63e2b000 	/usr/lib/libpam.2.dylib
0x00007fff63f52000 	/usr/lib/libsqlite3.dylib
0x00007fff6431e000 	/usr/lib/libxar.1.dylib
0x00007fff62598000 	/usr/lib/libbz2.1.0.dylib
0x00007fff63347000 	/usr/lib/liblzma.5.dylib
0x00007fff63828000 	/usr/lib/libnetwork.dylib
0x00007fff62406000 	/usr/lib/libapple_nghttp2.dylib
0x00007fff63e32000 	/usr/lib/libpcap.A.dylib
0x00007fff624ce000 	/usr/lib/libboringssl.dylib
0x00007fff642b9000 	/usr/lib/libusrtcp.dylib
0x00007fff62405000 	/usr/lib/libapple_crypto.dylib
0x00007fff3dba3000 	/System/Library/Frameworks/CoreServices.framework/Versions/A/Frameworks/FSEvents.framework/Versions/A/FSEvents
0x00007fff3d896000 	/System/Library/Frameworks/CoreServices.framework/Versions/A/Frameworks/CarbonCore.framework/Versions/A/CarbonCore
0x00007fff3dd6b000 	/System/Library/Frameworks/CoreServices.framework/Versions/A/Frameworks/Metadata.framework/Versions/A/Metadata
0x00007fff3de1c000 	/System/Library/Frameworks/CoreServices.framework/Versions/A/Frameworks/OSServices.framework/Versions/A/OSServices
0x00007fff3de7d000 	/System/Library/Frameworks/CoreServices.framework/Versions/A/Frameworks/SearchKit.framework/Versions/A/SearchKit
0x00007fff3d821000 	/System/Library/Frameworks/CoreServices.framework/Versions/A/Frameworks/AE.framework/Versions/A/AE
0x00007fff3dbac000 	/System/Library/Frameworks/CoreServices.framework/Versions/A/Frameworks/LaunchServices.framework/Versions/A/LaunchServices
0x00007fff3db6e000 	/System/Library/Frameworks/CoreServices.framework/Versions/A/Frameworks/DictionaryServices.framework/Versions/A/DictionaryServices
0x00007fff3deec000 	/System/Library/Frameworks/CoreServices.framework/Versions/A/Frameworks/SharedFileList.framework/Versions/A/SharedFileList
0x00007fff420ab000 	/System/Library/Frameworks/NetFS.framework/Versions/A/NetFS
0x00007fff583be000 	/System/Library/PrivateFrameworks/NetAuth.framework/Versions/A/NetAuth
0x00007fff61cce000 	/System/Library/PrivateFrameworks/login.framework/Versions/A/Frameworks/loginsupport.framework/Versions/A/loginsupport
0x00007fff60020000 	/System/Library/PrivateFrameworks/TCC.framework/Versions/A/TCC
0x00007fff63428000 	/usr/lib/libmecabra.dylib
0x00007fff3ab35000 	/System/Library/Frameworks/ApplicationServices.framework/Versions/A/Frameworks/ATS.framework/Versions/A/ATS
0x00007fff3aee3000 	/System/Library/Frameworks/ApplicationServices.framework/Versions/A/Frameworks/ColorSyncLegacy.framework/Versions/A/ColorSyncLegacy
0x00007fff3af87000 	/System/Library/Frameworks/ApplicationServices.framework/Versions/A/Frameworks/HIServices.framework/Versions/A/HIServices
0x00007fff3afda000 	/System/Library/Frameworks/ApplicationServices.framework/Versions/A/Frameworks/LangAnalysis.framework/Versions/A/LangAnalysis
0x00007fff3afe9000 	/System/Library/Frameworks/ApplicationServices.framework/Versions/A/Frameworks/PrintCore.framework/Versions/A/PrintCore
0x00007fff3b036000 	/System/Library/Frameworks/ApplicationServices.framework/Versions/A/Frameworks/QD.framework/Versions/A/QD
0x00007fff3b071000 	/System/Library/Frameworks/ApplicationServices.framework/Versions/A/Frameworks/SpeechSynthesis.framework/Versions/A/SpeechSynthesis
0x00007fff3c5c2000 	/System/Library/Frameworks/CoreDisplay.framework/Versions/A/CoreDisplay
0x00007fff38c36000 	/System/Library/Frameworks/Accelerate.framework/Versions/A/Frameworks/vImage.framework/Versions/A/vImage
0x00007fff39990000 	/System/Library/Frameworks/Accelerate.framework/Versions/A/Frameworks/vecLib.framework/Versions/A/vecLib
0x00007fff39730000 	/System/Library/Frameworks/Accelerate.framework/Versions/A/Frameworks/vecLib.framework/Versions/A/libvDSP.dylib
0x00007fff39290000 	/System/Library/Frameworks/Accelerate.framework/Versions/A/Frameworks/vecLib.framework/Versions/A/libBNNS.dylib
0x00007fff39695000 	/System/Library/Frameworks/Accelerate.framework/Versions/A/Frameworks/vecLib.framework/Versions/A/libQuadrature.dylib
0x00007fff398de000 	/System/Library/Frameworks/Accelerate.framework/Versions/A/Frameworks/vecLib.framework/Versions/A/libvMisc.dylib
0x00007fff392bf000 	/System/Library/Frameworks/Accelerate.framework/Versions/A/Frameworks/vecLib.framework/Versions/A/libLAPACK.dylib
0x00007fff39135000 	/System/Library/Frameworks/Accelerate.framework/Versions/A/Frameworks/vecLib.framework/Versions/A/libBLAS.dylib
0x00007fff3967f000 	/System/Library/Frameworks/Accelerate.framework/Versions/A/Frameworks/vecLib.framework/Versions/A/libLinearAlgebra.dylib
0x00007fff3969b000 	/System/Library/Frameworks/Accelerate.framework/Versions/A/Frameworks/vecLib.framework/Versions/A/libSparse.dylib
0x00007fff3971c000 	/System/Library/Frameworks/Accelerate.framework/Versions/A/Frameworks/vecLib.framework/Versions/A/libSparseBLAS.dylib
0x00007fff551fd000 	/System/Library/PrivateFrameworks/GPUWrangler.framework/Versions/A/GPUWrangler
0x00007fff5698e000 	/System/Library/PrivateFrameworks/IOAccelerator.framework/Versions/A/IOAccelerator
0x00007fff56999000 	/System/Library/PrivateFrameworks/IOPresentment.framework/Versions/A/IOPresentment
0x00007fff50a38000 	/System/Library/PrivateFrameworks/DSExternalDisplay.framework/Versions/A/DSExternalDisplay
0x00007fff460ae000 	/System/Library/Frameworks/OpenGL.framework/Versions/A/Libraries/libCoreFSCache.dylib
0x00007fff3e302000 	/System/Library/Frameworks/CoreVideo.framework/Versions/A/CoreVideo
0x00007fff55f78000 	/System/Library/PrivateFrameworks/GraphVisualizer.framework/Versions/A/GraphVisualizer
0x00007fff410ac000 	/System/Library/Frameworks/MetalPerformanceShaders.framework/Versions/A/MetalPerformanceShaders
0x00007fff62033000 	/usr/lib/libFosl_dynamic.dylib
0x00007fff51b07000 	/System/Library/PrivateFrameworks/FaceCore.framework/Versions/A/FaceCore
0x00007fff44ea9000 	/System/Library/Frameworks/OpenCL.framework/Versions/A/OpenCL
0x00007fff62634000 	/usr/lib/libcompression.dylib
0x00007fff3ac34000 	/System/Library/Frameworks/ApplicationServices.framework/Versions/A/Frameworks/ATS.framework/Versions/A/Resources/libFontParser.dylib
0x00007fff3ad57000 	/System/Library/Frameworks/ApplicationServices.framework/Versions/A/Frameworks/ATS.framework/Versions/A/Resources/libFontRegistry.dylib
0x00007fff3f249000 	/System/Library/Frameworks/ImageIO.framework/Versions/A/Resources/libJPEG.dylib
0x00007fff3f572000 	/System/Library/Frameworks/ImageIO.framework/Versions/A/Resources/libTIFF.dylib
0x00007fff3f548000 	/System/Library/Frameworks/ImageIO.framework/Versions/A/Resources/libPng.dylib
0x00007fff3f15c000 	/System/Library/Frameworks/ImageIO.framework/Versions/A/Resources/libGIF.dylib
0x00007fff3f161000 	/System/Library/Frameworks/ImageIO.framework/Versions/A/Resources/libJP2.dylib
0x00007fff3f56f000 	/System/Library/Frameworks/ImageIO.framework/Versions/A/Resources/libRadiance.dylib
0x00007fff4ca4c000 	/System/Library/PrivateFrameworks/AppleJPEG.framework/Versions/A/AppleJPEG
0x00007fff40f13000 	/System/Library/Frameworks/MetalPerformanceShaders.framework/Frameworks/MPSCore.framework/Versions/A/MPSCore
0x00007fff40f2f000 	/System/Library/Frameworks/MetalPerformanceShaders.framework/Frameworks/MPSImage.framework/Versions/A/MPSImage
0x00007fff40fc4000 	/System/Library/Frameworks/MetalPerformanceShaders.framework/Frameworks/MPSNeuralNetwork.framework/Versions/A/MPSNeuralNetwork
0x00007fff40f9f000 	/System/Library/Frameworks/MetalPerformanceShaders.framework/Frameworks/MPSMatrix.framework/Versions/A/MPSMatrix
0x00007fff57e8f000 	/System/Library/PrivateFrameworks/MetalTools.framework/Versions/A/MetalTools
0x00007fff46279000 	/System/Library/Frameworks/OpenGL.framework/Versions/A/Libraries/libGLU.dylib
0x00007fff460b9000 	/System/Library/Frameworks/OpenGL.framework/Versions/A/Libraries/libGFXShared.dylib
0x00007fff460c3000 	/System/Library/Frameworks/OpenGL.framework/Versions/A/Libraries/libGL.dylib
0x00007fff460cf000 	/System/Library/Frameworks/OpenGL.framework/Versions/A/Libraries/libGLImage.dylib
0x00007fff460ab000 	/System/Library/Frameworks/OpenGL.framework/Versions/A/Libraries/libCVMSPluginSupport.dylib
0x00007fff460b4000 	/System/Library/Frameworks/OpenGL.framework/Versions/A/Libraries/libCoreVMClient.dylib
0x00007fff62de1000 	/usr/lib/libcups.2.dylib
0x00007fff4047a000 	/System/Library/Frameworks/Kerberos.framework/Versions/A/Kerberos
0x00007fff3ec40000 	/System/Library/Frameworks/GSS.framework/Versions/A/GSS
0x00007fff63ee5000 	/usr/lib/libresolv.9.dylib
0x00007fff62fdf000 	/usr/lib/libiconv.2.dylib
0x00007fff5600a000 	/System/Library/PrivateFrameworks/Heimdal.framework/Versions/A/Heimdal
0x00007fff62fae000 	/usr/lib/libheimdal-asn1.dylib
0x00007fff44f21000 	/System/Library/Frameworks/OpenDirectory.framework/Versions/A/OpenDirectory
0x00007fff4ed63000 	/System/Library/PrivateFrameworks/CommonAuth.framework/Versions/A/CommonAuth
0x00007fff44f04000 	/System/Library/Frameworks/OpenDirectory.framework/Versions/A/Frameworks/CFOpenDirectory.framework/Versions/A/CFOpenDirectory
0x00007fff4883c000 	/System/Library/Frameworks/SecurityFoundation.framework/Versions/A/SecurityFoundation
0x00007fff4bc10000 	/System/Library/PrivateFrameworks/APFS.framework/Versions/A/APFS
0x00007fff6431a000 	/usr/lib/libutil.dylib
0x00007fff4cacf000 	/System/Library/PrivateFrameworks/AppleSauce.framework/Versions/A/AppleSauce
0x00007fff57176000 	/System/Library/PrivateFrameworks/LinguisticData.framework/Versions/A/LinguisticData
0x00007fff63361000 	/usr/lib/libmarisa.dylib
0x00007fff57130000 	/System/Library/PrivateFrameworks/Lexicon.framework/Versions/A/Lexicon
0x00007fff61f5e000 	/usr/lib/libChineseTokenizer.dylib
0x00007fff62623000 	/usr/lib/libcmph.dylib
0x00007fff5703a000 	/System/Library/PrivateFrameworks/LanguageModeling.framework/Versions/A/LanguageModeling
0x00007fff4f880000 	/System/Library/PrivateFrameworks/CoreEmoji.framework/Versions/A/CoreEmoji
0x00007fff488fa000 	/System/Library/Frameworks/ServiceManagement.framework/Versions/A/ServiceManagement
0x00007fff4d31a000 	/System/Library/PrivateFrameworks/BackgroundTaskManagement.framework/Versions/A/BackgroundTaskManagement
0x00007fff64417000 	/usr/lib/libxslt.1.dylib
0x00007fff3bcf6000 	/System/Library/Frameworks/Carbon.framework/Versions/A/Frameworks/Ink.framework/Versions/A/Ink
0x00007fff60235000 	/System/Library/PrivateFrameworks/TextureIO.framework/Versions/A/TextureIO
0x00007fff62448000 	/usr/lib/libate.dylib
0x00007fff50997000 	/System/Library/PrivateFrameworks/CrashReporterSupport.framework/Versions/A/CrashReporterSupport
0x00007fff5d571000 	/System/Library/PrivateFrameworks/Sharing.framework/Versions/A/Sharing
0x00007fff56d7b000 	/System/Library/PrivateFrameworks/IconServices.framework/Versions/A/IconServices
0x00007fff4cf4a000 	/System/Library/PrivateFrameworks/AuthKit.framework/Versions/A/AuthKit
0x00007fff4c8cf000 	/System/Library/PrivateFrameworks/Apple80211.framework/Versions/A/Apple80211
0x00007fff507ac000 	/System/Library/PrivateFrameworks/CoreUtils.framework/Versions/A/CoreUtils
0x00007fff3e33d000 	/System/Library/Frameworks/CoreWLAN.framework/Versions/A/CoreWLAN
0x00007fff3ed82000 	/System/Library/Frameworks/IOBluetooth.framework/Versions/A/IOBluetooth
0x00007fff5ba31000 	/System/Library/PrivateFrameworks/ProtocolBuffer.framework/Versions/A/ProtocolBuffer
0x00007fff58088000 	/System/Library/PrivateFrameworks/MobileKeyBag.framework/Versions/A/MobileKeyBag
0x00007fff50024000 	/System/Library/PrivateFrameworks/CorePhoneNumbers.framework/Versions/A/CorePhoneNumbers
0x00007fff4ca07000 	/System/Library/PrivateFrameworks/AppleIDAuthSupport.framework/Versions/A/AppleIDAuthSupport
0x00007fff57026000 	/System/Library/PrivateFrameworks/KeychainCircle.framework/Versions/A/KeychainCircle
0x00007fff50932000 	/System/Library/PrivateFrameworks/CoreWiFi.framework/Versions/A/CoreWiFi
0x00007fff3c241000 	/System/Library/Frameworks/CoreBluetooth.framework/Versions/A/CoreBluetooth
0x00007fff50b82000 	/System/Library/PrivateFrameworks/DebugSymbols.framework/Versions/A/DebugSymbols
0x00007fff50562000 	/System/Library/PrivateFrameworks/CoreSymbolication.framework/Versions/A/CoreSymbolication
0x00007fff5fa27000 	/System/Library/PrivateFrameworks/Symbolication.framework/Versions/A/Symbolication
0x00007fff4c8f9000 	/System/Library/PrivateFrameworks/AppleFSCompression.framework/Versions/A/AppleFSCompression
0x00007fff5ee74000 	/System/Library/PrivateFrameworks/SpeechRecognitionCore.framework/Versions/A/SpeechRecognitionCore
0x000000011110c000 	/Library/Java/JavaVirtualMachines/jdk1.8.0_181.jdk/Contents/Home/jre/lib/server/libjvm.dylib
0x00007fff641e7000 	/usr/lib/libstdc++.6.0.9.dylib
0x000000010fb1b000 	/Library/Java/JavaVirtualMachines/jdk1.8.0_181.jdk/Contents/Home/jre/lib/libverify.dylib
0x000000010fb29000 	/Library/Java/JavaVirtualMachines/jdk1.8.0_181.jdk/Contents/Home/jre/lib/libjava.dylib
0x000000010fba9000 	/Library/Java/JavaVirtualMachines/jdk1.8.0_181.jdk/Contents/Home/jre/lib/libzip.dylib
0x00000001287e8000 	/Applications/apache-maven-3.6.1/lib/jansi-native/osx/libjansi.jnilib
0x00000001288c3000 	/Library/Java/JavaVirtualMachines/jdk1.8.0_181.jdk/Contents/Home/jre/lib/libnet.dylib
0x00000001288da000 	/Library/Java/JavaVirtualMachines/jdk1.8.0_181.jdk/Contents/Home/jre/lib/libnio.dylib
0x00000001289f7000 	/Library/Java/JavaVirtualMachines/jdk1.8.0_181.jdk/Contents/Home/jre/lib/libmanagement.dylib
0x00000001288fa000 	/Library/Java/JavaVirtualMachines/jdk1.8.0_181.jdk/Contents/Home/jre/lib/libsunec.dylib
0x0000000129df3000 	/private/var/folders/6s/t_70j0c900v0zmz1plggxxkr0000gn/T/sqlite-3.27.2.1-2c7cd52a-d385-46db-8a25-964cf511f9f7-libsqlitejdbc.jnilib

VM Arguments:
jvm_args: -Dclassworlds.conf=/Applications/apache-maven-3.6.1/bin/m2.conf -Dmaven.home=/Applications/apache-maven-3.6.1 -Dlibrary.jansi.path=/Applications/apache-maven-3.6.1/lib/jansi-native -Dmaven.multiModuleProjectDirectory=/Users/logancorey/Documents/Chatbot/c01summer2019groupproject14/chatbot 
java_command: org.codehaus.plexus.classworlds.launcher.Launcher tomcat7:run
java_class_path (initial): /Applications/apache-maven-3.6.1/boot/plexus-classworlds-2.6.0.jar
Launcher Type: SUN_STANDARD

Environment Variables:
PATH=/Applications/anaconda3/bin:/Applications/anaconda3/condabin:/Users/logancorey/.rvm/gems/ruby-2.6.0/bin:/Users/logancorey/.rvm/gems/ruby-2.6.0@global/bin:/Users/logancorey/.rvm/rubies/ruby-2.6.0/bin:/usr/local/opt/ruby/bin:/Library/Frameworks/Python.framework/Versions/3.7/bin:/Applications/apache-maven-3.6.1/bin:/Library/Frameworks/Python.framework/Versions/3.7/bin:/usr/local/bin:/usr/bin:/bin:/usr/sbin:/sbin:/usr/local/share/dotnet:~/.dotnet/tools:/Library/Frameworks/Mono.framework/Versions/Current/Commands:/Applications/Xamarin Workbooks.app/Contents/SharedSupport/path-bin:/Users/logancorey/.rvm/bin
SHELL=/bin/bash

Signal Handlers:
SIGSEGV: [libjvm.dylib+0x5b6029], sa_mask[0]=11111111011111110111111111111111, sa_flags=SA_ONSTACK|SA_RESTART|SA_SIGINFO
SIGBUS: [libjvm.dylib+0x5b6029], sa_mask[0]=11111111011111110111111111111111, sa_flags=SA_RESTART|SA_SIGINFO
SIGFPE: [libjvm.dylib+0x48b934], sa_mask[0]=11111111011111110111111111111111, sa_flags=SA_RESTART|SA_SIGINFO
SIGPIPE: [libjvm.dylib+0x48b934], sa_mask[0]=11111111011111110111111111111111, sa_flags=SA_RESTART|SA_SIGINFO
SIGXFSZ: [libjvm.dylib+0x48b934], sa_mask[0]=11111111011111110111111111111111, sa_flags=SA_RESTART|SA_SIGINFO
SIGILL: [libjvm.dylib+0x48b934], sa_mask[0]=11111111011111110111111111111111, sa_flags=SA_RESTART|SA_SIGINFO
SIGUSR1: SIG_DFL, sa_mask[0]=11011111011111100000000111000110, sa_flags=none
SIGUSR2: [libjvm.dylib+0x48b452], sa_mask[0]=00000000000000000000000000000000, sa_flags=SA_RESTART|SA_SIGINFO
SIGHUP: [libjvm.dylib+0x489a1d], sa_mask[0]=11111111011111110111111111111111, sa_flags=SA_RESTART|SA_SIGINFO
SIGINT: [libjvm.dylib+0x489a1d], sa_mask[0]=11111111011111110111111111111111, sa_flags=SA_RESTART|SA_SIGINFO
SIGTERM: [libjvm.dylib+0x489a1d], sa_mask[0]=11111111011111110111111111111111, sa_flags=SA_RESTART|SA_SIGINFO
SIGQUIT: [libjvm.dylib+0x489a1d], sa_mask[0]=11111111011111110111111111111111, sa_flags=SA_RESTART|SA_SIGINFO


---------------  S Y S T E M  ---------------

OS:Bsduname:Darwin 17.7.0 Darwin Kernel Version 17.7.0: Wed Apr 24 21:17:24 PDT 2019; root:xnu-4570.71.45~1/RELEASE_X86_64 x86_64
rlimit: STACK 8192k, CORE 0k, NPROC 709, NOFILE 10240, AS infinity
load average:3.58 2.95 2.78

CPU:total 4 (initial active 4) (2 cores per cpu, 2 threads per core) family 6 model 142 stepping 9, cmov, cx8, fxsr, mmx, sse, sse2, sse3, ssse3, sse4.1, sse4.2, popcnt, avx, avx2, aes, clmul, erms, 3dnowpref, lzcnt, ht, tsc, tscinvbit, bmi1, bmi2, adx

Memory: 4k page, physical 8388608k(52552k free)

/proc/meminfo:


vm_info: Java HotSpot(TM) 64-Bit Server VM (25.181-b13) for bsd-amd64 JRE (1.8.0_181-b13), built on Jul  7 2018 01:02:31 by "java_re" with gcc 4.2.1 (Based on Apple Inc. build 5658) (LLVM build 2336.11.00)

time: Fri Jul 12 14:11:14 2019
elapsed time: 68 seconds (0d 0h 1m 8s)

