#
# A fatal error has been detected by the Java Runtime Environment:
#
#  SIGSEGV (0xb) at pc=0x00007fff673c234c, pid=4257, tid=0x0000000000005e03
#
# JRE version: Java(TM) SE Runtime Environment (8.0_181-b13) (build 1.8.0_181-b13)
# Java VM: Java HotSpot(TM) 64-Bit Server VM (25.181-b13 mixed mode bsd-amd64 compressed oops)
# Problematic frame:
# C  [libsystem_pthread.dylib+0x134c]  pthread_mutex_lock+0x0
#
# Failed to write core dump. Core dumps have been disabled. To enable core dumping, try "ulimit -c unlimited" before starting Java again
#
# If you would like to submit a bug report, please visit:
#   http://bugreport.java.com/bugreport/crash.jsp
# The crash happened outside the Java Virtual Machine in native code.
# See problematic frame for where to report the bug.
#

---------------  T H R E A D  ---------------

Current thread (0x00007fa60ea20800):  JavaThread "http-bio-8080-exec-8" daemon [_thread_in_native, id=24067, stack(0x000070000439b000,0x000070000449b000)]

siginfo: si_signo: 11 (SIGSEGV), si_code: 0 (unknown), si_addr: 0x0000000000000000

Registers:
RAX=0x00007fa60f6c3870, RBX=0x000000079c1a4458, RCX=0x000000010a02a5e0, RDX=0x00007fa60f6c12f0
RSP=0x0000700004499738, RBP=0x0000700004499920, RSI=0x0000700004499930, RDI=0x6c69662059422052
R8 =0x00007fa613bb7f48, R9 =0xffffffff00000000, R10=0x00007fa613bb7f40, R11=0x00007fa613bb7f48
R12=0x00007fa60f6c12f0, R13=0x0000700004499960, R14=0x00007fff9fad5070, R15=0x00007fa60ea20800
RIP=0x00007fff673c234c, EFLAGS=0x0000000000010202, ERR=0x0000000000000000
  TRAPNO=0x000000000000000d

Top of Stack: (sp=0x0000700004499738)
0x0000700004499738:   000000012395560a 000000010a02a6b0
0x0000700004499748:   000000010a0efda6 00007fa613bb7f20
0x0000700004499758:   00007fa613bb7f28 00007000044997c0
0x0000700004499768:   00007fa60f6c3870 00007fa613bb7f00
0x0000700004499778:   000000005d280ca4 00000000094f0e80
0x0000700004499788:   000000005d280ca4 00000007000242d0
0x0000700004499798:   00007fa60ea20800 00007000044997d0
0x00007000044997a8:   0000000109c6742d 00007fa60ea20800
0x00007000044997b8:   00007fa60e535f80 00007fa60ea20800
0x00007000044997c8:   00007fa60e9ed520 00007000044997f0
0x00007000044997d8:   0000000109c675c5 00007fa60ea20800
0x00007000044997e8:   00007fa60e9ed4a8 0000700004499820
0x00007000044997f8:   00000001098cd268 0000700004499830
0x0000700004499808:   00007fa60e535f80 00007fa60ea20800
0x0000700004499818:   00007fa60e9ed4a8 00007fa60ea20800
0x0000700004499828:   00007fa60ea20800 00007000044998d0
0x0000700004499838:   0000000109c817c3 0000000000000000
0x0000700004499848:   00007fa60ea20800 0000700000000005
0x0000700004499858:   00007fa60ea20800 0000700004499801
0x0000700004499868:   00007fa613bb80e0 000000079c1a4400
0x0000700004499878:   00007fa60ea20800 0000000000000000
0x0000700004499888:   0000000000000000 0000700004499960
0x0000700004499898:   00007fa60e5414d8 00007000044998f0
0x00007000044998a8:   0000700004499960 00007000044998d0
0x00007000044998b8:   00000001099436a2 00007fa60ea20800
0x00007000044998c8:   00007fa60ea20800 0000700004499910
0x00007000044998d8:   0000000109ce9d04 000000079c1a5610
0x00007000044998e8:   00007fa60ea20800 80290104f85b0051
0x00007000044998f8:   000000079c1a4458 0000000000000000
0x0000700004499908:   0000700004499960 0000700004499930
0x0000700004499918:   00007fa60ea20800 0000700004499970
0x0000700004499928:   000000010b36e836 000000079c1a4458 

Instructions: (pc=0x00007fff673c234c)
0x00007fff673c232c:   00 00 48 89 df e8 bc 7e 00 00 31 c9 48 85 c0 0f
0x00007fff673c233c:   95 c1 89 0d c0 69 73 38 48 83 c4 08 5b 5d c3 90
0x00007fff673c234c:   48 81 3f 5a 54 55 4d 75 6e 4c 8d 5f 27 49 83 e3
0x00007fff673c235c:   f8 49 8b 0b f6 c1 02 75 5e 4c 8d 57 1f 49 83 e2 

Register to memory mapping:

RAX=0x00007fa60f6c3870 is an unknown value
RBX=0x000000079c1a4458 is an oop
org.sqlite.core.NativeDB 
 - klass: 'org/sqlite/core/NativeDB'
RCX=0x000000010a02a5e0: UseMembar+0 in /Library/Java/JavaVirtualMachines/jdk1.8.0_181.jdk/Contents/Home/jre/lib/server/libjvm.dylib at 0x0000000109800000
RDX=0x00007fa60f6c12f0 is an unknown value
RSP=0x0000700004499738 is pointing into the stack for thread: 0x00007fa60ea20800
RBP=0x0000700004499920 is pointing into the stack for thread: 0x00007fa60ea20800
RSI=0x0000700004499930 is pointing into the stack for thread: 0x00007fa60ea20800
RDI=0x6c69662059422052 is an unknown value
R8 =0x00007fa613bb7f48 is an unknown value
R9 =0xffffffff00000000 is an unknown value
R10=0x00007fa613bb7f40 is an unknown value
R11=0x00007fa613bb7f48 is an unknown value
R12=0x00007fa60f6c12f0 is an unknown value
R13=0x0000700004499960 is pointing into the stack for thread: 0x00007fa60ea20800
R14=0x00007fff9fad5070: __stack_chk_guard+0 in /usr/lib/system/libsystem_c.dylib at 0x00007fff670fb000
R15=0x00007fa60ea20800 is a thread


Stack: [0x000070000439b000,0x000070000449b000],  sp=0x0000700004499738,  free space=1017k
Native frames: (J=compiled Java code, j=interpreted, Vv=VM code, C=native code)
C  [libsystem_pthread.dylib+0x134c]  pthread_mutex_lock+0x0
J 5976  org.sqlite.core.NativeDB.step(J)I (0 bytes) @ 0x000000010b36e836 [0x000000010b36e6c0+0x176]
J 5977 C1 org.sqlite.jdbc3.JDBC3ResultSet.next()Z (132 bytes) @ 0x000000010b36da74 [0x000000010b36d640+0x434]
j  utoronto.utsc.cs.cscc01.chatbot.FilesDatabaseAdmin.list()Ljava/util/List;+32
J 6454 C1 utoronto.utsc.cs.cscc01.chatbot.HandleFilesServlet.listUploadedFile(Ljavax/servlet/http/HttpServletRequest;Ljavax/servlet/http/HttpServletResponse;)V (175 bytes) @ 0x000000010b7b7a64 [0x000000010b7b7620+0x444]
J 6453 C1 utoronto.utsc.cs.cscc01.chatbot.HandleFilesServlet.doGet(Ljavax/servlet/http/HttpServletRequest;Ljavax/servlet/http/HttpServletResponse;)V (7 bytes) @ 0x000000010b7bd9fc [0x000000010b7bd980+0x7c]
j  javax.servlet.http.HttpServlet.service(Ljavax/servlet/http/HttpServletRequest;Ljavax/servlet/http/HttpServletResponse;)V+35
j  javax.servlet.http.HttpServlet.service(Ljavax/servlet/ServletRequest;Ljavax/servlet/ServletResponse;)V+30
J 6403 C1 org.apache.catalina.core.ApplicationFilterChain.internalDoFilter(Ljavax/servlet/ServletRequest;Ljavax/servlet/ServletResponse;)V (624 bytes) @ 0x000000010b606f84 [0x000000010b6060c0+0xec4]
J 6402 C1 org.apache.catalina.core.ApplicationFilterChain.doFilter(Ljavax/servlet/ServletRequest;Ljavax/servlet/ServletResponse;)V (105 bytes) @ 0x000000010b60a9cc [0x000000010b60a940+0x8c]
j  org.apache.tomcat.websocket.server.WsFilter.doFilter(Ljavax/servlet/ServletRequest;Ljavax/servlet/ServletResponse;Ljavax/servlet/FilterChain;)V+11
J 6403 C1 org.apache.catalina.core.ApplicationFilterChain.internalDoFilter(Ljavax/servlet/ServletRequest;Ljavax/servlet/ServletResponse;)V (624 bytes) @ 0x000000010b6066d4 [0x000000010b6060c0+0x614]
J 6402 C1 org.apache.catalina.core.ApplicationFilterChain.doFilter(Ljavax/servlet/ServletRequest;Ljavax/servlet/ServletResponse;)V (105 bytes) @ 0x000000010b60a9cc [0x000000010b60a940+0x8c]
j  org.apache.catalina.core.StandardWrapperValve.invoke(Lorg/apache/catalina/connector/Request;Lorg/apache/catalina/connector/Response;)V+783
j  org.apache.catalina.core.StandardContextValve.invoke(Lorg/apache/catalina/connector/Request;Lorg/apache/catalina/connector/Response;)V+166
j  org.apache.catalina.authenticator.AuthenticatorBase.invoke(Lorg/apache/catalina/connector/Request;Lorg/apache/catalina/connector/Response;)V+449
j  org.apache.catalina.core.StandardHostValve.invoke(Lorg/apache/catalina/connector/Request;Lorg/apache/catalina/connector/Response;)V+148
j  org.apache.catalina.valves.ErrorReportValve.invoke(Lorg/apache/catalina/connector/Request;Lorg/apache/catalina/connector/Response;)V+6
j  org.apache.catalina.valves.AccessLogValve.invoke(Lorg/apache/catalina/connector/Request;Lorg/apache/catalina/connector/Response;)V+6
j  org.apache.catalina.core.StandardEngineValve.invoke(Lorg/apache/catalina/connector/Request;Lorg/apache/catalina/connector/Response;)V+71
j  org.apache.catalina.connector.CoyoteAdapter.service(Lorg/apache/coyote/Request;Lorg/apache/coyote/Response;)V+196
j  org.apache.coyote.http11.AbstractHttp11Processor.process(Lorg/apache/tomcat/util/net/SocketWrapper;)Lorg/apache/tomcat/util/net/AbstractEndpoint$Handler$SocketState;+640
j  org.apache.coyote.AbstractProtocol$AbstractConnectionHandler.process(Lorg/apache/tomcat/util/net/SocketWrapper;Lorg/apache/tomcat/util/net/SocketStatus;)Lorg/apache/tomcat/util/net/AbstractEndpoint$Handler$SocketState;+206
J 6387 C1 org.apache.tomcat.util.net.JIoEndpoint$SocketProcessor.run()V (608 bytes) @ 0x000000010b61c354 [0x000000010b61b720+0xc34]
j  java.util.concurrent.ThreadPoolExecutor.runWorker(Ljava/util/concurrent/ThreadPoolExecutor$Worker;)V+95
j  java.util.concurrent.ThreadPoolExecutor$Worker.run()V+5
j  java.lang.Thread.run()V+11
v  ~StubRoutines::call_stub
V  [libjvm.dylib+0x2efcba]  JavaCalls::call_helper(JavaValue*, methodHandle*, JavaCallArguments*, Thread*)+0x6ae
V  [libjvm.dylib+0x2f045e]  JavaCalls::call_virtual(JavaValue*, KlassHandle, Symbol*, Symbol*, JavaCallArguments*, Thread*)+0x164
V  [libjvm.dylib+0x2f060a]  JavaCalls::call_virtual(JavaValue*, Handle, KlassHandle, Symbol*, Symbol*, Thread*)+0x4a
V  [libjvm.dylib+0x34aef9]  thread_entry(JavaThread*, Thread*)+0x7c
V  [libjvm.dylib+0x56fa7f]  JavaThread::thread_main_inner()+0x9b
V  [libjvm.dylib+0x57117a]  JavaThread::run()+0x1c2
V  [libjvm.dylib+0x48e342]  java_start(Thread*)+0xf6
C  [libsystem_pthread.dylib+0x3661]  _pthread_body+0x154
C  [libsystem_pthread.dylib+0x350d]  _pthread_body+0x0
C  [libsystem_pthread.dylib+0x2bf9]  thread_start+0xd
C  0x0000000000000000

Java frames: (J=compiled Java code, j=interpreted, Vv=VM code)
J 5976  org.sqlite.core.NativeDB.step(J)I (0 bytes) @ 0x000000010b36e6f8 [0x000000010b36e6c0+0x38]
J 5977 C1 org.sqlite.jdbc3.JDBC3ResultSet.next()Z (132 bytes) @ 0x000000010b36da74 [0x000000010b36d640+0x434]
j  utoronto.utsc.cs.cscc01.chatbot.FilesDatabaseAdmin.list()Ljava/util/List;+32
J 6454 C1 utoronto.utsc.cs.cscc01.chatbot.HandleFilesServlet.listUploadedFile(Ljavax/servlet/http/HttpServletRequest;Ljavax/servlet/http/HttpServletResponse;)V (175 bytes) @ 0x000000010b7b7a64 [0x000000010b7b7620+0x444]
J 6453 C1 utoronto.utsc.cs.cscc01.chatbot.HandleFilesServlet.doGet(Ljavax/servlet/http/HttpServletRequest;Ljavax/servlet/http/HttpServletResponse;)V (7 bytes) @ 0x000000010b7bd9fc [0x000000010b7bd980+0x7c]
j  javax.servlet.http.HttpServlet.service(Ljavax/servlet/http/HttpServletRequest;Ljavax/servlet/http/HttpServletResponse;)V+35
j  javax.servlet.http.HttpServlet.service(Ljavax/servlet/ServletRequest;Ljavax/servlet/ServletResponse;)V+30
J 6403 C1 org.apache.catalina.core.ApplicationFilterChain.internalDoFilter(Ljavax/servlet/ServletRequest;Ljavax/servlet/ServletResponse;)V (624 bytes) @ 0x000000010b606f84 [0x000000010b6060c0+0xec4]
J 6402 C1 org.apache.catalina.core.ApplicationFilterChain.doFilter(Ljavax/servlet/ServletRequest;Ljavax/servlet/ServletResponse;)V (105 bytes) @ 0x000000010b60a9cc [0x000000010b60a940+0x8c]
j  org.apache.tomcat.websocket.server.WsFilter.doFilter(Ljavax/servlet/ServletRequest;Ljavax/servlet/ServletResponse;Ljavax/servlet/FilterChain;)V+11
J 6403 C1 org.apache.catalina.core.ApplicationFilterChain.internalDoFilter(Ljavax/servlet/ServletRequest;Ljavax/servlet/ServletResponse;)V (624 bytes) @ 0x000000010b6066d4 [0x000000010b6060c0+0x614]
J 6402 C1 org.apache.catalina.core.ApplicationFilterChain.doFilter(Ljavax/servlet/ServletRequest;Ljavax/servlet/ServletResponse;)V (105 bytes) @ 0x000000010b60a9cc [0x000000010b60a940+0x8c]
j  org.apache.catalina.core.StandardWrapperValve.invoke(Lorg/apache/catalina/connector/Request;Lorg/apache/catalina/connector/Response;)V+783
j  org.apache.catalina.core.StandardContextValve.invoke(Lorg/apache/catalina/connector/Request;Lorg/apache/catalina/connector/Response;)V+166
j  org.apache.catalina.authenticator.AuthenticatorBase.invoke(Lorg/apache/catalina/connector/Request;Lorg/apache/catalina/connector/Response;)V+449
j  org.apache.catalina.core.StandardHostValve.invoke(Lorg/apache/catalina/connector/Request;Lorg/apache/catalina/connector/Response;)V+148
j  org.apache.catalina.valves.ErrorReportValve.invoke(Lorg/apache/catalina/connector/Request;Lorg/apache/catalina/connector/Response;)V+6
j  org.apache.catalina.valves.AccessLogValve.invoke(Lorg/apache/catalina/connector/Request;Lorg/apache/catalina/connector/Response;)V+6
j  org.apache.catalina.core.StandardEngineValve.invoke(Lorg/apache/catalina/connector/Request;Lorg/apache/catalina/connector/Response;)V+71
j  org.apache.catalina.connector.CoyoteAdapter.service(Lorg/apache/coyote/Request;Lorg/apache/coyote/Response;)V+196
j  org.apache.coyote.http11.AbstractHttp11Processor.process(Lorg/apache/tomcat/util/net/SocketWrapper;)Lorg/apache/tomcat/util/net/AbstractEndpoint$Handler$SocketState;+640
j  org.apache.coyote.AbstractProtocol$AbstractConnectionHandler.process(Lorg/apache/tomcat/util/net/SocketWrapper;Lorg/apache/tomcat/util/net/SocketStatus;)Lorg/apache/tomcat/util/net/AbstractEndpoint$Handler$SocketState;+206
J 6387 C1 org.apache.tomcat.util.net.JIoEndpoint$SocketProcessor.run()V (608 bytes) @ 0x000000010b61c354 [0x000000010b61b720+0xc34]
j  java.util.concurrent.ThreadPoolExecutor.runWorker(Ljava/util/concurrent/ThreadPoolExecutor$Worker;)V+95
j  java.util.concurrent.ThreadPoolExecutor$Worker.run()V+5
j  java.lang.Thread.run()V+11
v  ~StubRoutines::call_stub

---------------  P R O C E S S  ---------------

Java Threads: ( => current thread )
  0x00007fa61589f800 JavaThread "http-bio-8080-exec-10" daemon [_thread_blocked, id=41219, stack(0x00007000045a1000,0x00007000046a1000)]
  0x00007fa6127f7800 JavaThread "http-bio-8080-exec-9" daemon [_thread_in_native, id=24579, stack(0x000070000449e000,0x000070000459e000)]
=>0x00007fa60ea20800 JavaThread "http-bio-8080-exec-8" daemon [_thread_in_native, id=24067, stack(0x000070000439b000,0x000070000449b000)]
  0x00007fa613674000 JavaThread "http-bio-8080-exec-7" daemon [_thread_blocked, id=23811, stack(0x0000700004298000,0x0000700004398000)]
  0x00007fa612ace000 JavaThread "http-bio-8080-exec-6" daemon [_thread_blocked, id=42243, stack(0x0000700004195000,0x0000700004295000)]
  0x00007fa6128e0000 JavaThread "http-bio-8080-exec-5" daemon [_thread_blocked, id=23555, stack(0x0000700004092000,0x0000700004192000)]
  0x00007fa612a5e800 JavaThread "http-bio-8080-exec-4" daemon [_thread_blocked, id=23043, stack(0x0000700003f8f000,0x000070000408f000)]
  0x00007fa6137f2800 JavaThread "http-bio-8080-exec-3" daemon [_thread_in_native, id=22531, stack(0x0000700003e8c000,0x0000700003f8c000)]
  0x00007fa6155a2800 JavaThread "http-bio-8080-exec-2" daemon [_thread_blocked, id=42755, stack(0x0000700003d89000,0x0000700003e89000)]
  0x00007fa61042a800 JavaThread "http-bio-8080-exec-1" daemon [_thread_blocked, id=43267, stack(0x0000700003c86000,0x0000700003d86000)]
  0x00007fa61116c800 JavaThread "http-bio-8080-AsyncTimeout" daemon [_thread_blocked, id=21763, stack(0x0000700003b83000,0x0000700003c83000)]
  0x00007fa61300b000 JavaThread "http-bio-8080-Acceptor-0" daemon [_thread_in_native, id=15619, stack(0x0000700003a80000,0x0000700003b80000)]
  0x00007fa6158ba800 JavaThread "ContainerBackgroundProcessor[StandardEngine[Tomcat]]" daemon [_thread_blocked, id=15107, stack(0x000070000397d000,0x0000700003a7d000)]
  0x00007fa610933800 JavaThread "Thread-3" daemon [_thread_in_native, id=16387, stack(0x000070000387a000,0x000070000397a000)]
  0x00007fa612bd6000 JavaThread "process reaper" daemon [_thread_blocked, id=4359, stack(0x0000700002744000,0x000070000276c000)]
  0x00007fa60e81d000 JavaThread "Service Thread" daemon [_thread_blocked, id=14083, stack(0x000070000346e000,0x000070000356e000)]
  0x00007fa60f84c800 JavaThread "C1 CompilerThread2" daemon [_thread_blocked, id=17667, stack(0x000070000336b000,0x000070000346b000)]
  0x00007fa61004b000 JavaThread "C2 CompilerThread1" daemon [_thread_blocked, id=13571, stack(0x0000700003268000,0x0000700003368000)]
  0x00007fa60f84b800 JavaThread "C2 CompilerThread0" daemon [_thread_blocked, id=18435, stack(0x0000700003165000,0x0000700003265000)]
  0x00007fa60f845800 JavaThread "Signal Dispatcher" daemon [_thread_blocked, id=13319, stack(0x0000700003062000,0x0000700003162000)]
  0x00007fa60f827800 JavaThread "Finalizer" daemon [_thread_blocked, id=20739, stack(0x0000700002f5f000,0x000070000305f000)]
  0x00007fa610031000 JavaThread "Reference Handler" daemon [_thread_blocked, id=20995, stack(0x0000700002e5c000,0x0000700002f5c000)]
  0x00007fa610005800 JavaThread "main" [_thread_blocked, id=10243, stack(0x000070000284a000,0x000070000294a000)]

Other Threads:
  0x00007fa61002a800 VMThread [stack: 0x0000700002d59000,0x0000700002e59000] [id=11523]
  0x00007fa60e81e000 WatcherThread [stack: 0x0000700003571000,0x0000700003671000] [id=17155]

VM state:not at safepoint (normal execution)

VM Mutex/Monitor currently owned by a thread: None

Heap:
 PSYoungGen      total 218624K, used 124621K [0x0000000795580000, 0x00000007ac480000, 0x00000007c0000000)
  eden space 195584K, 63% used [0x0000000795580000,0x000000079cf335b0,0x00000007a1480000)
  from space 23040K, 0% used [0x00000007a1480000,0x00000007a1480000,0x00000007a2b00000)
  to   space 33792K, 0% used [0x00000007aa380000,0x00000007aa380000,0x00000007ac480000)
 ParOldGen       total 122880K, used 55043K [0x0000000740000000, 0x0000000747800000, 0x0000000795580000)
  object space 122880K, 44% used [0x0000000740000000,0x00000007435c0ef8,0x0000000747800000)
 Metaspace       used 36862K, capacity 37694K, committed 37888K, reserved 1083392K
  class space    used 4299K, capacity 4549K, committed 4608K, reserved 1048576K

Card table byte_map: [0x00000001197b4000,0x0000000119bb5000] byte_map_base: 0x0000000115db4000

Marking Bits: (ParMarkBitMap*) 0x000000010a0f9cd0
 Begin Bits: [0x0000000119e60000, 0x000000011be60000)
 End Bits:   [0x000000011be60000, 0x000000011de60000)

Polling page: 0x0000000108990000

CodeCache: size=245760Kb used=16498Kb max_used=16505Kb free=229261Kb
 bounds [0x000000010a7b4000, 0x000000010b7e4000, 0x00000001197b4000]
 total_blobs=5807 nmethods=5348 adapters=372
 compilation: enabled

Compilation events (10 events):
Event: 62.174 Thread 0x00007fa60f84c800 6458       3       com.google.gson.Gson::atomicLongAdapter (12 bytes)
Event: 62.175 Thread 0x00007fa60f84c800 nmethod 6458 0x000000010b7df050 code [0x000000010b7df1e0, 0x000000010b7df6f0]
Event: 62.478 Thread 0x00007fa60f84c800 6460       3       java.util.Locale::equals (75 bytes)
Event: 62.478 Thread 0x00007fa60f84c800 nmethod 6460 0x000000010b7df950 code [0x000000010b7dfb20, 0x000000010b7e0558]
Event: 62.504 Thread 0x00007fa60f84b800 6461       4       java.util.regex.Pattern$Branch::match (66 bytes)
Event: 62.509 Thread 0x00007fa60f84b800 nmethod 6461 0x000000010b7e36d0 code [0x000000010b7e3840, 0x000000010b7e3b18]
Event: 62.879 Thread 0x00007fa60f84c800 6462       3       org.apache.coyote.http11.AbstractOutputBuffer::write (41 bytes)
Event: 62.880 Thread 0x00007fa60f84c800 nmethod 6462 0x000000010b7e2b90 code [0x000000010b7e2d40, 0x000000010b7e3448]
Event: 62.913 Thread 0x00007fa60f84c800 6463       3       com.google.gson.internal.$Gson$Types::indexOf (36 bytes)
Event: 62.913 Thread 0x00007fa60f84c800 nmethod 6463 0x000000010b7e2450 code [0x000000010b7e25e0, 0x000000010b7e29b8]

GC Heap History (10 events):
Event: 43.565 GC heap before
{Heap before GC invocations=9 (full 1):
 PSYoungGen      total 138240K, used 4541K [0x0000000795580000, 0x00000007a6380000, 0x00000007c0000000)
  eden space 131584K, 0% used [0x0000000795580000,0x0000000795580000,0x000000079d600000)
  from space 6656K, 68% used [0x000000079e000000,0x000000079e46f5c0,0x000000079e680000)
  to   space 10240K, 0% used [0x000000079d600000,0x000000079d600000,0x000000079e000000)
 ParOldGen       total 87552K, used 13667K [0x0000000740000000, 0x0000000745580000, 0x0000000795580000)
  object space 87552K, 15% used [0x0000000740000000,0x0000000740d58e60,0x0000000745580000)
 Metaspace       used 20561K, capacity 21186K, committed 21296K, reserved 1069056K
  class space    used 2428K, capacity 2647K, committed 2688K, reserved 1048576K
Event: 43.626 GC heap after
Heap after GC invocations=9 (full 1):
 PSYoungGen      total 138240K, used 0K [0x0000000795580000, 0x00000007a6380000, 0x00000007c0000000)
  eden space 131584K, 0% used [0x0000000795580000,0x0000000795580000,0x000000079d600000)
  from space 6656K, 0% used [0x000000079e000000,0x000000079e000000,0x000000079e680000)
  to   space 10240K, 0% used [0x000000079d600000,0x000000079d600000,0x000000079e000000)
 ParOldGen       total 54784K, used 13680K [0x0000000740000000, 0x0000000743580000, 0x0000000795580000)
  object space 54784K, 24% used [0x0000000740000000,0x0000000740d5c268,0x0000000743580000)
 Metaspace       used 20561K, capacity 21186K, committed 21296K, reserved 1069056K
  class space    used 2428K, capacity 2647K, committed 2688K, reserved 1048576K
}
Event: 45.978 GC heap before
{Heap before GC invocations=10 (full 1):
 PSYoungGen      total 138240K, used 131584K [0x0000000795580000, 0x00000007a6380000, 0x00000007c0000000)
  eden space 131584K, 100% used [0x0000000795580000,0x000000079d600000,0x000000079d600000)
  from space 6656K, 0% used [0x000000079e000000,0x000000079e000000,0x000000079e680000)
  to   space 10240K, 0% used [0x000000079d600000,0x000000079d600000,0x000000079e000000)
 ParOldGen       total 54784K, used 13680K [0x0000000740000000, 0x0000000743580000, 0x0000000795580000)
  object space 54784K, 24% used [0x0000000740000000,0x0000000740d5c268,0x0000000743580000)
 Metaspace       used 31989K, capacity 32708K, committed 33024K, reserved 1079296K
  class space    used 3755K, capacity 3996K, committed 4096K, reserved 1048576K
Event: 46.002 GC heap after
Heap after GC invocations=10 (full 1):
 PSYoungGen      total 141824K, used 10226K [0x0000000795580000, 0x00000007a3a80000, 0x00000007c0000000)
  eden space 131584K, 0% used [0x0000000795580000,0x0000000795580000,0x000000079d600000)
  from space 10240K, 99% used [0x000000079d600000,0x000000079dffc970,0x000000079e000000)
  to   space 15872K, 0% used [0x00000007a2b00000,0x00000007a2b00000,0x00000007a3a80000)
 ParOldGen       total 54784K, used 25310K [0x0000000740000000, 0x0000000743580000, 0x0000000795580000)
  object space 54784K, 46% used [0x0000000740000000,0x00000007418b7a60,0x0000000743580000)
 Metaspace       used 31989K, capacity 32708K, committed 33024K, reserved 1079296K
  class space    used 3755K, capacity 3996K, committed 4096K, reserved 1048576K
}
Event: 46.571 GC heap before
{Heap before GC invocations=11 (full 1):
 PSYoungGen      total 141824K, used 141810K [0x0000000795580000, 0x00000007a3a80000, 0x00000007c0000000)
  eden space 131584K, 100% used [0x0000000795580000,0x000000079d600000,0x000000079d600000)
  from space 10240K, 99% used [0x000000079d600000,0x000000079dffc970,0x000000079e000000)
  to   space 15872K, 0% used [0x00000007a2b00000,0x00000007a2b00000,0x00000007a3a80000)
 ParOldGen       total 54784K, used 25310K [0x0000000740000000, 0x0000000743580000, 0x0000000795580000)
  object space 54784K, 46% used [0x0000000740000000,0x00000007418b7a60,0x0000000743580000)
 Metaspace       used 32037K, capacity 32836K, committed 33024K, reserved 1079296K
  class space    used 3756K, capacity 3996K, committed 4096K, reserved 1048576K
Event: 46.608 GC heap after
Heap after GC invocations=11 (full 1):
 PSYoungGen      total 211456K, used 15850K [0x0000000795580000, 0x00000007a4c80000, 0x00000007c0000000)
  eden space 195584K, 0% used [0x0000000795580000,0x0000000795580000,0x00000007a1480000)
  from space 15872K, 99% used [0x00000007a2b00000,0x00000007a3a7aa60,0x00000007a3a80000)
  to   space 23040K, 0% used [0x00000007a1480000,0x00000007a1480000,0x00000007a2b00000)
 ParOldGen       total 54784K, used 39481K [0x0000000740000000, 0x0000000743580000, 0x0000000795580000)
  object space 54784K, 72% used [0x0000000740000000,0x000000074268e580,0x0000000743580000)
 Metaspace       used 32037K, capacity 32836K, committed 33024K, reserved 1079296K
  class space    used 3756K, capacity 3996K, committed 4096K, reserved 1048576K
}
Event: 47.600 GC heap before
{Heap before GC invocations=12 (full 1):
 PSYoungGen      total 211456K, used 211434K [0x0000000795580000, 0x00000007a4c80000, 0x00000007c0000000)
  eden space 195584K, 100% used [0x0000000795580000,0x00000007a1480000,0x00000007a1480000)
  from space 15872K, 99% used [0x00000007a2b00000,0x00000007a3a7aa60,0x00000007a3a80000)
  to   space 23040K, 0% used [0x00000007a1480000,0x00000007a1480000,0x00000007a2b00000)
 ParOldGen       total 54784K, used 39481K [0x0000000740000000, 0x0000000743580000, 0x0000000795580000)
  object space 54784K, 72% used [0x0000000740000000,0x000000074268e580,0x0000000743580000)
 Metaspace       used 32060K, capacity 32836K, committed 33024K, reserved 1079296K
  class space    used 3758K, capacity 3996K, committed 4096K, reserved 1048576K
Event: 47.645 GC heap after
Heap after GC invocations=12 (full 1):
 PSYoungGen      total 218624K, used 23027K [0x0000000795580000, 0x00000007ac480000, 0x00000007c0000000)
  eden space 195584K, 0% used [0x0000000795580000,0x0000000795580000,0x00000007a1480000)
  from space 23040K, 99% used [0x00000007a1480000,0x00000007a2afce58,0x00000007a2b00000)
  to   space 33792K, 0% used [0x00000007aa380000,0x00000007aa380000,0x00000007ac480000)
 ParOldGen       total 59392K, used 58985K [0x0000000740000000, 0x0000000743a00000, 0x0000000795580000)
  object space 59392K, 99% used [0x0000000740000000,0x000000074399a660,0x0000000743a00000)
 Metaspace       used 32060K, capacity 32836K, committed 33024K, reserved 1079296K
  class space    used 3758K, capacity 3996K, committed 4096K, reserved 1048576K
}
Event: 47.645 GC heap before
{Heap before GC invocations=13 (full 2):
 PSYoungGen      total 218624K, used 23027K [0x0000000795580000, 0x00000007ac480000, 0x00000007c0000000)
  eden space 195584K, 0% used [0x0000000795580000,0x0000000795580000,0x00000007a1480000)
  from space 23040K, 99% used [0x00000007a1480000,0x00000007a2afce58,0x00000007a2b00000)
  to   space 33792K, 0% used [0x00000007aa380000,0x00000007aa380000,0x00000007ac480000)
 ParOldGen       total 59392K, used 58985K [0x0000000740000000, 0x0000000743a00000, 0x0000000795580000)
  object space 59392K, 99% used [0x0000000740000000,0x000000074399a660,0x0000000743a00000)
 Metaspace       used 32060K, capacity 32836K, committed 33024K, reserved 1079296K
  class space    used 3758K, capacity 3996K, committed 4096K, reserved 1048576K
Event: 47.790 GC heap after
Heap after GC invocations=13 (full 2):
 PSYoungGen      total 218624K, used 0K [0x0000000795580000, 0x00000007ac480000, 0x00000007c0000000)
  eden space 195584K, 0% used [0x0000000795580000,0x0000000795580000,0x00000007a1480000)
  from space 23040K, 0% used [0x00000007a1480000,0x00000007a1480000,0x00000007a2b00000)
  to   space 33792K, 0% used [0x00000007aa380000,0x00000007aa380000,0x00000007ac480000)
 ParOldGen       total 122880K, used 55043K [0x0000000740000000, 0x0000000747800000, 0x0000000795580000)
  object space 122880K, 44% used [0x0000000740000000,0x00000007435c0ef8,0x0000000747800000)
 Metaspace       used 32060K, capacity 32836K, committed 33024K, reserved 1079296K
  class space    used 3758K, capacity 3996K, committed 4096K, reserved 1048576K
}

Deoptimization events (10 events):
Event: 52.877 Thread 0x00007fa61589f800 Uncommon trap: reason=bimorphic action=maybe_recompile pc=0x000000010b079d64 method=java.util.regex.Pattern$7.isSatisfiedBy(I)Z @ 5
Event: 52.877 Thread 0x00007fa61589f800 Uncommon trap: reason=bimorphic action=maybe_recompile pc=0x000000010b079d64 method=java.util.regex.Pattern$7.isSatisfiedBy(I)Z @ 5
Event: 52.877 Thread 0x00007fa61589f800 Uncommon trap: reason=bimorphic action=maybe_recompile pc=0x000000010b079d64 method=java.util.regex.Pattern$7.isSatisfiedBy(I)Z @ 5
Event: 52.913 Thread 0x00007fa61589f800 Uncommon trap: reason=unstable_if action=reinterpret pc=0x000000010b07b528 method=org.sqlite.SQLiteJDBCLoader.contentsEquals(Ljava/io/InputStream;Ljava/io/InputStream;)Z @ 39
Event: 58.393 Thread 0x00007fa6158ba800 Uncommon trap: reason=unstable_if action=reinterpret pc=0x000000010b4f4320 method=sun.nio.cs.UTF_8$Encoder.encodeArrayLoop(Ljava/nio/CharBuffer;Ljava/nio/ByteBuffer;)Ljava/nio/charset/CoderResult; @ 113
Event: 59.457 Thread 0x00007fa613674000 Uncommon trap: reason=unstable_if action=reinterpret pc=0x000000010acf3664 method=java.lang.CharacterDataLatin1.isWhitespace(I)Z @ 14
Event: 59.458 Thread 0x00007fa613674000 Uncommon trap: reason=bimorphic action=maybe_recompile pc=0x000000010afc95f4 method=java.nio.charset.CharsetEncoder.replaceWith([B)Ljava/nio/charset/CharsetEncoder; @ 53
Event: 59.462 Thread 0x00007fa613674000 Uncommon trap: reason=unstable_if action=reinterpret pc=0x000000010ab10420 method=java.lang.CharacterDataLatin1.isWhitespace(I)Z @ 14
Event: 59.467 Thread 0x00007fa613674000 Uncommon trap: reason=class_check action=maybe_recompile pc=0x000000010b3eefa8 method=java.lang.StringCoding$StringDecoder.decode([BII)[C @ 30
Event: 59.468 Thread 0x00007fa613674000 Uncommon trap: reason=class_check action=maybe_recompile pc=0x000000010b3eefa8 method=java.lang.StringCoding$StringDecoder.decode([BII)[C @ 30

Classes redefined (0 events):
No events

Internal exceptions (10 events):
Event: 7.735 Thread 0x00007fa610005800 Exception <a 'java/lang/NoSuchFieldError': method resolution failed> (0x000000079a7d26f8) thrown at [/Users/java_re/workspace/8-2-build-macosx-x86_64/jdk8u181/11358/hotspot/src/share/vm/prims/methodHandles.cpp, line 1167]
Event: 7.738 Thread 0x00007fa610005800 Exception <a 'java/lang/NoSuchFieldError': method resolution failed> (0x000000079a7dfdb8) thrown at [/Users/java_re/workspace/8-2-build-macosx-x86_64/jdk8u181/11358/hotspot/src/share/vm/prims/methodHandles.cpp, line 1167]
Event: 42.640 Thread 0x00007fa610005800 Implicit null exception at 0x000000010af833f4 to 0x000000010af83d15
Event: 43.465 Thread 0x00007fa610005800 Exception <a 'java/lang/ClassNotFoundException': com/sun/tools/javac/api/JavacTool> (0x0000000796fc8bc0) thrown at [/Users/java_re/workspace/8-2-build-macosx-x86_64/jdk8u181/11358/hotspot/src/share/vm/classfile/systemDictionary.cpp, line 210]
Event: 43.990 Thread 0x00007fa610005800 Exception <a 'java/io/FileNotFoundException'> (0x000000079668ba00) thrown at [/Users/java_re/workspace/8-2-build-macosx-x86_64/jdk8u181/11358/hotspot/src/share/vm/prims/jni.cpp, line 709]
Event: 43.993 Thread 0x00007fa610005800 Exception <a 'java/io/FileNotFoundException'> (0x00000007966c1a48) thrown at [/Users/java_re/workspace/8-2-build-macosx-x86_64/jdk8u181/11358/hotspot/src/share/vm/prims/jni.cpp, line 709]
Event: 45.159 Thread 0x00007fa610005800 Exception <a 'java/io/FileNotFoundException'> (0x000000079a7aa730) thrown at [/Users/java_re/workspace/8-2-build-macosx-x86_64/jdk8u181/11358/hotspot/src/share/vm/prims/jni.cpp, line 709]
Event: 45.768 Thread 0x00007fa612984800 Implicit null exception at 0x000000010a9fc435 to 0x000000010a9fc7f5
Event: 45.768 Thread 0x00007fa612984800 Implicit null exception at 0x000000010a9e11f6 to 0x000000010a9e15b5
Event: 48.370 Thread 0x00007fa612984800 Exception <a 'java/io/FileNotFoundException'> (0x000000079a876510) thrown at [/Users/java_re/workspace/8-2-build-macosx-x86_64/jdk8u181/11358/hotspot/src/share/vm/prims/jni.cpp, line 709]

Events (10 events):
Event: 59.889 Thread 0x00007fa60f84c800 flushing nmethod 0x000000010b5da990
Event: 59.889 Thread 0x00007fa60f84c800 flushing nmethod 0x000000010b602690
Event: 59.949 Executing VM operation: RevokeBias
Event: 59.949 Executing VM operation: RevokeBias done
Event: 59.949 Executing VM operation: RevokeBias
Event: 59.949 Executing VM operation: RevokeBias done
Event: 63.044 Executing VM operation: RevokeBias
Event: 63.044 Executing VM operation: RevokeBias done
Event: 63.087 Executing VM operation: RevokeBias
Event: 63.087 Executing VM operation: RevokeBias done


Dynamic libraries:
0x00007fff3e947000 	/System/Library/Frameworks/Cocoa.framework/Versions/A/Cocoa
0x00007fff4af64000 	/System/Library/Frameworks/Security.framework/Versions/A/Security
0x00007fff3d588000 	/System/Library/Frameworks/ApplicationServices.framework/Versions/A/ApplicationServices
0x00007fff66e94000 	/usr/lib/libz.1.dylib
0x00007fff64dc5000 	/usr/lib/libSystem.B.dylib
0x00007fff6647e000 	/usr/lib/libobjc.A.dylib
0x00007fff3f0fa000 	/System/Library/Frameworks/CoreFoundation.framework/Versions/A/CoreFoundation
0x00007fff4125d000 	/System/Library/Frameworks/Foundation.framework/Versions/C/Foundation
0x00007fff3c6d8000 	/System/Library/Frameworks/AppKit.framework/Versions/C/AppKit
0x00007fff3ecbf000 	/System/Library/Frameworks/CoreData.framework/Versions/A/CoreData
0x00007fff5e67e000 	/System/Library/PrivateFrameworks/RemoteViewServices.framework/Versions/A/RemoteViewServices
0x00007fff62df7000 	/System/Library/PrivateFrameworks/UIFoundation.framework/Versions/A/UIFoundation
0x00007fff5347a000 	/System/Library/PrivateFrameworks/DFRFoundation.framework/Versions/A/DFRFoundation
0x00007fff438c9000 	/System/Library/Frameworks/Metal.framework/Versions/A/Metal
0x00007fff53617000 	/System/Library/PrivateFrameworks/DesktopServicesPriv.framework/Versions/A/DesktopServicesPriv
0x00007fff659cb000 	/usr/lib/libenergytrace.dylib
0x00007fff60e63000 	/System/Library/PrivateFrameworks/SkyLight.framework/Versions/A/SkyLight
0x00007fff3f59e000 	/System/Library/Frameworks/CoreGraphics.framework/Versions/A/CoreGraphics
0x00007fff64dc0000 	/usr/lib/libScreenReader.dylib
0x00007fff3b672000 	/System/Library/Frameworks/Accelerate.framework/Versions/A/Accelerate
0x00007fff419d7000 	/System/Library/Frameworks/IOSurface.framework/Versions/A/IOSurface
0x00007fff3dad2000 	/System/Library/Frameworks/AudioToolbox.framework/Versions/A/AudioToolbox
0x00007fff3dd62000 	/System/Library/Frameworks/AudioUnit.framework/Versions/A/AudioUnit
0x00007fff53512000 	/System/Library/PrivateFrameworks/DataDetectorsCore.framework/Versions/A/DataDetectorsCore
0x00007fff3e43a000 	/System/Library/Frameworks/Carbon.framework/Versions/A/Frameworks/HIToolbox.framework/Versions/A/HIToolbox
0x00007fff65b25000 	/usr/lib/libicucore.A.dylib
0x00007fff4a4e1000 	/System/Library/Frameworks/QuartzCore.framework/Versions/A/QuartzCore
0x00007fff60105000 	/System/Library/PrivateFrameworks/SignpostNotification.framework/Versions/A/SignpostNotification
0x00007fff3e820000 	/System/Library/Frameworks/Carbon.framework/Versions/A/Frameworks/SpeechRecognition.framework/Versions/A/SpeechRecognition
0x00007fff64f21000 	/usr/lib/libauto.dylib
0x00007fff66d83000 	/usr/lib/libxml2.2.dylib
0x00007fff530ca000 	/System/Library/PrivateFrameworks/CoreUI.framework/Versions/A/CoreUI
0x00007fff3eb9b000 	/System/Library/Frameworks/CoreAudio.framework/Versions/A/CoreAudio
0x00007fff41097000 	/System/Library/Frameworks/DiskArbitration.framework/Versions/A/DiskArbitration
0x00007fff65d99000 	/usr/lib/liblangid.dylib
0x00007fff5ab81000 	/System/Library/PrivateFrameworks/MultitouchSupport.framework/Versions/A/MultitouchSupport
0x00007fff4193a000 	/System/Library/Frameworks/IOKit.framework/Versions/A/IOKit
0x00007fff64a4f000 	/usr/lib/libDiagnosticMessagesClient.dylib
0x00007fff40274000 	/System/Library/Frameworks/CoreServices.framework/Versions/A/CoreServices
0x00007fff5c6b6000 	/System/Library/PrivateFrameworks/PerformanceAnalysis.framework/Versions/A/PerformanceAnalysis
0x00007fff49683000 	/System/Library/Frameworks/OpenGL.framework/Versions/A/OpenGL
0x00007fff3e955000 	/System/Library/Frameworks/ColorSync.framework/Versions/A/ColorSync
0x00007fff3fbb0000 	/System/Library/Frameworks/CoreImage.framework/Versions/A/CoreImage
0x00007fff40c05000 	/System/Library/Frameworks/CoreText.framework/Versions/A/CoreText
0x00007fff41a35000 	/System/Library/Frameworks/ImageIO.framework/Versions/A/ImageIO
0x00007fff4fd76000 	/System/Library/PrivateFrameworks/Backup.framework/Versions/A/Backup
0x00007fff64e71000 	/usr/lib/libarchive.2.dylib
0x00007fff3e085000 	/System/Library/Frameworks/CFNetwork.framework/Versions/A/CFNetwork
0x00007fff4b6f7000 	/System/Library/Frameworks/SystemConfiguration.framework/Versions/A/SystemConfiguration
0x00007fff64978000 	/usr/lib/libCRFSuite.dylib
0x00007fff64ffa000 	/usr/lib/libc++.1.dylib
0x00007fff65051000 	/usr/lib/libc++abi.dylib
0x00007fff66f42000 	/usr/lib/system/libcache.dylib
0x00007fff66f47000 	/usr/lib/system/libcommonCrypto.dylib
0x00007fff66f52000 	/usr/lib/system/libcompiler_rt.dylib
0x00007fff66f5a000 	/usr/lib/system/libcopyfile.dylib
0x00007fff66f64000 	/usr/lib/system/libcorecrypto.dylib
0x00007fff67071000 	/usr/lib/system/libdispatch.dylib
0x00007fff670ab000 	/usr/lib/system/libdyld.dylib
0x00007fff670c9000 	/usr/lib/system/libkeymgr.dylib
0x00007fff670d7000 	/usr/lib/system/liblaunch.dylib
0x00007fff670d8000 	/usr/lib/system/libmacho.dylib
0x00007fff670dd000 	/usr/lib/system/libquarantine.dylib
0x00007fff670e0000 	/usr/lib/system/libremovefile.dylib
0x00007fff670e2000 	/usr/lib/system/libsystem_asl.dylib
0x00007fff670fa000 	/usr/lib/system/libsystem_blocks.dylib
0x00007fff670fb000 	/usr/lib/system/libsystem_c.dylib
0x00007fff67185000 	/usr/lib/system/libsystem_configuration.dylib
0x00007fff67189000 	/usr/lib/system/libsystem_coreservices.dylib
0x00007fff6718d000 	/usr/lib/system/libsystem_darwin.dylib
0x00007fff6718f000 	/usr/lib/system/libsystem_dnssd.dylib
0x00007fff67196000 	/usr/lib/system/libsystem_info.dylib
0x00007fff67207000 	/usr/lib/system/libsystem_m.dylib
0x00007fff67253000 	/usr/lib/system/libsystem_malloc.dylib
0x00007fff67273000 	/usr/lib/system/libsystem_network.dylib
0x00007fff673a4000 	/usr/lib/system/libsystem_networkextension.dylib
0x00007fff673af000 	/usr/lib/system/libsystem_notify.dylib
0x00007fff673cd000 	/usr/lib/system/libsystem_sandbox.dylib
0x00007fff673d1000 	/usr/lib/system/libsystem_secinit.dylib
0x00007fff671e0000 	/usr/lib/system/libsystem_kernel.dylib
0x00007fff673b9000 	/usr/lib/system/libsystem_platform.dylib
0x00007fff673c1000 	/usr/lib/system/libsystem_pthread.dylib
0x00007fff673d3000 	/usr/lib/system/libsystem_symptoms.dylib
0x00007fff673db000 	/usr/lib/system/libsystem_trace.dylib
0x00007fff673f0000 	/usr/lib/system/libunwind.dylib
0x00007fff673f6000 	/usr/lib/system/libxpc.dylib
0x00007fff6488b000 	/usr/lib/closure/libclosured.dylib
0x00007fff64fdb000 	/usr/lib/libbsm.0.dylib
0x00007fff670ca000 	/usr/lib/system/libkxld.dylib
0x00007fff64c89000 	/usr/lib/libOpenScriptingUtil.dylib
0x00007fff6534a000 	/usr/lib/libcoretls.dylib
0x00007fff65363000 	/usr/lib/libcoretls_cfhelpers.dylib
0x00007fff6687f000 	/usr/lib/libpam.2.dylib
0x00007fff669a6000 	/usr/lib/libsqlite3.dylib
0x00007fff66d72000 	/usr/lib/libxar.1.dylib
0x00007fff64fec000 	/usr/lib/libbz2.1.0.dylib
0x00007fff65d9b000 	/usr/lib/liblzma.5.dylib
0x00007fff6627c000 	/usr/lib/libnetwork.dylib
0x00007fff64e5a000 	/usr/lib/libapple_nghttp2.dylib
0x00007fff66886000 	/usr/lib/libpcap.A.dylib
0x00007fff64f22000 	/usr/lib/libboringssl.dylib
0x00007fff66d0d000 	/usr/lib/libusrtcp.dylib
0x00007fff64e59000 	/usr/lib/libapple_crypto.dylib
0x00007fff405f7000 	/System/Library/Frameworks/CoreServices.framework/Versions/A/Frameworks/FSEvents.framework/Versions/A/FSEvents
0x00007fff402ea000 	/System/Library/Frameworks/CoreServices.framework/Versions/A/Frameworks/CarbonCore.framework/Versions/A/CarbonCore
0x00007fff407bf000 	/System/Library/Frameworks/CoreServices.framework/Versions/A/Frameworks/Metadata.framework/Versions/A/Metadata
0x00007fff40870000 	/System/Library/Frameworks/CoreServices.framework/Versions/A/Frameworks/OSServices.framework/Versions/A/OSServices
0x00007fff408d1000 	/System/Library/Frameworks/CoreServices.framework/Versions/A/Frameworks/SearchKit.framework/Versions/A/SearchKit
0x00007fff40275000 	/System/Library/Frameworks/CoreServices.framework/Versions/A/Frameworks/AE.framework/Versions/A/AE
0x00007fff40600000 	/System/Library/Frameworks/CoreServices.framework/Versions/A/Frameworks/LaunchServices.framework/Versions/A/LaunchServices
0x00007fff405c2000 	/System/Library/Frameworks/CoreServices.framework/Versions/A/Frameworks/DictionaryServices.framework/Versions/A/DictionaryServices
0x00007fff40940000 	/System/Library/Frameworks/CoreServices.framework/Versions/A/Frameworks/SharedFileList.framework/Versions/A/SharedFileList
0x00007fff44aff000 	/System/Library/Frameworks/NetFS.framework/Versions/A/NetFS
0x00007fff5ae12000 	/System/Library/PrivateFrameworks/NetAuth.framework/Versions/A/NetAuth
0x00007fff64722000 	/System/Library/PrivateFrameworks/login.framework/Versions/A/Frameworks/loginsupport.framework/Versions/A/loginsupport
0x00007fff62a74000 	/System/Library/PrivateFrameworks/TCC.framework/Versions/A/TCC
0x00007fff65e7c000 	/usr/lib/libmecabra.dylib
0x00007fff3d589000 	/System/Library/Frameworks/ApplicationServices.framework/Versions/A/Frameworks/ATS.framework/Versions/A/ATS
0x00007fff3d937000 	/System/Library/Frameworks/ApplicationServices.framework/Versions/A/Frameworks/ColorSyncLegacy.framework/Versions/A/ColorSyncLegacy
0x00007fff3d9db000 	/System/Library/Frameworks/ApplicationServices.framework/Versions/A/Frameworks/HIServices.framework/Versions/A/HIServices
0x00007fff3da2e000 	/System/Library/Frameworks/ApplicationServices.framework/Versions/A/Frameworks/LangAnalysis.framework/Versions/A/LangAnalysis
0x00007fff3da3d000 	/System/Library/Frameworks/ApplicationServices.framework/Versions/A/Frameworks/PrintCore.framework/Versions/A/PrintCore
0x00007fff3da8a000 	/System/Library/Frameworks/ApplicationServices.framework/Versions/A/Frameworks/QD.framework/Versions/A/QD
0x00007fff3dac5000 	/System/Library/Frameworks/ApplicationServices.framework/Versions/A/Frameworks/SpeechSynthesis.framework/Versions/A/SpeechSynthesis
0x00007fff3f016000 	/System/Library/Frameworks/CoreDisplay.framework/Versions/A/CoreDisplay
0x00007fff3b68a000 	/System/Library/Frameworks/Accelerate.framework/Versions/A/Frameworks/vImage.framework/Versions/A/vImage
0x00007fff3c3e4000 	/System/Library/Frameworks/Accelerate.framework/Versions/A/Frameworks/vecLib.framework/Versions/A/vecLib
0x00007fff3c184000 	/System/Library/Frameworks/Accelerate.framework/Versions/A/Frameworks/vecLib.framework/Versions/A/libvDSP.dylib
0x00007fff3bce4000 	/System/Library/Frameworks/Accelerate.framework/Versions/A/Frameworks/vecLib.framework/Versions/A/libBNNS.dylib
0x00007fff3c0e9000 	/System/Library/Frameworks/Accelerate.framework/Versions/A/Frameworks/vecLib.framework/Versions/A/libQuadrature.dylib
0x00007fff3c332000 	/System/Library/Frameworks/Accelerate.framework/Versions/A/Frameworks/vecLib.framework/Versions/A/libvMisc.dylib
0x00007fff3bd13000 	/System/Library/Frameworks/Accelerate.framework/Versions/A/Frameworks/vecLib.framework/Versions/A/libLAPACK.dylib
0x00007fff3bb89000 	/System/Library/Frameworks/Accelerate.framework/Versions/A/Frameworks/vecLib.framework/Versions/A/libBLAS.dylib
0x00007fff3c0d3000 	/System/Library/Frameworks/Accelerate.framework/Versions/A/Frameworks/vecLib.framework/Versions/A/libLinearAlgebra.dylib
0x00007fff3c0ef000 	/System/Library/Frameworks/Accelerate.framework/Versions/A/Frameworks/vecLib.framework/Versions/A/libSparse.dylib
0x00007fff3c170000 	/System/Library/Frameworks/Accelerate.framework/Versions/A/Frameworks/vecLib.framework/Versions/A/libSparseBLAS.dylib
0x00007fff57c51000 	/System/Library/PrivateFrameworks/GPUWrangler.framework/Versions/A/GPUWrangler
0x00007fff593e2000 	/System/Library/PrivateFrameworks/IOAccelerator.framework/Versions/A/IOAccelerator
0x00007fff593ed000 	/System/Library/PrivateFrameworks/IOPresentment.framework/Versions/A/IOPresentment
0x00007fff5348c000 	/System/Library/PrivateFrameworks/DSExternalDisplay.framework/Versions/A/DSExternalDisplay
0x00007fff48b02000 	/System/Library/Frameworks/OpenGL.framework/Versions/A/Libraries/libCoreFSCache.dylib
0x00007fff40d56000 	/System/Library/Frameworks/CoreVideo.framework/Versions/A/CoreVideo
0x00007fff589cc000 	/System/Library/PrivateFrameworks/GraphVisualizer.framework/Versions/A/GraphVisualizer
0x00007fff43b00000 	/System/Library/Frameworks/MetalPerformanceShaders.framework/Versions/A/MetalPerformanceShaders
0x00007fff64a87000 	/usr/lib/libFosl_dynamic.dylib
0x00007fff5455b000 	/System/Library/PrivateFrameworks/FaceCore.framework/Versions/A/FaceCore
0x00007fff478fd000 	/System/Library/Frameworks/OpenCL.framework/Versions/A/OpenCL
0x00007fff65088000 	/usr/lib/libcompression.dylib
0x00007fff3d688000 	/System/Library/Frameworks/ApplicationServices.framework/Versions/A/Frameworks/ATS.framework/Versions/A/Resources/libFontParser.dylib
0x00007fff3d7ab000 	/System/Library/Frameworks/ApplicationServices.framework/Versions/A/Frameworks/ATS.framework/Versions/A/Resources/libFontRegistry.dylib
0x00007fff41c9d000 	/System/Library/Frameworks/ImageIO.framework/Versions/A/Resources/libJPEG.dylib
0x00007fff41fc6000 	/System/Library/Frameworks/ImageIO.framework/Versions/A/Resources/libTIFF.dylib
0x00007fff41f9c000 	/System/Library/Frameworks/ImageIO.framework/Versions/A/Resources/libPng.dylib
0x00007fff41bb0000 	/System/Library/Frameworks/ImageIO.framework/Versions/A/Resources/libGIF.dylib
0x00007fff41bb5000 	/System/Library/Frameworks/ImageIO.framework/Versions/A/Resources/libJP2.dylib
0x00007fff41fc3000 	/System/Library/Frameworks/ImageIO.framework/Versions/A/Resources/libRadiance.dylib
0x00007fff4f4a0000 	/System/Library/PrivateFrameworks/AppleJPEG.framework/Versions/A/AppleJPEG
0x00007fff43967000 	/System/Library/Frameworks/MetalPerformanceShaders.framework/Frameworks/MPSCore.framework/Versions/A/MPSCore
0x00007fff43983000 	/System/Library/Frameworks/MetalPerformanceShaders.framework/Frameworks/MPSImage.framework/Versions/A/MPSImage
0x00007fff43a18000 	/System/Library/Frameworks/MetalPerformanceShaders.framework/Frameworks/MPSNeuralNetwork.framework/Versions/A/MPSNeuralNetwork
0x00007fff439f3000 	/System/Library/Frameworks/MetalPerformanceShaders.framework/Frameworks/MPSMatrix.framework/Versions/A/MPSMatrix
0x00007fff5a8e3000 	/System/Library/PrivateFrameworks/MetalTools.framework/Versions/A/MetalTools
0x00007fff48ccd000 	/System/Library/Frameworks/OpenGL.framework/Versions/A/Libraries/libGLU.dylib
0x00007fff48b0d000 	/System/Library/Frameworks/OpenGL.framework/Versions/A/Libraries/libGFXShared.dylib
0x00007fff48b17000 	/System/Library/Frameworks/OpenGL.framework/Versions/A/Libraries/libGL.dylib
0x00007fff48b23000 	/System/Library/Frameworks/OpenGL.framework/Versions/A/Libraries/libGLImage.dylib
0x00007fff48aff000 	/System/Library/Frameworks/OpenGL.framework/Versions/A/Libraries/libCVMSPluginSupport.dylib
0x00007fff48b08000 	/System/Library/Frameworks/OpenGL.framework/Versions/A/Libraries/libCoreVMClient.dylib
0x00007fff65835000 	/usr/lib/libcups.2.dylib
0x00007fff42ece000 	/System/Library/Frameworks/Kerberos.framework/Versions/A/Kerberos
0x00007fff41694000 	/System/Library/Frameworks/GSS.framework/Versions/A/GSS
0x00007fff66939000 	/usr/lib/libresolv.9.dylib
0x00007fff65a33000 	/usr/lib/libiconv.2.dylib
0x00007fff58a5e000 	/System/Library/PrivateFrameworks/Heimdal.framework/Versions/A/Heimdal
0x00007fff65a02000 	/usr/lib/libheimdal-asn1.dylib
0x00007fff47975000 	/System/Library/Frameworks/OpenDirectory.framework/Versions/A/OpenDirectory
0x00007fff517b7000 	/System/Library/PrivateFrameworks/CommonAuth.framework/Versions/A/CommonAuth
0x00007fff47958000 	/System/Library/Frameworks/OpenDirectory.framework/Versions/A/Frameworks/CFOpenDirectory.framework/Versions/A/CFOpenDirectory
0x00007fff4b290000 	/System/Library/Frameworks/SecurityFoundation.framework/Versions/A/SecurityFoundation
0x00007fff4e664000 	/System/Library/PrivateFrameworks/APFS.framework/Versions/A/APFS
0x00007fff66d6e000 	/usr/lib/libutil.dylib
0x00007fff4f523000 	/System/Library/PrivateFrameworks/AppleSauce.framework/Versions/A/AppleSauce
0x00007fff59bca000 	/System/Library/PrivateFrameworks/LinguisticData.framework/Versions/A/LinguisticData
0x00007fff65db5000 	/usr/lib/libmarisa.dylib
0x00007fff59b84000 	/System/Library/PrivateFrameworks/Lexicon.framework/Versions/A/Lexicon
0x00007fff649b2000 	/usr/lib/libChineseTokenizer.dylib
0x00007fff65077000 	/usr/lib/libcmph.dylib
0x00007fff59a8e000 	/System/Library/PrivateFrameworks/LanguageModeling.framework/Versions/A/LanguageModeling
0x00007fff522d4000 	/System/Library/PrivateFrameworks/CoreEmoji.framework/Versions/A/CoreEmoji
0x00007fff4b34e000 	/System/Library/Frameworks/ServiceManagement.framework/Versions/A/ServiceManagement
0x00007fff4fd6e000 	/System/Library/PrivateFrameworks/BackgroundTaskManagement.framework/Versions/A/BackgroundTaskManagement
0x00007fff66e6b000 	/usr/lib/libxslt.1.dylib
0x00007fff3e74a000 	/System/Library/Frameworks/Carbon.framework/Versions/A/Frameworks/Ink.framework/Versions/A/Ink
0x00007fff62c89000 	/System/Library/PrivateFrameworks/TextureIO.framework/Versions/A/TextureIO
0x00007fff64e9c000 	/usr/lib/libate.dylib
0x00007fff533eb000 	/System/Library/PrivateFrameworks/CrashReporterSupport.framework/Versions/A/CrashReporterSupport
0x00007fff5ffc5000 	/System/Library/PrivateFrameworks/Sharing.framework/Versions/A/Sharing
0x00007fff597cf000 	/System/Library/PrivateFrameworks/IconServices.framework/Versions/A/IconServices
0x00007fff4f99e000 	/System/Library/PrivateFrameworks/AuthKit.framework/Versions/A/AuthKit
0x00007fff4f323000 	/System/Library/PrivateFrameworks/Apple80211.framework/Versions/A/Apple80211
0x00007fff53200000 	/System/Library/PrivateFrameworks/CoreUtils.framework/Versions/A/CoreUtils
0x00007fff40d91000 	/System/Library/Frameworks/CoreWLAN.framework/Versions/A/CoreWLAN
0x00007fff417d6000 	/System/Library/Frameworks/IOBluetooth.framework/Versions/A/IOBluetooth
0x00007fff5e485000 	/System/Library/PrivateFrameworks/ProtocolBuffer.framework/Versions/A/ProtocolBuffer
0x00007fff5aadc000 	/System/Library/PrivateFrameworks/MobileKeyBag.framework/Versions/A/MobileKeyBag
0x00007fff52a78000 	/System/Library/PrivateFrameworks/CorePhoneNumbers.framework/Versions/A/CorePhoneNumbers
0x00007fff4f45b000 	/System/Library/PrivateFrameworks/AppleIDAuthSupport.framework/Versions/A/AppleIDAuthSupport
0x00007fff59a7a000 	/System/Library/PrivateFrameworks/KeychainCircle.framework/Versions/A/KeychainCircle
0x00007fff53386000 	/System/Library/PrivateFrameworks/CoreWiFi.framework/Versions/A/CoreWiFi
0x00007fff3ec95000 	/System/Library/Frameworks/CoreBluetooth.framework/Versions/A/CoreBluetooth
0x00007fff535d6000 	/System/Library/PrivateFrameworks/DebugSymbols.framework/Versions/A/DebugSymbols
0x00007fff52fb6000 	/System/Library/PrivateFrameworks/CoreSymbolication.framework/Versions/A/CoreSymbolication
0x00007fff6247b000 	/System/Library/PrivateFrameworks/Symbolication.framework/Versions/A/Symbolication
0x00007fff4f34d000 	/System/Library/PrivateFrameworks/AppleFSCompression.framework/Versions/A/AppleFSCompression
0x00007fff618c8000 	/System/Library/PrivateFrameworks/SpeechRecognitionCore.framework/Versions/A/SpeechRecognitionCore
0x0000000109800000 	/Library/Java/JavaVirtualMachines/jdk1.8.0_181.jdk/Contents/Home/jre/lib/server/libjvm.dylib
0x00007fff66c3b000 	/usr/lib/libstdc++.6.0.9.dylib
0x000000010894c000 	/Library/Java/JavaVirtualMachines/jdk1.8.0_181.jdk/Contents/Home/jre/lib/libverify.dylib
0x000000010895a000 	/Library/Java/JavaVirtualMachines/jdk1.8.0_181.jdk/Contents/Home/jre/lib/libjava.dylib
0x00000001089da000 	/Library/Java/JavaVirtualMachines/jdk1.8.0_181.jdk/Contents/Home/jre/lib/libzip.dylib
0x0000000121619000 	/Applications/apache-maven-3.6.1/lib/jansi-native/osx/libjansi.jnilib
0x00000001217b1000 	/Library/Java/JavaVirtualMachines/jdk1.8.0_181.jdk/Contents/Home/jre/lib/libnet.dylib
0x00000001217c8000 	/Library/Java/JavaVirtualMachines/jdk1.8.0_181.jdk/Contents/Home/jre/lib/libnio.dylib
0x0000000121886000 	/Library/Java/JavaVirtualMachines/jdk1.8.0_181.jdk/Contents/Home/jre/lib/libmanagement.dylib
0x000000012394a000 	/private/var/folders/6s/t_70j0c900v0zmz1plggxxkr0000gn/T/sqlite-3.27.2.1-196c9e84-0e2b-43a1-8595-06460497a929-libsqlitejdbc.jnilib

VM Arguments:
jvm_args: -Dclassworlds.conf=/Applications/apache-maven-3.6.1/bin/m2.conf -Dmaven.home=/Applications/apache-maven-3.6.1 -Dlibrary.jansi.path=/Applications/apache-maven-3.6.1/lib/jansi-native -Dmaven.multiModuleProjectDirectory=/Users/logancorey/Documents/Chatbot/c01summer2019groupproject14/chatbot 
java_command: org.codehaus.plexus.classworlds.launcher.Launcher tomcat7:run
java_class_path (initial): /Applications/apache-maven-3.6.1/boot/plexus-classworlds-2.6.0.jar
Launcher Type: SUN_STANDARD

Environment Variables:
PATH=/Applications/anaconda3/bin:/Applications/anaconda3/condabin:/Users/logancorey/.rvm/gems/ruby-2.6.0/bin:/Users/logancorey/.rvm/gems/ruby-2.6.0@global/bin:/Users/logancorey/.rvm/rubies/ruby-2.6.0/bin:/usr/local/opt/ruby/bin:/Library/Frameworks/Python.framework/Versions/3.7/bin:/Applications/apache-maven-3.6.1/bin:/Library/Frameworks/Python.framework/Versions/3.7/bin:/usr/local/bin:/usr/bin:/bin:/usr/sbin:/sbin:/usr/local/share/dotnet:~/.dotnet/tools:/Library/Frameworks/Mono.framework/Versions/Current/Commands:/Applications/Xamarin Workbooks.app/Contents/SharedSupport/path-bin:/Users/logancorey/.rvm/bin
SHELL=/bin/bash

Signal Handlers:
SIGSEGV: [libjvm.dylib+0x5b6029], sa_mask[0]=11111111011111110111111111111111, sa_flags=SA_ONSTACK|SA_RESTART|SA_SIGINFO
SIGBUS: [libjvm.dylib+0x5b6029], sa_mask[0]=11111111011111110111111111111111, sa_flags=SA_RESTART|SA_SIGINFO
SIGFPE: [libjvm.dylib+0x48b934], sa_mask[0]=11111111011111110111111111111111, sa_flags=SA_RESTART|SA_SIGINFO
SIGPIPE: [libjvm.dylib+0x48b934], sa_mask[0]=11111111011111110111111111111111, sa_flags=SA_RESTART|SA_SIGINFO
SIGXFSZ: [libjvm.dylib+0x48b934], sa_mask[0]=11111111011111110111111111111111, sa_flags=SA_RESTART|SA_SIGINFO
SIGILL: [libjvm.dylib+0x48b934], sa_mask[0]=11111111011111110111111111111111, sa_flags=SA_RESTART|SA_SIGINFO
SIGUSR1: SIG_DFL, sa_mask[0]=11011111011111100000000111000110, sa_flags=none
SIGUSR2: [libjvm.dylib+0x48b452], sa_mask[0]=00000000000000000000000000000000, sa_flags=SA_RESTART|SA_SIGINFO
SIGHUP: [libjvm.dylib+0x489a1d], sa_mask[0]=11111111011111110111111111111111, sa_flags=SA_RESTART|SA_SIGINFO
SIGINT: [libjvm.dylib+0x489a1d], sa_mask[0]=11111111011111110111111111111111, sa_flags=SA_RESTART|SA_SIGINFO
SIGTERM: [libjvm.dylib+0x489a1d], sa_mask[0]=11111111011111110111111111111111, sa_flags=SA_RESTART|SA_SIGINFO
SIGQUIT: [libjvm.dylib+0x489a1d], sa_mask[0]=11111111011111110111111111111111, sa_flags=SA_RESTART|SA_SIGINFO


---------------  S Y S T E M  ---------------

OS:Bsduname:Darwin 17.7.0 Darwin Kernel Version 17.7.0: Wed Apr 24 21:17:24 PDT 2019; root:xnu-4570.71.45~1/RELEASE_X86_64 x86_64
rlimit: STACK 8192k, CORE 0k, NPROC 709, NOFILE 10240, AS infinity
load average:5.72 3.99 3.54

CPU:total 4 (initial active 4) (2 cores per cpu, 2 threads per core) family 6 model 142 stepping 9, cmov, cx8, fxsr, mmx, sse, sse2, sse3, ssse3, sse4.1, sse4.2, popcnt, avx, avx2, aes, clmul, erms, 3dnowpref, lzcnt, ht, tsc, tscinvbit, bmi1, bmi2, adx

Memory: 4k page, physical 8388608k(135800k free)

/proc/meminfo:


vm_info: Java HotSpot(TM) 64-Bit Server VM (25.181-b13) for bsd-amd64 JRE (1.8.0_181-b13), built on Jul  7 2018 01:02:31 by "java_re" with gcc 4.2.1 (Based on Apple Inc. build 5658) (LLVM build 2336.11.00)

time: Fri Jul 12 00:29:24 2019
elapsed time: 63 seconds (0d 0h 1m 3s)

